2026-05-08T12:04:34.6699084+08:00	prometheus-86b6ff97dc-txzfg           2m    36Mi   
2026-05-08T12:04:34.6699084+08:00	prometheus-adapter-7d7697f86c-szs26   4m    27Mi   
2026-05-08T12:04:34.6699084+08:00	sample-api-67b9868b9c-dvpx2           1m    11Mi   
2026-05-08T12:04:34.6699084+08:00	sample-api-67b9868b9c-fq8k4           1m    13Mi   
2026-05-08T12:04:34.6699084+08:00	sample-api-67b9868b9c-lhbdn           1m    13Mi   
2026-05-08T12:04:34.6699084+08:00	sample-api-67b9868b9c-mkrjc           1m    13Mi   
2026-05-08T12:04:34.6699084+08:00	sample-api-67b9868b9c-nzkbb           1m    13Mi   
2026-05-08T12:04:44.7782779+08:00	prometheus-86b6ff97dc-txzfg           2m    36Mi   
2026-05-08T12:04:44.7782779+08:00	prometheus-adapter-7d7697f86c-szs26   3m    27Mi   
2026-05-08T12:04:44.7782779+08:00	sample-api-67b9868b9c-dvpx2           47m   12Mi   
2026-05-08T12:04:44.7782779+08:00	sample-api-67b9868b9c-fq8k4           1m    13Mi   
2026-05-08T12:04:44.7782779+08:00	sample-api-67b9868b9c-lhbdn           1m    13Mi   
2026-05-08T12:04:44.7782779+08:00	sample-api-67b9868b9c-mkrjc           1m    13Mi   
2026-05-08T12:04:44.7782779+08:00	sample-api-67b9868b9c-nzkbb           1m    13Mi   
2026-05-08T12:04:55.1883499+08:00	prometheus-86b6ff97dc-txzfg           2m    36Mi   
2026-05-08T12:04:55.1883499+08:00	prometheus-adapter-7d7697f86c-szs26   3m    27Mi   
2026-05-08T12:04:55.1883499+08:00	sample-api-67b9868b9c-dvpx2           47m   12Mi   
2026-05-08T12:04:55.1883499+08:00	sample-api-67b9868b9c-fq8k4           1m    13Mi   
2026-05-08T12:04:55.1883499+08:00	sample-api-67b9868b9c-lhbdn           1m    13Mi   
2026-05-08T12:04:55.1883499+08:00	sample-api-67b9868b9c-mkrjc           1m    13Mi   
2026-05-08T12:04:55.1883499+08:00	sample-api-67b9868b9c-nzkbb           1m    13Mi   
2026-05-08T12:05:05.4802661+08:00	prometheus-86b6ff97dc-txzfg           2m     36Mi   
2026-05-08T12:05:05.4802661+08:00	prometheus-adapter-7d7697f86c-szs26   3m     27Mi   
2026-05-08T12:05:05.4802661+08:00	sample-api-67b9868b9c-dvpx2           148m   11Mi   
2026-05-08T12:05:05.4802661+08:00	sample-api-67b9868b9c-fq8k4           1m     13Mi   
2026-05-08T12:05:05.4802661+08:00	sample-api-67b9868b9c-lhbdn           1m     13Mi   
2026-05-08T12:05:05.4802661+08:00	sample-api-67b9868b9c-mkrjc           12m    15Mi   
2026-05-08T12:05:05.4802661+08:00	sample-api-67b9868b9c-nzkbb           1m     13Mi   
2026-05-08T12:05:15.7708018+08:00	prometheus-86b6ff97dc-txzfg           2m     36Mi   
2026-05-08T12:05:15.7708018+08:00	prometheus-adapter-7d7697f86c-szs26   3m     27Mi   
2026-05-08T12:05:15.7708018+08:00	sample-api-67b9868b9c-dvpx2           166m   12Mi   
2026-05-08T12:05:15.7708018+08:00	sample-api-67b9868b9c-fq8k4           1m     13Mi   
2026-05-08T12:05:15.7708018+08:00	sample-api-67b9868b9c-lhbdn           1m     13Mi   
2026-05-08T12:05:15.7708018+08:00	sample-api-67b9868b9c-mkrjc           1m     15Mi   
2026-05-08T12:05:15.7708018+08:00	sample-api-67b9868b9c-nzkbb           1m     13Mi   
2026-05-08T12:05:25.9829498+08:00	prometheus-86b6ff97dc-txzfg           2m     36Mi   
2026-05-08T12:05:25.9829498+08:00	prometheus-adapter-7d7697f86c-szs26   3m     27Mi   
2026-05-08T12:05:25.9829498+08:00	sample-api-67b9868b9c-dvpx2           166m   12Mi   
2026-05-08T12:05:25.9829498+08:00	sample-api-67b9868b9c-fq8k4           1m     13Mi   
2026-05-08T12:05:25.9829498+08:00	sample-api-67b9868b9c-lhbdn           1m     13Mi   
2026-05-08T12:05:25.9829498+08:00	sample-api-67b9868b9c-mkrjc           1m     15Mi   
2026-05-08T12:05:25.9829498+08:00	sample-api-67b9868b9c-nzkbb           1m     13Mi   
2026-05-08T12:05:36.3765195+08:00	prometheus-86b6ff97dc-txzfg           3m     36Mi   
2026-05-08T12:05:36.3765195+08:00	prometheus-adapter-7d7697f86c-szs26   4m     27Mi   
2026-05-08T12:05:36.3765195+08:00	sample-api-67b9868b9c-dvpx2           165m   11Mi   
2026-05-08T12:05:36.3765195+08:00	sample-api-67b9868b9c-fq8k4           2m     13Mi   
2026-05-08T12:05:36.3765195+08:00	sample-api-67b9868b9c-lhbdn           1m     13Mi   
2026-05-08T12:05:36.3765195+08:00	sample-api-67b9868b9c-mkrjc           3m     15Mi   
2026-05-08T12:05:36.3765195+08:00	sample-api-67b9868b9c-nzkbb           1m     13Mi   
2026-05-08T12:05:46.6730230+08:00	prometheus-86b6ff97dc-txzfg           4m     36Mi   
2026-05-08T12:05:46.6730230+08:00	prometheus-adapter-7d7697f86c-szs26   3m     27Mi   
2026-05-08T12:05:46.6730230+08:00	sample-api-67b9868b9c-dvpx2           163m   12Mi   
2026-05-08T12:05:46.6730230+08:00	sample-api-67b9868b9c-fq8k4           1m     13Mi   
2026-05-08T12:05:46.6730230+08:00	sample-api-67b9868b9c-lhbdn           1m     13Mi   
2026-05-08T12:05:46.6730230+08:00	sample-api-67b9868b9c-mkrjc           1m     15Mi   
2026-05-08T12:05:46.6730230+08:00	sample-api-67b9868b9c-nzkbb           1m     13Mi   
2026-05-08T12:05:56.9692072+08:00	prometheus-86b6ff97dc-txzfg           3m     36Mi   
2026-05-08T12:05:56.9692072+08:00	prometheus-adapter-7d7697f86c-szs26   3m     27Mi   
2026-05-08T12:05:56.9692072+08:00	sample-api-67b9868b9c-dvpx2           166m   12Mi   
2026-05-08T12:05:56.9692072+08:00	sample-api-67b9868b9c-fq8k4           1m     13Mi   
2026-05-08T12:05:56.9692072+08:00	sample-api-67b9868b9c-lhbdn           1m     13Mi   
2026-05-08T12:05:56.9692072+08:00	sample-api-67b9868b9c-mkrjc           2m     15Mi   
2026-05-08T12:05:56.9692072+08:00	sample-api-67b9868b9c-nzkbb           1m     13Mi   
2026-05-08T12:06:07.3739679+08:00	prometheus-86b6ff97dc-txzfg           3m     36Mi   
2026-05-08T12:06:07.3739679+08:00	prometheus-adapter-7d7697f86c-szs26   3m     27Mi   
2026-05-08T12:06:07.3739679+08:00	sample-api-67b9868b9c-dvpx2           166m   12Mi   
2026-05-08T12:06:07.3739679+08:00	sample-api-67b9868b9c-fq8k4           1m     13Mi   
2026-05-08T12:06:07.3739679+08:00	sample-api-67b9868b9c-lhbdn           1m     13Mi   
2026-05-08T12:06:07.3739679+08:00	sample-api-67b9868b9c-mkrjc           2m     15Mi   
2026-05-08T12:06:07.3739679+08:00	sample-api-67b9868b9c-nzkbb           1m     13Mi   
2026-05-08T12:06:17.6699690+08:00	prometheus-86b6ff97dc-txzfg           3m     36Mi   
2026-05-08T12:06:17.6699690+08:00	prometheus-adapter-7d7697f86c-szs26   4m     27Mi   
2026-05-08T12:06:17.6699690+08:00	sample-api-67b9868b9c-dvpx2           166m   12Mi   
2026-05-08T12:06:17.6699690+08:00	sample-api-67b9868b9c-fq8k4           1m     13Mi   
2026-05-08T12:06:17.6699690+08:00	sample-api-67b9868b9c-lhbdn           1m     13Mi   
2026-05-08T12:06:17.6699690+08:00	sample-api-67b9868b9c-mkrjc           1m     15Mi   
2026-05-08T12:06:17.6699690+08:00	sample-api-67b9868b9c-nzkbb           1m     13Mi   
2026-05-08T12:06:27.9649458+08:00	prometheus-86b6ff97dc-txzfg           2m     36Mi   
2026-05-08T12:06:27.9649458+08:00	prometheus-adapter-7d7697f86c-szs26   4m     27Mi   
2026-05-08T12:06:27.9649458+08:00	sample-api-67b9868b9c-dvpx2           169m   12Mi   
2026-05-08T12:06:27.9649458+08:00	sample-api-67b9868b9c-fq8k4           1m     13Mi   
2026-05-08T12:06:27.9649458+08:00	sample-api-67b9868b9c-lhbdn           1m     13Mi   
2026-05-08T12:06:27.9649458+08:00	sample-api-67b9868b9c-mkrjc           1m     15Mi   
2026-05-08T12:06:27.9649458+08:00	sample-api-67b9868b9c-nzkbb           1m     13Mi   
2026-05-08T12:06:38.2784864+08:00	prometheus-86b6ff97dc-txzfg           2m     36Mi   
2026-05-08T12:06:38.2784864+08:00	prometheus-adapter-7d7697f86c-szs26   4m     27Mi   
2026-05-08T12:06:38.2784864+08:00	sample-api-67b9868b9c-dvpx2           169m   12Mi   
2026-05-08T12:06:38.2784864+08:00	sample-api-67b9868b9c-fq8k4           1m     13Mi   
2026-05-08T12:06:38.2784864+08:00	sample-api-67b9868b9c-lhbdn           1m     13Mi   
2026-05-08T12:06:38.2784864+08:00	sample-api-67b9868b9c-mkrjc           1m     15Mi   
2026-05-08T12:06:38.2784864+08:00	sample-api-67b9868b9c-nzkbb           1m     13Mi   
2026-05-08T12:06:48.5728172+08:00	prometheus-86b6ff97dc-txzfg           3m     36Mi   
2026-05-08T12:06:48.5728172+08:00	prometheus-adapter-7d7697f86c-szs26   4m     27Mi   
2026-05-08T12:06:48.5728172+08:00	sample-api-67b9868b9c-dvpx2           167m   12Mi   
2026-05-08T12:06:48.5728172+08:00	sample-api-67b9868b9c-fq8k4           1m     13Mi   
2026-05-08T12:06:48.5728172+08:00	sample-api-67b9868b9c-lhbdn           1m     13Mi   
2026-05-08T12:06:48.5728172+08:00	sample-api-67b9868b9c-mkrjc           1m     15Mi   
2026-05-08T12:06:48.5728172+08:00	sample-api-67b9868b9c-nzkbb           1m     13Mi   
2026-05-08T12:06:58.9599299+08:00	prometheus-86b6ff97dc-txzfg           3m     36Mi   
2026-05-08T12:06:58.9599299+08:00	prometheus-adapter-7d7697f86c-szs26   3m     27Mi   
2026-05-08T12:06:58.9599299+08:00	sample-api-67b9868b9c-dvpx2           168m   12Mi   
2026-05-08T12:06:58.9599299+08:00	sample-api-67b9868b9c-fq8k4           1m     13Mi   
2026-05-08T12:06:58.9599299+08:00	sample-api-67b9868b9c-lhbdn           1m     13Mi   
2026-05-08T12:06:58.9599299+08:00	sample-api-67b9868b9c-mkrjc           1m     15Mi   
2026-05-08T12:06:58.9599299+08:00	sample-api-67b9868b9c-nzkbb           1m     13Mi   
2026-05-08T12:07:09.3663779+08:00	prometheus-86b6ff97dc-txzfg           3m     36Mi   
2026-05-08T12:07:09.3663779+08:00	prometheus-adapter-7d7697f86c-szs26   3m     27Mi   
2026-05-08T12:07:09.3663779+08:00	sample-api-67b9868b9c-dvpx2           168m   12Mi   
2026-05-08T12:07:09.3663779+08:00	sample-api-67b9868b9c-fq8k4           1m     13Mi   
2026-05-08T12:07:09.3663779+08:00	sample-api-67b9868b9c-lhbdn           1m     13Mi   
2026-05-08T12:07:09.3663779+08:00	sample-api-67b9868b9c-mkrjc           1m     15Mi   
2026-05-08T12:07:09.3663779+08:00	sample-api-67b9868b9c-nzkbb           1m     13Mi   
2026-05-08T12:07:19.6665452+08:00	prometheus-86b6ff97dc-txzfg           3m     36Mi   
2026-05-08T12:07:19.6665452+08:00	prometheus-adapter-7d7697f86c-szs26   3m     27Mi   
2026-05-08T12:07:19.6665452+08:00	sample-api-67b9868b9c-dvpx2           167m   12Mi   
2026-05-08T12:07:19.6665452+08:00	sample-api-67b9868b9c-fq8k4           1m     13Mi   
2026-05-08T12:07:19.6665452+08:00	sample-api-67b9868b9c-lhbdn           1m     13Mi   
2026-05-08T12:07:19.6665452+08:00	sample-api-67b9868b9c-mkrjc           1m     15Mi   
2026-05-08T12:07:19.6665452+08:00	sample-api-67b9868b9c-nzkbb           1m     13Mi   
2026-05-08T12:07:30.0647297+08:00	prometheus-86b6ff97dc-txzfg           4m     36Mi   
2026-05-08T12:07:30.0647297+08:00	prometheus-adapter-7d7697f86c-szs26   2m     27Mi   
2026-05-08T12:07:30.0647297+08:00	sample-api-67b9868b9c-dvpx2           163m   12Mi   
2026-05-08T12:07:30.0647297+08:00	sample-api-67b9868b9c-fq8k4           1m     13Mi   
2026-05-08T12:07:30.0647297+08:00	sample-api-67b9868b9c-lhbdn           1m     13Mi   
2026-05-08T12:07:30.0647297+08:00	sample-api-67b9868b9c-mkrjc           1m     15Mi   
2026-05-08T12:07:30.0647297+08:00	sample-api-67b9868b9c-nzkbb           1m     13Mi   
2026-05-08T12:07:40.4678030+08:00	prometheus-86b6ff97dc-txzfg           4m     36Mi   
2026-05-08T12:07:40.4678030+08:00	prometheus-adapter-7d7697f86c-szs26   2m     27Mi   
2026-05-08T12:07:40.4678030+08:00	sample-api-67b9868b9c-dvpx2           163m   12Mi   
2026-05-08T12:07:40.4678030+08:00	sample-api-67b9868b9c-fq8k4           1m     13Mi   
2026-05-08T12:07:40.4678030+08:00	sample-api-67b9868b9c-lhbdn           1m     13Mi   
2026-05-08T12:07:40.4678030+08:00	sample-api-67b9868b9c-mkrjc           1m     15Mi   
2026-05-08T12:07:40.4678030+08:00	sample-api-67b9868b9c-nzkbb           1m     13Mi   
2026-05-08T12:07:50.7557322+08:00	prometheus-86b6ff97dc-txzfg           3m     36Mi   
2026-05-08T12:07:50.7557322+08:00	prometheus-adapter-7d7697f86c-szs26   3m     27Mi   
2026-05-08T12:07:50.7557322+08:00	sample-api-67b9868b9c-dvpx2           162m   11Mi   
2026-05-08T12:07:50.7557322+08:00	sample-api-67b9868b9c-fq8k4           1m     13Mi   
2026-05-08T12:07:50.7557322+08:00	sample-api-67b9868b9c-lhbdn           1m     13Mi   
2026-05-08T12:07:50.7557322+08:00	sample-api-67b9868b9c-mkrjc           1m     15Mi   
2026-05-08T12:07:50.7557322+08:00	sample-api-67b9868b9c-nzkbb           1m     13Mi   
2026-05-08T12:08:01.0792877+08:00	prometheus-86b6ff97dc-txzfg           3m     36Mi   
2026-05-08T12:08:01.0792877+08:00	prometheus-adapter-7d7697f86c-szs26   4m     27Mi   
2026-05-08T12:08:01.0792877+08:00	sample-api-67b9868b9c-dvpx2           166m   12Mi   
2026-05-08T12:08:01.0792877+08:00	sample-api-67b9868b9c-fq8k4           1m     13Mi   
2026-05-08T12:08:01.0792877+08:00	sample-api-67b9868b9c-lhbdn           1m     13Mi   
2026-05-08T12:08:01.0792877+08:00	sample-api-67b9868b9c-mkrjc           1m     15Mi   
2026-05-08T12:08:01.0792877+08:00	sample-api-67b9868b9c-nzkbb           1m     13Mi   
2026-05-08T12:08:11.3682895+08:00	prometheus-86b6ff97dc-txzfg           2m     36Mi   
2026-05-08T12:08:11.3682895+08:00	prometheus-adapter-7d7697f86c-szs26   4m     27Mi   
2026-05-08T12:08:11.3682895+08:00	sample-api-67b9868b9c-dvpx2           161m   12Mi   
2026-05-08T12:08:11.3682895+08:00	sample-api-67b9868b9c-fq8k4           1m     13Mi   
2026-05-08T12:08:11.3682895+08:00	sample-api-67b9868b9c-lhbdn           1m     13Mi   
2026-05-08T12:08:11.3682895+08:00	sample-api-67b9868b9c-mkrjc           1m     15Mi   
2026-05-08T12:08:11.3682895+08:00	sample-api-67b9868b9c-nzkbb           1m     13Mi   
2026-05-08T12:08:21.8662600+08:00	prometheus-86b6ff97dc-txzfg           2m     36Mi   
2026-05-08T12:08:21.8662600+08:00	prometheus-adapter-7d7697f86c-szs26   4m     27Mi   
2026-05-08T12:08:21.8662600+08:00	sample-api-67b9868b9c-dvpx2           161m   12Mi   
2026-05-08T12:08:21.8662600+08:00	sample-api-67b9868b9c-fq8k4           1m     13Mi   
2026-05-08T12:08:21.8662600+08:00	sample-api-67b9868b9c-lhbdn           1m     13Mi   
2026-05-08T12:08:21.8662600+08:00	sample-api-67b9868b9c-mkrjc           1m     15Mi   
2026-05-08T12:08:21.8662600+08:00	sample-api-67b9868b9c-nzkbb           1m     13Mi   
2026-05-08T12:08:32.2529698+08:00	prometheus-86b6ff97dc-txzfg           2m     36Mi   
2026-05-08T12:08:32.2529698+08:00	prometheus-adapter-7d7697f86c-szs26   3m     27Mi   
2026-05-08T12:08:32.2529698+08:00	sample-api-67b9868b9c-dvpx2           164m   12Mi   
2026-05-08T12:08:32.2529698+08:00	sample-api-67b9868b9c-fq8k4           1m     13Mi   
2026-05-08T12:08:32.2529698+08:00	sample-api-67b9868b9c-lhbdn           1m     13Mi   
2026-05-08T12:08:32.2529698+08:00	sample-api-67b9868b9c-mkrjc           1m     15Mi   
2026-05-08T12:08:32.2529698+08:00	sample-api-67b9868b9c-nzkbb           1m     13Mi   
2026-05-08T12:08:42.4661501+08:00	prometheus-86b6ff97dc-txzfg           2m     36Mi   
2026-05-08T12:08:42.4661501+08:00	prometheus-adapter-7d7697f86c-szs26   2m     27Mi   
2026-05-08T12:08:42.4661501+08:00	sample-api-67b9868b9c-dvpx2           167m   12Mi   
2026-05-08T12:08:42.4661501+08:00	sample-api-67b9868b9c-fq8k4           1m     13Mi   
2026-05-08T12:08:42.4661501+08:00	sample-api-67b9868b9c-lhbdn           1m     13Mi   
2026-05-08T12:08:42.4661501+08:00	sample-api-67b9868b9c-mkrjc           1m     15Mi   
2026-05-08T12:08:42.4661501+08:00	sample-api-67b9868b9c-nzkbb           1m     13Mi   
2026-05-08T12:08:52.6532875+08:00	prometheus-86b6ff97dc-txzfg           2m     36Mi   
2026-05-08T12:08:52.6532875+08:00	prometheus-adapter-7d7697f86c-szs26   2m     27Mi   
2026-05-08T12:08:52.6532875+08:00	sample-api-67b9868b9c-dvpx2           167m   12Mi   
2026-05-08T12:08:52.6532875+08:00	sample-api-67b9868b9c-fq8k4           1m     13Mi   
2026-05-08T12:08:52.6532875+08:00	sample-api-67b9868b9c-lhbdn           1m     13Mi   
2026-05-08T12:08:52.6532875+08:00	sample-api-67b9868b9c-mkrjc           1m     15Mi   
2026-05-08T12:08:52.6532875+08:00	sample-api-67b9868b9c-nzkbb           1m     13Mi   
2026-05-08T12:09:02.8650495+08:00	prometheus-86b6ff97dc-txzfg           2m     36Mi   
2026-05-08T12:09:02.8650495+08:00	prometheus-adapter-7d7697f86c-szs26   3m     27Mi   
2026-05-08T12:09:02.8650495+08:00	sample-api-67b9868b9c-dvpx2           168m   12Mi   
2026-05-08T12:09:02.8650495+08:00	sample-api-67b9868b9c-fq8k4           1m     13Mi   
2026-05-08T12:09:02.8650495+08:00	sample-api-67b9868b9c-lhbdn           1m     13Mi   
2026-05-08T12:09:02.8650495+08:00	sample-api-67b9868b9c-mkrjc           1m     15Mi   
2026-05-08T12:09:02.8650495+08:00	sample-api-67b9868b9c-nzkbb           2m     13Mi   
2026-05-08T12:09:13.0500623+08:00	prometheus-86b6ff97dc-txzfg           3m     36Mi   
2026-05-08T12:09:13.0500623+08:00	prometheus-adapter-7d7697f86c-szs26   3m     27Mi   
2026-05-08T12:09:13.0500623+08:00	sample-api-67b9868b9c-dvpx2           166m   12Mi   
2026-05-08T12:09:13.0500623+08:00	sample-api-67b9868b9c-fq8k4           1m     13Mi   
2026-05-08T12:09:13.0500623+08:00	sample-api-67b9868b9c-lhbdn           1m     13Mi   
2026-05-08T12:09:13.0500623+08:00	sample-api-67b9868b9c-mkrjc           1m     15Mi   
2026-05-08T12:09:13.0500623+08:00	sample-api-67b9868b9c-nzkbb           1m     13Mi   
2026-05-08T12:09:23.2494784+08:00	prometheus-86b6ff97dc-txzfg           3m     36Mi   
2026-05-08T12:09:23.2494784+08:00	prometheus-adapter-7d7697f86c-szs26   3m     27Mi   
2026-05-08T12:09:23.2494784+08:00	sample-api-67b9868b9c-dvpx2           166m   12Mi   
2026-05-08T12:09:23.2494784+08:00	sample-api-67b9868b9c-fq8k4           1m     13Mi   
2026-05-08T12:09:23.2494784+08:00	sample-api-67b9868b9c-lhbdn           1m     13Mi   
2026-05-08T12:09:23.2494784+08:00	sample-api-67b9868b9c-mkrjc           1m     15Mi   
2026-05-08T12:09:23.2494784+08:00	sample-api-67b9868b9c-nzkbb           1m     13Mi   
2026-05-08T12:09:33.4509560+08:00	prometheus-86b6ff97dc-txzfg           2m     36Mi   
2026-05-08T12:09:33.4509560+08:00	prometheus-adapter-7d7697f86c-szs26   3m     27Mi   
2026-05-08T12:09:33.4509560+08:00	sample-api-67b9868b9c-dvpx2           167m   12Mi   
2026-05-08T12:09:33.4509560+08:00	sample-api-67b9868b9c-fq8k4           1m     13Mi   
2026-05-08T12:09:33.4509560+08:00	sample-api-67b9868b9c-lhbdn           1m     13Mi   
2026-05-08T12:09:33.4509560+08:00	sample-api-67b9868b9c-mkrjc           1m     15Mi   
2026-05-08T12:09:33.4509560+08:00	sample-api-67b9868b9c-nzkbb           1m     13Mi   
