2026-05-08T11:34:06.2025720+08:00	prometheus-86b6ff97dc-txzfg           2m    28Mi   
2026-05-08T11:34:06.2025720+08:00	prometheus-adapter-7d7697f86c-szs26   3m    21Mi   
2026-05-08T11:34:06.2025720+08:00	sample-api-67b9868b9c-dvpx2           1m    11Mi   
2026-05-08T11:34:06.2025720+08:00	sample-api-67b9868b9c-nzkbb           1m    13Mi   
2026-05-08T11:34:16.3540464+08:00	prometheus-86b6ff97dc-txzfg           2m    28Mi   
2026-05-08T11:34:16.3540464+08:00	prometheus-adapter-7d7697f86c-szs26   2m    21Mi   
2026-05-08T11:34:16.3540464+08:00	sample-api-67b9868b9c-dvpx2           31m   12Mi   
2026-05-08T11:34:16.3540464+08:00	sample-api-67b9868b9c-nzkbb           1m    13Mi   
2026-05-08T11:34:26.5823063+08:00	prometheus-86b6ff97dc-txzfg           3m     28Mi   
2026-05-08T11:34:26.5823063+08:00	prometheus-adapter-7d7697f86c-szs26   2m     21Mi   
2026-05-08T11:34:26.5823063+08:00	sample-api-67b9868b9c-dvpx2           170m   12Mi   
2026-05-08T11:34:26.5823063+08:00	sample-api-67b9868b9c-nzkbb           1m     13Mi   
2026-05-08T11:34:36.8991606+08:00	prometheus-86b6ff97dc-txzfg           3m     28Mi   
2026-05-08T11:34:36.8991606+08:00	prometheus-adapter-7d7697f86c-szs26   2m     21Mi   
2026-05-08T11:34:36.8991606+08:00	sample-api-67b9868b9c-dvpx2           170m   12Mi   
2026-05-08T11:34:36.8991606+08:00	sample-api-67b9868b9c-nzkbb           1m     13Mi   
2026-05-08T11:34:47.2866528+08:00	prometheus-86b6ff97dc-txzfg           2m     28Mi   
2026-05-08T11:34:47.2866528+08:00	prometheus-adapter-7d7697f86c-szs26   5m     21Mi   
2026-05-08T11:34:47.2866528+08:00	sample-api-67b9868b9c-dvpx2           169m   12Mi   
2026-05-08T11:34:47.2866528+08:00	sample-api-67b9868b9c-nzkbb           2m     13Mi   
2026-05-08T11:34:57.6943230+08:00	prometheus-86b6ff97dc-txzfg           2m     28Mi   
2026-05-08T11:34:57.6943230+08:00	prometheus-adapter-7d7697f86c-szs26   3m     21Mi   
2026-05-08T11:34:57.6943230+08:00	sample-api-67b9868b9c-dvpx2           167m   12Mi   
2026-05-08T11:34:57.6943230+08:00	sample-api-67b9868b9c-nzkbb           1m     13Mi   
2026-05-08T11:35:08.0956575+08:00	prometheus-86b6ff97dc-txzfg           2m     28Mi   
2026-05-08T11:35:08.0956575+08:00	prometheus-adapter-7d7697f86c-szs26   3m     21Mi   
2026-05-08T11:35:08.0956575+08:00	sample-api-67b9868b9c-dvpx2           167m   12Mi   
2026-05-08T11:35:08.0956575+08:00	sample-api-67b9868b9c-nzkbb           1m     13Mi   
2026-05-08T11:35:18.3950384+08:00	prometheus-86b6ff97dc-txzfg           2m     28Mi   
2026-05-08T11:35:18.3950384+08:00	prometheus-adapter-7d7697f86c-szs26   3m     21Mi   
2026-05-08T11:35:18.3950384+08:00	sample-api-67b9868b9c-dvpx2           173m   12Mi   
2026-05-08T11:35:18.3950384+08:00	sample-api-67b9868b9c-nzkbb           1m     13Mi   
2026-05-08T11:35:28.7944839+08:00	prometheus-86b6ff97dc-txzfg           2m     28Mi   
2026-05-08T11:35:28.7944839+08:00	prometheus-adapter-7d7697f86c-szs26   3m     21Mi   
2026-05-08T11:35:28.7944839+08:00	sample-api-67b9868b9c-dvpx2           176m   11Mi   
2026-05-08T11:35:28.7944839+08:00	sample-api-67b9868b9c-nzkbb           2m     13Mi   
2026-05-08T11:35:39.1842159+08:00	prometheus-86b6ff97dc-txzfg           2m     28Mi   
2026-05-08T11:35:39.1842159+08:00	prometheus-adapter-7d7697f86c-szs26   3m     21Mi   
2026-05-08T11:35:39.1842159+08:00	sample-api-67b9868b9c-dvpx2           176m   11Mi   
2026-05-08T11:35:39.1842159+08:00	sample-api-67b9868b9c-nzkbb           2m     13Mi   
2026-05-08T11:35:49.5915084+08:00	prometheus-86b6ff97dc-txzfg           5m     28Mi   
2026-05-08T11:35:49.5915084+08:00	prometheus-adapter-7d7697f86c-szs26   6m     21Mi   
2026-05-08T11:35:49.5915084+08:00	sample-api-67b9868b9c-dvpx2           167m   12Mi   
2026-05-08T11:35:49.5915084+08:00	sample-api-67b9868b9c-nzkbb           1m     13Mi   
2026-05-08T11:36:00.0980945+08:00	prometheus-86b6ff97dc-txzfg           2m     28Mi   
2026-05-08T11:36:00.0980945+08:00	prometheus-adapter-7d7697f86c-szs26   3m     21Mi   
2026-05-08T11:36:00.0980945+08:00	sample-api-67b9868b9c-dvpx2           172m   12Mi   
2026-05-08T11:36:00.0980945+08:00	sample-api-67b9868b9c-nzkbb           1m     13Mi   
2026-05-08T11:36:10.4844786+08:00	prometheus-86b6ff97dc-txzfg           2m     28Mi   
2026-05-08T11:36:10.4844786+08:00	prometheus-adapter-7d7697f86c-szs26   3m     21Mi   
2026-05-08T11:36:10.4844786+08:00	sample-api-67b9868b9c-dvpx2           172m   12Mi   
2026-05-08T11:36:10.4844786+08:00	sample-api-67b9868b9c-nzkbb           1m     13Mi   
2026-05-08T11:36:20.7823286+08:00	prometheus-86b6ff97dc-txzfg           3m     28Mi   
2026-05-08T11:36:20.7823286+08:00	prometheus-adapter-7d7697f86c-szs26   3m     21Mi   
2026-05-08T11:36:20.7823286+08:00	sample-api-67b9868b9c-dvpx2           168m   12Mi   
2026-05-08T11:36:20.7823286+08:00	sample-api-67b9868b9c-nzkbb           1m     13Mi   
2026-05-08T11:36:31.1820497+08:00	prometheus-86b6ff97dc-txzfg           2m     28Mi   
2026-05-08T11:36:31.1820497+08:00	prometheus-adapter-7d7697f86c-szs26   3m     21Mi   
2026-05-08T11:36:31.1820497+08:00	sample-api-67b9868b9c-dvpx2           175m   12Mi   
2026-05-08T11:36:31.1820497+08:00	sample-api-67b9868b9c-nzkbb           1m     13Mi   
2026-05-08T11:36:41.4865246+08:00	prometheus-86b6ff97dc-txzfg           2m     28Mi   
2026-05-08T11:36:41.4865246+08:00	prometheus-adapter-7d7697f86c-szs26   6m     21Mi   
2026-05-08T11:36:41.4865246+08:00	sample-api-67b9868b9c-dvpx2           168m   12Mi   
2026-05-08T11:36:41.4865246+08:00	sample-api-67b9868b9c-nzkbb           1m     13Mi   
2026-05-08T11:36:51.8759654+08:00	prometheus-86b6ff97dc-txzfg           2m     28Mi   
2026-05-08T11:36:51.8759654+08:00	prometheus-adapter-7d7697f86c-szs26   6m     21Mi   
2026-05-08T11:36:51.8759654+08:00	sample-api-67b9868b9c-dvpx2           168m   12Mi   
2026-05-08T11:36:51.8759654+08:00	sample-api-67b9868b9c-nzkbb           1m     13Mi   
2026-05-08T11:37:02.3892086+08:00	prometheus-86b6ff97dc-txzfg           2m     28Mi   
2026-05-08T11:37:02.3892086+08:00	prometheus-adapter-7d7697f86c-szs26   3m     21Mi   
2026-05-08T11:37:02.3892086+08:00	sample-api-67b9868b9c-dvpx2           174m   12Mi   
2026-05-08T11:37:02.3892086+08:00	sample-api-67b9868b9c-nzkbb           1m     13Mi   
2026-05-08T11:37:12.6786659+08:00	prometheus-86b6ff97dc-txzfg           2m     28Mi   
2026-05-08T11:37:12.6786659+08:00	prometheus-adapter-7d7697f86c-szs26   2m     21Mi   
2026-05-08T11:37:12.6786659+08:00	sample-api-67b9868b9c-dvpx2           177m   12Mi   
2026-05-08T11:37:12.6786659+08:00	sample-api-67b9868b9c-nzkbb           1m     13Mi   
2026-05-08T11:37:22.9911973+08:00	prometheus-86b6ff97dc-txzfg           2m     28Mi   
2026-05-08T11:37:22.9911973+08:00	prometheus-adapter-7d7697f86c-szs26   2m     21Mi   
2026-05-08T11:37:22.9911973+08:00	sample-api-67b9868b9c-dvpx2           177m   12Mi   
2026-05-08T11:37:22.9911973+08:00	sample-api-67b9868b9c-nzkbb           1m     13Mi   
2026-05-08T11:37:33.3862098+08:00	prometheus-86b6ff97dc-txzfg           2m     28Mi   
2026-05-08T11:37:33.3862098+08:00	prometheus-adapter-7d7697f86c-szs26   2m     21Mi   
2026-05-08T11:37:33.3862098+08:00	sample-api-67b9868b9c-dvpx2           174m   12Mi   
2026-05-08T11:37:33.3862098+08:00	sample-api-67b9868b9c-nzkbb           1m     13Mi   
2026-05-08T11:37:43.7744102+08:00	prometheus-86b6ff97dc-txzfg           4m     28Mi   
2026-05-08T11:37:43.7744102+08:00	prometheus-adapter-7d7697f86c-szs26   2m     21Mi   
2026-05-08T11:37:43.7744102+08:00	sample-api-67b9868b9c-dvpx2           175m   11Mi   
2026-05-08T11:37:43.7744102+08:00	sample-api-67b9868b9c-nzkbb           1m     13Mi   
2026-05-08T11:37:53.9753795+08:00	prometheus-86b6ff97dc-txzfg           4m     28Mi   
2026-05-08T11:37:53.9753795+08:00	prometheus-adapter-7d7697f86c-szs26   2m     21Mi   
2026-05-08T11:37:53.9753795+08:00	sample-api-67b9868b9c-dvpx2           175m   11Mi   
2026-05-08T11:37:53.9753795+08:00	sample-api-67b9868b9c-nzkbb           1m     13Mi   
2026-05-08T11:38:04.1770023+08:00	prometheus-86b6ff97dc-txzfg           2m     28Mi   
2026-05-08T11:38:04.1770023+08:00	prometheus-adapter-7d7697f86c-szs26   4m     21Mi   
2026-05-08T11:38:04.1770023+08:00	sample-api-67b9868b9c-dvpx2           170m   12Mi   
2026-05-08T11:38:04.1770023+08:00	sample-api-67b9868b9c-nzkbb           1m     13Mi   
2026-05-08T11:38:14.3802271+08:00	prometheus-86b6ff97dc-txzfg           3m     28Mi   
2026-05-08T11:38:14.3802271+08:00	prometheus-adapter-7d7697f86c-szs26   2m     21Mi   
2026-05-08T11:38:14.3802271+08:00	sample-api-67b9868b9c-dvpx2           171m   12Mi   
2026-05-08T11:38:14.3802271+08:00	sample-api-67b9868b9c-nzkbb           2m     13Mi   
2026-05-08T11:38:24.6795204+08:00	prometheus-86b6ff97dc-txzfg           3m     28Mi   
2026-05-08T11:38:24.6795204+08:00	prometheus-adapter-7d7697f86c-szs26   2m     21Mi   
2026-05-08T11:38:24.6795204+08:00	sample-api-67b9868b9c-dvpx2           171m   12Mi   
2026-05-08T11:38:24.6795204+08:00	sample-api-67b9868b9c-nzkbb           2m     13Mi   
2026-05-08T11:38:34.9732338+08:00	prometheus-86b6ff97dc-txzfg           2m     28Mi   
2026-05-08T11:38:34.9732338+08:00	prometheus-adapter-7d7697f86c-szs26   4m     21Mi   
2026-05-08T11:38:34.9732338+08:00	sample-api-67b9868b9c-dvpx2           173m   12Mi   
2026-05-08T11:38:34.9732338+08:00	sample-api-67b9868b9c-nzkbb           1m     13Mi   
2026-05-08T11:38:45.1789965+08:00	prometheus-86b6ff97dc-txzfg           1m     28Mi   
2026-05-08T11:38:45.1789965+08:00	prometheus-adapter-7d7697f86c-szs26   5m     21Mi   
2026-05-08T11:38:45.1789965+08:00	sample-api-67b9868b9c-dvpx2           170m   12Mi   
2026-05-08T11:38:45.1789965+08:00	sample-api-67b9868b9c-nzkbb           1m     13Mi   
2026-05-08T11:38:55.2728020+08:00	prometheus-86b6ff97dc-txzfg           1m     28Mi   
2026-05-08T11:38:55.2728020+08:00	prometheus-adapter-7d7697f86c-szs26   5m     21Mi   
2026-05-08T11:38:55.2728020+08:00	sample-api-67b9868b9c-dvpx2           170m   12Mi   
2026-05-08T11:38:55.2728020+08:00	sample-api-67b9868b9c-nzkbb           1m     13Mi   
2026-05-08T11:39:05.3806343+08:00	prometheus-86b6ff97dc-txzfg           1m    28Mi   
2026-05-08T11:39:05.3806343+08:00	prometheus-adapter-7d7697f86c-szs26   3m    21Mi   
2026-05-08T11:39:05.3806343+08:00	sample-api-67b9868b9c-dvpx2           34m   11Mi   
2026-05-08T11:39:05.3806343+08:00	sample-api-67b9868b9c-nzkbb           1m    13Mi   
