2026-05-08T11:28:00.1815404+08:00	prometheus-86b6ff97dc-txzfg           1m    28Mi   
2026-05-08T11:28:00.1815404+08:00	prometheus-adapter-7d7697f86c-szs26   3m    21Mi   
2026-05-08T11:28:00.1815404+08:00	sample-api-67b9868b9c-dvpx2           1m    11Mi   
2026-05-08T11:28:00.1815404+08:00	sample-api-67b9868b9c-nzkbb           1m    13Mi   
2026-05-08T11:28:10.3537600+08:00	prometheus-86b6ff97dc-txzfg           1m    28Mi   
2026-05-08T11:28:10.3537600+08:00	prometheus-adapter-7d7697f86c-szs26   3m    21Mi   
2026-05-08T11:28:10.3537600+08:00	sample-api-67b9868b9c-dvpx2           1m    11Mi   
2026-05-08T11:28:10.3537600+08:00	sample-api-67b9868b9c-nzkbb           1m    13Mi   
2026-05-08T11:28:20.8192314+08:00	prometheus-86b6ff97dc-txzfg           2m    28Mi   
2026-05-08T11:28:20.8192314+08:00	prometheus-adapter-7d7697f86c-szs26   3m    21Mi   
2026-05-08T11:28:20.8192314+08:00	sample-api-67b9868b9c-dvpx2           88m   11Mi   
2026-05-08T11:28:20.8192314+08:00	sample-api-67b9868b9c-nzkbb           3m    13Mi   
2026-05-08T11:28:31.1222259+08:00	prometheus-86b6ff97dc-txzfg           3m     28Mi   
2026-05-08T11:28:31.1222259+08:00	prometheus-adapter-7d7697f86c-szs26   6m     21Mi   
2026-05-08T11:28:31.1222259+08:00	sample-api-67b9868b9c-dvpx2           174m   11Mi   
2026-05-08T11:28:31.1222259+08:00	sample-api-67b9868b9c-nzkbb           1m     13Mi   
2026-05-08T11:28:41.5100099+08:00	prometheus-86b6ff97dc-txzfg           2m     28Mi   
2026-05-08T11:28:41.5100099+08:00	prometheus-adapter-7d7697f86c-szs26   6m     21Mi   
2026-05-08T11:28:41.5100099+08:00	sample-api-67b9868b9c-dvpx2           173m   12Mi   
2026-05-08T11:28:41.5100099+08:00	sample-api-67b9868b9c-nzkbb           1m     13Mi   
2026-05-08T11:28:51.8193545+08:00	prometheus-86b6ff97dc-txzfg           2m     28Mi   
2026-05-08T11:28:51.8193545+08:00	prometheus-adapter-7d7697f86c-szs26   6m     21Mi   
2026-05-08T11:28:51.8193545+08:00	sample-api-67b9868b9c-dvpx2           173m   12Mi   
2026-05-08T11:28:51.8193545+08:00	sample-api-67b9868b9c-nzkbb           1m     13Mi   
2026-05-08T11:29:02.2156671+08:00	prometheus-86b6ff97dc-txzfg           2m     28Mi   
2026-05-08T11:29:02.2156671+08:00	prometheus-adapter-7d7697f86c-szs26   2m     21Mi   
2026-05-08T11:29:02.2156671+08:00	sample-api-67b9868b9c-dvpx2           176m   12Mi   
2026-05-08T11:29:02.2156671+08:00	sample-api-67b9868b9c-nzkbb           1m     13Mi   
2026-05-08T11:29:12.6127444+08:00	prometheus-86b6ff97dc-txzfg           2m     28Mi   
2026-05-08T11:29:12.6127444+08:00	prometheus-adapter-7d7697f86c-szs26   2m     21Mi   
2026-05-08T11:29:12.6127444+08:00	sample-api-67b9868b9c-dvpx2           176m   12Mi   
2026-05-08T11:29:12.6127444+08:00	sample-api-67b9868b9c-nzkbb           1m     13Mi   
2026-05-08T11:29:22.8220679+08:00	prometheus-86b6ff97dc-txzfg           2m     28Mi   
2026-05-08T11:29:22.8220679+08:00	prometheus-adapter-7d7697f86c-szs26   2m     21Mi   
2026-05-08T11:29:22.8220679+08:00	sample-api-67b9868b9c-dvpx2           176m   12Mi   
2026-05-08T11:29:22.8220679+08:00	sample-api-67b9868b9c-nzkbb           1m     13Mi   
2026-05-08T11:29:33.1129514+08:00	prometheus-86b6ff97dc-txzfg           2m     28Mi   
2026-05-08T11:29:33.1129514+08:00	prometheus-adapter-7d7697f86c-szs26   2m     21Mi   
2026-05-08T11:29:33.1129514+08:00	sample-api-67b9868b9c-dvpx2           180m   11Mi   
2026-05-08T11:29:33.1129514+08:00	sample-api-67b9868b9c-nzkbb           1m     13Mi   
2026-05-08T11:29:43.5125181+08:00	prometheus-86b6ff97dc-txzfg           6m     28Mi   
2026-05-08T11:29:43.5125181+08:00	prometheus-adapter-7d7697f86c-szs26   3m     21Mi   
2026-05-08T11:29:43.5125181+08:00	sample-api-67b9868b9c-dvpx2           172m   12Mi   
2026-05-08T11:29:43.5125181+08:00	sample-api-67b9868b9c-nzkbb           1m     13Mi   
2026-05-08T11:29:53.7146388+08:00	prometheus-86b6ff97dc-txzfg           6m     28Mi   
2026-05-08T11:29:53.7146388+08:00	prometheus-adapter-7d7697f86c-szs26   3m     21Mi   
2026-05-08T11:29:53.7146388+08:00	sample-api-67b9868b9c-dvpx2           172m   12Mi   
2026-05-08T11:29:53.7146388+08:00	sample-api-67b9868b9c-nzkbb           1m     13Mi   
2026-05-08T11:30:04.1065372+08:00	prometheus-86b6ff97dc-txzfg           2m     28Mi   
2026-05-08T11:30:04.1065372+08:00	prometheus-adapter-7d7697f86c-szs26   3m     21Mi   
2026-05-08T11:30:04.1065372+08:00	sample-api-67b9868b9c-dvpx2           176m   11Mi   
2026-05-08T11:30:04.1065372+08:00	sample-api-67b9868b9c-nzkbb           1m     13Mi   
2026-05-08T11:30:14.3129484+08:00	prometheus-86b6ff97dc-txzfg           2m     28Mi   
2026-05-08T11:30:14.3129484+08:00	prometheus-adapter-7d7697f86c-szs26   2m     21Mi   
2026-05-08T11:30:14.3129484+08:00	sample-api-67b9868b9c-dvpx2           173m   12Mi   
2026-05-08T11:30:14.3129484+08:00	sample-api-67b9868b9c-nzkbb           1m     13Mi   
2026-05-08T11:30:24.6044818+08:00	prometheus-86b6ff97dc-txzfg           2m     28Mi   
2026-05-08T11:30:24.6044818+08:00	prometheus-adapter-7d7697f86c-szs26   2m     21Mi   
2026-05-08T11:30:24.6044818+08:00	sample-api-67b9868b9c-dvpx2           173m   12Mi   
2026-05-08T11:30:24.6044818+08:00	sample-api-67b9868b9c-nzkbb           1m     13Mi   
2026-05-08T11:30:34.8983431+08:00	prometheus-86b6ff97dc-txzfg           2m     28Mi   
2026-05-08T11:30:34.8983431+08:00	prometheus-adapter-7d7697f86c-szs26   3m     21Mi   
2026-05-08T11:30:34.8983431+08:00	sample-api-67b9868b9c-dvpx2           176m   12Mi   
2026-05-08T11:30:34.8983431+08:00	sample-api-67b9868b9c-nzkbb           2m     13Mi   
2026-05-08T11:30:45.4037517+08:00	prometheus-86b6ff97dc-txzfg           2m     28Mi   
2026-05-08T11:30:45.4037517+08:00	prometheus-adapter-7d7697f86c-szs26   5m     21Mi   
2026-05-08T11:30:45.4037517+08:00	sample-api-67b9868b9c-dvpx2           170m   12Mi   
2026-05-08T11:30:45.4037517+08:00	sample-api-67b9868b9c-nzkbb           1m     13Mi   
2026-05-08T11:30:55.7053531+08:00	prometheus-86b6ff97dc-txzfg           2m     28Mi   
2026-05-08T11:30:55.7053531+08:00	prometheus-adapter-7d7697f86c-szs26   5m     21Mi   
2026-05-08T11:30:55.7053531+08:00	sample-api-67b9868b9c-dvpx2           170m   12Mi   
2026-05-08T11:30:55.7053531+08:00	sample-api-67b9868b9c-nzkbb           1m     13Mi   
2026-05-08T11:31:06.1052459+08:00	prometheus-86b6ff97dc-txzfg           4m     28Mi   
2026-05-08T11:31:06.1052459+08:00	prometheus-adapter-7d7697f86c-szs26   5m     21Mi   
2026-05-08T11:31:06.1052459+08:00	sample-api-67b9868b9c-dvpx2           168m   12Mi   
2026-05-08T11:31:06.1052459+08:00	sample-api-67b9868b9c-nzkbb           4m     13Mi   
2026-05-08T11:31:16.7121628+08:00	prometheus-86b6ff97dc-txzfg           2m     28Mi   
2026-05-08T11:31:16.7121628+08:00	prometheus-adapter-7d7697f86c-szs26   3m     21Mi   
2026-05-08T11:31:16.7121628+08:00	sample-api-67b9868b9c-dvpx2           167m   11Mi   
2026-05-08T11:31:16.7121628+08:00	sample-api-67b9868b9c-nzkbb           3m     13Mi   
2026-05-08T11:31:27.1073823+08:00	prometheus-86b6ff97dc-txzfg           3m     28Mi   
2026-05-08T11:31:27.1073823+08:00	prometheus-adapter-7d7697f86c-szs26   5m     21Mi   
2026-05-08T11:31:27.1073823+08:00	sample-api-67b9868b9c-dvpx2           167m   12Mi   
2026-05-08T11:31:27.1073823+08:00	sample-api-67b9868b9c-nzkbb           3m     13Mi   
2026-05-08T11:31:37.4977565+08:00	prometheus-86b6ff97dc-txzfg           3m     28Mi   
2026-05-08T11:31:37.4977565+08:00	prometheus-adapter-7d7697f86c-szs26   5m     21Mi   
2026-05-08T11:31:37.4977565+08:00	sample-api-67b9868b9c-dvpx2           167m   12Mi   
2026-05-08T11:31:37.4977565+08:00	sample-api-67b9868b9c-nzkbb           3m     13Mi   
2026-05-08T11:31:47.9041621+08:00	prometheus-86b6ff97dc-txzfg           6m     28Mi   
2026-05-08T11:31:47.9041621+08:00	prometheus-adapter-7d7697f86c-szs26   3m     21Mi   
2026-05-08T11:31:47.9041621+08:00	sample-api-67b9868b9c-dvpx2           173m   11Mi   
2026-05-08T11:31:47.9041621+08:00	sample-api-67b9868b9c-nzkbb           1m     13Mi   
2026-05-08T11:31:58.2967035+08:00	prometheus-86b6ff97dc-txzfg           3m     28Mi   
2026-05-08T11:31:58.2967035+08:00	prometheus-adapter-7d7697f86c-szs26   4m     21Mi   
2026-05-08T11:31:58.2967035+08:00	sample-api-67b9868b9c-dvpx2           171m   12Mi   
2026-05-08T11:31:58.2967035+08:00	sample-api-67b9868b9c-nzkbb           2m     13Mi   
2026-05-08T11:32:08.6995316+08:00	prometheus-86b6ff97dc-txzfg           3m     28Mi   
2026-05-08T11:32:08.6995316+08:00	prometheus-adapter-7d7697f86c-szs26   4m     21Mi   
2026-05-08T11:32:08.6995316+08:00	sample-api-67b9868b9c-dvpx2           171m   12Mi   
2026-05-08T11:32:08.6995316+08:00	sample-api-67b9868b9c-nzkbb           2m     13Mi   
2026-05-08T11:32:18.9942776+08:00	prometheus-86b6ff97dc-txzfg           4m     28Mi   
2026-05-08T11:32:18.9942776+08:00	prometheus-adapter-7d7697f86c-szs26   2m     21Mi   
2026-05-08T11:32:18.9942776+08:00	sample-api-67b9868b9c-dvpx2           172m   12Mi   
2026-05-08T11:32:18.9942776+08:00	sample-api-67b9868b9c-nzkbb           1m     13Mi   
2026-05-08T11:32:29.3051572+08:00	prometheus-86b6ff97dc-txzfg           3m     28Mi   
2026-05-08T11:32:29.3051572+08:00	prometheus-adapter-7d7697f86c-szs26   3m     21Mi   
2026-05-08T11:32:29.3051572+08:00	sample-api-67b9868b9c-dvpx2           167m   12Mi   
2026-05-08T11:32:29.3051572+08:00	sample-api-67b9868b9c-nzkbb           2m     13Mi   
2026-05-08T11:32:39.6025693+08:00	prometheus-86b6ff97dc-txzfg           3m     28Mi   
2026-05-08T11:32:39.6025693+08:00	prometheus-adapter-7d7697f86c-szs26   3m     21Mi   
2026-05-08T11:32:39.6025693+08:00	sample-api-67b9868b9c-dvpx2           167m   12Mi   
2026-05-08T11:32:39.6025693+08:00	sample-api-67b9868b9c-nzkbb           2m     13Mi   
2026-05-08T11:32:49.8943665+08:00	prometheus-86b6ff97dc-txzfg           2m     28Mi   
2026-05-08T11:32:49.8943665+08:00	prometheus-adapter-7d7697f86c-szs26   6m     21Mi   
2026-05-08T11:32:49.8943665+08:00	sample-api-67b9868b9c-dvpx2           178m   12Mi   
2026-05-08T11:32:49.8943665+08:00	sample-api-67b9868b9c-nzkbb           1m     13Mi   
2026-05-08T11:33:00.3043400+08:00	prometheus-86b6ff97dc-txzfg           2m     28Mi   
2026-05-08T11:33:00.3043400+08:00	prometheus-adapter-7d7697f86c-szs26   3m     21Mi   
2026-05-08T11:33:00.3043400+08:00	sample-api-67b9868b9c-dvpx2           172m   12Mi   
2026-05-08T11:33:00.3043400+08:00	sample-api-67b9868b9c-nzkbb           1m     13Mi   
