2026-05-08T11:46:17.5188963+08:00	prometheus-86b6ff97dc-txzfg           2m    28Mi   
2026-05-08T11:46:17.5188963+08:00	prometheus-adapter-7d7697f86c-szs26   2m    21Mi   
2026-05-08T11:46:17.5188963+08:00	sample-api-67b9868b9c-dvpx2           1m    11Mi   
2026-05-08T11:46:17.5188963+08:00	sample-api-67b9868b9c-fq8k4           1m    13Mi   
2026-05-08T11:46:17.5188963+08:00	sample-api-67b9868b9c-nzkbb           1m    13Mi   
2026-05-08T11:46:27.6764232+08:00	prometheus-86b6ff97dc-txzfg           2m    28Mi   
2026-05-08T11:46:27.6764232+08:00	prometheus-adapter-7d7697f86c-szs26   5m    21Mi   
2026-05-08T11:46:27.6764232+08:00	sample-api-67b9868b9c-dvpx2           1m    11Mi   
2026-05-08T11:46:27.6764232+08:00	sample-api-67b9868b9c-fq8k4           1m    13Mi   
2026-05-08T11:46:27.6764232+08:00	sample-api-67b9868b9c-nzkbb           72m   14Mi   
2026-05-08T11:46:38.0448424+08:00	prometheus-86b6ff97dc-txzfg           2m    28Mi   
2026-05-08T11:46:38.0448424+08:00	prometheus-adapter-7d7697f86c-szs26   5m    21Mi   
2026-05-08T11:46:38.0448424+08:00	sample-api-67b9868b9c-dvpx2           1m    11Mi   
2026-05-08T11:46:38.0448424+08:00	sample-api-67b9868b9c-fq8k4           1m    13Mi   
2026-05-08T11:46:38.0448424+08:00	sample-api-67b9868b9c-nzkbb           72m   14Mi   
2026-05-08T11:46:48.3445666+08:00	prometheus-86b6ff97dc-txzfg           2m     28Mi   
2026-05-08T11:46:48.3445666+08:00	prometheus-adapter-7d7697f86c-szs26   4m     21Mi   
2026-05-08T11:46:48.3445666+08:00	sample-api-67b9868b9c-dvpx2           1m     11Mi   
2026-05-08T11:46:48.3445666+08:00	sample-api-67b9868b9c-fq8k4           1m     13Mi   
2026-05-08T11:46:48.3445666+08:00	sample-api-67b9868b9c-nzkbb           172m   14Mi   
2026-05-08T11:46:59.4025367+08:00	prometheus-86b6ff97dc-txzfg           3m     28Mi   
2026-05-08T11:46:59.4025367+08:00	prometheus-adapter-7d7697f86c-szs26   3m     21Mi   
2026-05-08T11:46:59.4025367+08:00	sample-api-67b9868b9c-dvpx2           1m     11Mi   
2026-05-08T11:46:59.4025367+08:00	sample-api-67b9868b9c-fq8k4           1m     13Mi   
2026-05-08T11:46:59.4025367+08:00	sample-api-67b9868b9c-nzkbb           163m   14Mi   
2026-05-08T11:47:09.7300321+08:00	prometheus-86b6ff97dc-txzfg           3m     28Mi   
2026-05-08T11:47:09.7300321+08:00	prometheus-adapter-7d7697f86c-szs26   3m     21Mi   
2026-05-08T11:47:09.7300321+08:00	sample-api-67b9868b9c-dvpx2           1m     11Mi   
2026-05-08T11:47:09.7300321+08:00	sample-api-67b9868b9c-fq8k4           1m     13Mi   
2026-05-08T11:47:09.7300321+08:00	sample-api-67b9868b9c-nzkbb           163m   14Mi   
2026-05-08T11:47:20.0342403+08:00	prometheus-86b6ff97dc-txzfg           3m     28Mi   
2026-05-08T11:47:20.0342403+08:00	prometheus-adapter-7d7697f86c-szs26   2m     21Mi   
2026-05-08T11:47:20.0342403+08:00	sample-api-67b9868b9c-dvpx2           1m     11Mi   
2026-05-08T11:47:20.0342403+08:00	sample-api-67b9868b9c-fq8k4           1m     13Mi   
2026-05-08T11:47:20.0342403+08:00	sample-api-67b9868b9c-nzkbb           170m   13Mi   
2026-05-08T11:47:30.2380373+08:00	prometheus-86b6ff97dc-txzfg           2m     28Mi   
2026-05-08T11:47:30.2380373+08:00	prometheus-adapter-7d7697f86c-szs26   3m     21Mi   
2026-05-08T11:47:30.2380373+08:00	sample-api-67b9868b9c-dvpx2           1m     11Mi   
2026-05-08T11:47:30.2380373+08:00	sample-api-67b9868b9c-fq8k4           1m     13Mi   
2026-05-08T11:47:30.2380373+08:00	sample-api-67b9868b9c-nzkbb           179m   14Mi   
2026-05-08T11:47:40.3425059+08:00	prometheus-86b6ff97dc-txzfg           2m     28Mi   
2026-05-08T11:47:40.3425059+08:00	prometheus-adapter-7d7697f86c-szs26   3m     21Mi   
2026-05-08T11:47:40.3425059+08:00	sample-api-67b9868b9c-dvpx2           1m     11Mi   
2026-05-08T11:47:40.3425059+08:00	sample-api-67b9868b9c-fq8k4           1m     13Mi   
2026-05-08T11:47:40.3425059+08:00	sample-api-67b9868b9c-nzkbb           179m   14Mi   
2026-05-08T11:47:50.6383986+08:00	prometheus-86b6ff97dc-txzfg           4m     28Mi   
2026-05-08T11:47:50.6383986+08:00	prometheus-adapter-7d7697f86c-szs26   2m     21Mi   
2026-05-08T11:47:50.6383986+08:00	sample-api-67b9868b9c-dvpx2           1m     11Mi   
2026-05-08T11:47:50.6383986+08:00	sample-api-67b9868b9c-fq8k4           1m     13Mi   
2026-05-08T11:47:50.6383986+08:00	sample-api-67b9868b9c-nzkbb           171m   14Mi   
2026-05-08T11:48:00.8258765+08:00	prometheus-86b6ff97dc-txzfg           2m     28Mi   
2026-05-08T11:48:00.8258765+08:00	prometheus-adapter-7d7697f86c-szs26   3m     21Mi   
2026-05-08T11:48:00.8258765+08:00	sample-api-67b9868b9c-dvpx2           1m     11Mi   
2026-05-08T11:48:00.8258765+08:00	sample-api-67b9868b9c-fq8k4           1m     13Mi   
2026-05-08T11:48:00.8258765+08:00	sample-api-67b9868b9c-nzkbb           174m   13Mi   
2026-05-08T11:48:11.0365962+08:00	prometheus-86b6ff97dc-txzfg           2m     28Mi   
2026-05-08T11:48:11.0365962+08:00	prometheus-adapter-7d7697f86c-szs26   3m     21Mi   
2026-05-08T11:48:11.0365962+08:00	sample-api-67b9868b9c-dvpx2           1m     11Mi   
2026-05-08T11:48:11.0365962+08:00	sample-api-67b9868b9c-fq8k4           1m     13Mi   
2026-05-08T11:48:11.0365962+08:00	sample-api-67b9868b9c-nzkbb           174m   13Mi   
2026-05-08T11:48:21.2396706+08:00	prometheus-86b6ff97dc-txzfg           2m     28Mi   
2026-05-08T11:48:21.2396706+08:00	prometheus-adapter-7d7697f86c-szs26   2m     21Mi   
2026-05-08T11:48:21.2396706+08:00	sample-api-67b9868b9c-dvpx2           1m     11Mi   
2026-05-08T11:48:21.2396706+08:00	sample-api-67b9868b9c-fq8k4           1m     13Mi   
2026-05-08T11:48:21.2396706+08:00	sample-api-67b9868b9c-nzkbb           173m   14Mi   
2026-05-08T11:48:31.4264938+08:00	prometheus-86b6ff97dc-txzfg           1m     28Mi   
2026-05-08T11:48:31.4264938+08:00	prometheus-adapter-7d7697f86c-szs26   2m     21Mi   
2026-05-08T11:48:31.4264938+08:00	sample-api-67b9868b9c-dvpx2           1m     11Mi   
2026-05-08T11:48:31.4264938+08:00	sample-api-67b9868b9c-fq8k4           1m     13Mi   
2026-05-08T11:48:31.4264938+08:00	sample-api-67b9868b9c-nzkbb           178m   14Mi   
2026-05-08T11:48:41.6227536+08:00	prometheus-86b6ff97dc-txzfg           5m     28Mi   
2026-05-08T11:48:41.6227536+08:00	prometheus-adapter-7d7697f86c-szs26   8m     21Mi   
2026-05-08T11:48:41.6227536+08:00	sample-api-67b9868b9c-dvpx2           1m     11Mi   
2026-05-08T11:48:41.6227536+08:00	sample-api-67b9868b9c-fq8k4           1m     13Mi   
2026-05-08T11:48:41.6227536+08:00	sample-api-67b9868b9c-nzkbb           168m   13Mi   
2026-05-08T11:48:51.8408314+08:00	prometheus-86b6ff97dc-txzfg           5m     28Mi   
2026-05-08T11:48:51.8408314+08:00	prometheus-adapter-7d7697f86c-szs26   8m     21Mi   
2026-05-08T11:48:51.8408314+08:00	sample-api-67b9868b9c-dvpx2           1m     11Mi   
2026-05-08T11:48:51.8408314+08:00	sample-api-67b9868b9c-fq8k4           1m     13Mi   
2026-05-08T11:48:51.8408314+08:00	sample-api-67b9868b9c-nzkbb           168m   13Mi   
2026-05-08T11:49:02.2350723+08:00	prometheus-86b6ff97dc-txzfg           3m     28Mi   
2026-05-08T11:49:02.2350723+08:00	prometheus-adapter-7d7697f86c-szs26   3m     21Mi   
2026-05-08T11:49:02.2350723+08:00	sample-api-67b9868b9c-dvpx2           1m     11Mi   
2026-05-08T11:49:02.2350723+08:00	sample-api-67b9868b9c-fq8k4           1m     13Mi   
2026-05-08T11:49:02.2350723+08:00	sample-api-67b9868b9c-nzkbb           175m   14Mi   
2026-05-08T11:49:12.5299585+08:00	prometheus-86b6ff97dc-txzfg           2m     28Mi   
2026-05-08T11:49:12.5299585+08:00	prometheus-adapter-7d7697f86c-szs26   2m     21Mi   
2026-05-08T11:49:12.5299585+08:00	sample-api-67b9868b9c-dvpx2           1m     11Mi   
2026-05-08T11:49:12.5299585+08:00	sample-api-67b9868b9c-fq8k4           1m     13Mi   
2026-05-08T11:49:12.5299585+08:00	sample-api-67b9868b9c-nzkbb           173m   14Mi   
2026-05-08T11:49:22.7299900+08:00	prometheus-86b6ff97dc-txzfg           2m     28Mi   
2026-05-08T11:49:22.7299900+08:00	prometheus-adapter-7d7697f86c-szs26   2m     21Mi   
2026-05-08T11:49:22.7299900+08:00	sample-api-67b9868b9c-dvpx2           1m     11Mi   
2026-05-08T11:49:22.7299900+08:00	sample-api-67b9868b9c-fq8k4           1m     13Mi   
2026-05-08T11:49:22.7299900+08:00	sample-api-67b9868b9c-nzkbb           173m   14Mi   
2026-05-08T11:49:32.9436931+08:00	prometheus-86b6ff97dc-txzfg           2m     28Mi   
2026-05-08T11:49:32.9436931+08:00	prometheus-adapter-7d7697f86c-szs26   3m     21Mi   
2026-05-08T11:49:32.9436931+08:00	sample-api-67b9868b9c-dvpx2           1m     11Mi   
2026-05-08T11:49:32.9436931+08:00	sample-api-67b9868b9c-fq8k4           1m     13Mi   
2026-05-08T11:49:32.9436931+08:00	sample-api-67b9868b9c-nzkbb           175m   14Mi   
2026-05-08T11:49:43.2264495+08:00	prometheus-86b6ff97dc-txzfg           4m     28Mi   
2026-05-08T11:49:43.2264495+08:00	prometheus-adapter-7d7697f86c-szs26   2m     21Mi   
2026-05-08T11:49:43.2264495+08:00	sample-api-67b9868b9c-dvpx2           1m     11Mi   
2026-05-08T11:49:43.2264495+08:00	sample-api-67b9868b9c-fq8k4           1m     13Mi   
2026-05-08T11:49:43.2264495+08:00	sample-api-67b9868b9c-nzkbb           173m   14Mi   
2026-05-08T11:49:53.5232824+08:00	prometheus-86b6ff97dc-txzfg           4m     28Mi   
2026-05-08T11:49:53.5232824+08:00	prometheus-adapter-7d7697f86c-szs26   2m     21Mi   
2026-05-08T11:49:53.5232824+08:00	sample-api-67b9868b9c-dvpx2           1m     11Mi   
2026-05-08T11:49:53.5232824+08:00	sample-api-67b9868b9c-fq8k4           1m     13Mi   
2026-05-08T11:49:53.5232824+08:00	sample-api-67b9868b9c-nzkbb           173m   14Mi   
2026-05-08T11:50:03.7286359+08:00	prometheus-86b6ff97dc-txzfg           2m     28Mi   
2026-05-08T11:50:03.7286359+08:00	prometheus-adapter-7d7697f86c-szs26   2m     21Mi   
2026-05-08T11:50:03.7286359+08:00	sample-api-67b9868b9c-dvpx2           1m     11Mi   
2026-05-08T11:50:03.7286359+08:00	sample-api-67b9868b9c-fq8k4           1m     13Mi   
2026-05-08T11:50:03.7286359+08:00	sample-api-67b9868b9c-nzkbb           175m   13Mi   
2026-05-08T11:50:13.9299822+08:00	prometheus-86b6ff97dc-txzfg           2m     28Mi   
2026-05-08T11:50:13.9299822+08:00	prometheus-adapter-7d7697f86c-szs26   2m     21Mi   
2026-05-08T11:50:13.9299822+08:00	sample-api-67b9868b9c-dvpx2           1m     11Mi   
2026-05-08T11:50:13.9299822+08:00	sample-api-67b9868b9c-fq8k4           1m     13Mi   
2026-05-08T11:50:13.9299822+08:00	sample-api-67b9868b9c-nzkbb           175m   13Mi   
2026-05-08T11:50:24.2182007+08:00	prometheus-86b6ff97dc-txzfg           2m     28Mi   
2026-05-08T11:50:24.2182007+08:00	prometheus-adapter-7d7697f86c-szs26   2m     21Mi   
2026-05-08T11:50:24.2182007+08:00	sample-api-67b9868b9c-dvpx2           1m     11Mi   
2026-05-08T11:50:24.2182007+08:00	sample-api-67b9868b9c-fq8k4           1m     13Mi   
2026-05-08T11:50:24.2182007+08:00	sample-api-67b9868b9c-nzkbb           175m   13Mi   
2026-05-08T11:50:34.4354264+08:00	prometheus-86b6ff97dc-txzfg           2m     28Mi   
2026-05-08T11:50:34.4354264+08:00	prometheus-adapter-7d7697f86c-szs26   3m     21Mi   
2026-05-08T11:50:34.4354264+08:00	sample-api-67b9868b9c-dvpx2           1m     11Mi   
2026-05-08T11:50:34.4354264+08:00	sample-api-67b9868b9c-fq8k4           1m     13Mi   
2026-05-08T11:50:34.4354264+08:00	sample-api-67b9868b9c-nzkbb           183m   15Mi   
2026-05-08T11:50:44.7277342+08:00	prometheus-86b6ff97dc-txzfg           2m     28Mi   
2026-05-08T11:50:44.7277342+08:00	prometheus-adapter-7d7697f86c-szs26   4m     21Mi   
2026-05-08T11:50:44.7277342+08:00	sample-api-67b9868b9c-dvpx2           1m     11Mi   
2026-05-08T11:50:44.7277342+08:00	sample-api-67b9868b9c-fq8k4           2m     13Mi   
2026-05-08T11:50:44.7277342+08:00	sample-api-67b9868b9c-nzkbb           172m   15Mi   
2026-05-08T11:50:55.1219331+08:00	prometheus-86b6ff97dc-txzfg           2m     28Mi   
2026-05-08T11:50:55.1219331+08:00	prometheus-adapter-7d7697f86c-szs26   4m     21Mi   
2026-05-08T11:50:55.1219331+08:00	sample-api-67b9868b9c-dvpx2           1m     11Mi   
2026-05-08T11:50:55.1219331+08:00	sample-api-67b9868b9c-fq8k4           2m     13Mi   
2026-05-08T11:50:55.1219331+08:00	sample-api-67b9868b9c-nzkbb           172m   15Mi   
2026-05-08T11:51:05.3269646+08:00	prometheus-86b6ff97dc-txzfg           3m     28Mi   
2026-05-08T11:51:05.3269646+08:00	prometheus-adapter-7d7697f86c-szs26   3m     21Mi   
2026-05-08T11:51:05.3269646+08:00	sample-api-67b9868b9c-dvpx2           2m     11Mi   
2026-05-08T11:51:05.3269646+08:00	sample-api-67b9868b9c-fq8k4           1m     13Mi   
2026-05-08T11:51:05.3269646+08:00	sample-api-67b9868b9c-nzkbb           176m   15Mi   
2026-05-08T11:51:15.6279434+08:00	prometheus-86b6ff97dc-txzfg           2m     28Mi   
2026-05-08T11:51:15.6279434+08:00	prometheus-adapter-7d7697f86c-szs26   3m     21Mi   
2026-05-08T11:51:15.6279434+08:00	sample-api-67b9868b9c-dvpx2           1m     11Mi   
2026-05-08T11:51:15.6279434+08:00	sample-api-67b9868b9c-fq8k4           1m     13Mi   
2026-05-08T11:51:15.6279434+08:00	sample-api-67b9868b9c-nzkbb           177m   15Mi   
