2026-05-08T11:52:23.4688278+08:00	prometheus-86b6ff97dc-txzfg           2m    29Mi   
2026-05-08T11:52:23.4688278+08:00	prometheus-adapter-7d7697f86c-szs26   3m    21Mi   
2026-05-08T11:52:23.4688278+08:00	sample-api-67b9868b9c-dvpx2           1m    11Mi   
2026-05-08T11:52:23.4688278+08:00	sample-api-67b9868b9c-fq8k4           1m    13Mi   
2026-05-08T11:52:23.4688278+08:00	sample-api-67b9868b9c-nzkbb           1m    15Mi   
2026-05-08T11:52:33.5892795+08:00	prometheus-86b6ff97dc-txzfg           2m    29Mi   
2026-05-08T11:52:33.5892795+08:00	prometheus-adapter-7d7697f86c-szs26   3m    21Mi   
2026-05-08T11:52:33.5892795+08:00	sample-api-67b9868b9c-dvpx2           1m    11Mi   
2026-05-08T11:52:33.5892795+08:00	sample-api-67b9868b9c-fq8k4           1m    13Mi   
2026-05-08T11:52:33.5892795+08:00	sample-api-67b9868b9c-nzkbb           9m    15Mi   
2026-05-08T11:52:43.9256393+08:00	prometheus-86b6ff97dc-txzfg           2m     29Mi   
2026-05-08T11:52:43.9256393+08:00	prometheus-adapter-7d7697f86c-szs26   6m     21Mi   
2026-05-08T11:52:43.9256393+08:00	sample-api-67b9868b9c-dvpx2           1m     11Mi   
2026-05-08T11:52:43.9256393+08:00	sample-api-67b9868b9c-fq8k4           2m     13Mi   
2026-05-08T11:52:43.9256393+08:00	sample-api-67b9868b9c-nzkbb           165m   15Mi   
2026-05-08T11:52:54.2193578+08:00	prometheus-86b6ff97dc-txzfg           2m     29Mi   
2026-05-08T11:52:54.2193578+08:00	prometheus-adapter-7d7697f86c-szs26   6m     21Mi   
2026-05-08T11:52:54.2193578+08:00	sample-api-67b9868b9c-dvpx2           1m     11Mi   
2026-05-08T11:52:54.2193578+08:00	sample-api-67b9868b9c-fq8k4           2m     13Mi   
2026-05-08T11:52:54.2193578+08:00	sample-api-67b9868b9c-nzkbb           165m   15Mi   
2026-05-08T11:53:04.5145192+08:00	prometheus-86b6ff97dc-txzfg           2m     29Mi   
2026-05-08T11:53:04.5145192+08:00	prometheus-adapter-7d7697f86c-szs26   4m     21Mi   
2026-05-08T11:53:04.5145192+08:00	sample-api-67b9868b9c-dvpx2           1m     11Mi   
2026-05-08T11:53:04.5145192+08:00	sample-api-67b9868b9c-fq8k4           1m     13Mi   
2026-05-08T11:53:04.5145192+08:00	sample-api-67b9868b9c-nzkbb           174m   15Mi   
2026-05-08T11:53:14.7146969+08:00	prometheus-86b6ff97dc-txzfg           3m     29Mi   
2026-05-08T11:53:14.7146969+08:00	prometheus-adapter-7d7697f86c-szs26   2m     21Mi   
2026-05-08T11:53:14.7146969+08:00	sample-api-67b9868b9c-dvpx2           1m     11Mi   
2026-05-08T11:53:14.7146969+08:00	sample-api-67b9868b9c-fq8k4           2m     13Mi   
2026-05-08T11:53:14.7146969+08:00	sample-api-67b9868b9c-nzkbb           170m   16Mi   
2026-05-08T11:53:25.1094041+08:00	prometheus-86b6ff97dc-txzfg           3m     29Mi   
2026-05-08T11:53:25.1094041+08:00	prometheus-adapter-7d7697f86c-szs26   2m     21Mi   
2026-05-08T11:53:25.1094041+08:00	sample-api-67b9868b9c-dvpx2           1m     11Mi   
2026-05-08T11:53:25.1094041+08:00	sample-api-67b9868b9c-fq8k4           2m     13Mi   
2026-05-08T11:53:25.1094041+08:00	sample-api-67b9868b9c-nzkbb           170m   16Mi   
2026-05-08T11:53:35.4123877+08:00	prometheus-86b6ff97dc-txzfg           3m     29Mi   
2026-05-08T11:53:35.4123877+08:00	prometheus-adapter-7d7697f86c-szs26   3m     21Mi   
2026-05-08T11:53:35.4123877+08:00	sample-api-67b9868b9c-dvpx2           1m     11Mi   
2026-05-08T11:53:35.4123877+08:00	sample-api-67b9868b9c-fq8k4           1m     13Mi   
2026-05-08T11:53:35.4123877+08:00	sample-api-67b9868b9c-nzkbb           175m   16Mi   
2026-05-08T11:53:45.6176355+08:00	prometheus-86b6ff97dc-txzfg           6m     28Mi   
2026-05-08T11:53:45.6176355+08:00	prometheus-adapter-7d7697f86c-szs26   3m     21Mi   
2026-05-08T11:53:45.6176355+08:00	sample-api-67b9868b9c-dvpx2           1m     11Mi   
2026-05-08T11:53:45.6176355+08:00	sample-api-67b9868b9c-fq8k4           2m     13Mi   
2026-05-08T11:53:45.6176355+08:00	sample-api-67b9868b9c-nzkbb           173m   15Mi   
2026-05-08T11:53:55.9194659+08:00	prometheus-86b6ff97dc-txzfg           6m     28Mi   
2026-05-08T11:53:55.9194659+08:00	prometheus-adapter-7d7697f86c-szs26   3m     21Mi   
2026-05-08T11:53:55.9194659+08:00	sample-api-67b9868b9c-dvpx2           1m     11Mi   
2026-05-08T11:53:55.9194659+08:00	sample-api-67b9868b9c-fq8k4           2m     13Mi   
2026-05-08T11:53:55.9194659+08:00	sample-api-67b9868b9c-nzkbb           173m   15Mi   
2026-05-08T11:54:06.3079584+08:00	prometheus-86b6ff97dc-txzfg           2m     28Mi   
2026-05-08T11:54:06.3079584+08:00	prometheus-adapter-7d7697f86c-szs26   4m     21Mi   
2026-05-08T11:54:06.3079584+08:00	sample-api-67b9868b9c-dvpx2           2m     11Mi   
2026-05-08T11:54:06.3079584+08:00	sample-api-67b9868b9c-fq8k4           2m     13Mi   
2026-05-08T11:54:06.3079584+08:00	sample-api-67b9868b9c-nzkbb           172m   16Mi   
2026-05-08T11:54:16.5165152+08:00	prometheus-86b6ff97dc-txzfg           3m     28Mi   
2026-05-08T11:54:16.5165152+08:00	prometheus-adapter-7d7697f86c-szs26   3m     21Mi   
2026-05-08T11:54:16.5165152+08:00	sample-api-67b9868b9c-dvpx2           1m     11Mi   
2026-05-08T11:54:16.5165152+08:00	sample-api-67b9868b9c-fq8k4           1m     13Mi   
2026-05-08T11:54:16.5165152+08:00	sample-api-67b9868b9c-nzkbb           174m   16Mi   
2026-05-08T11:54:26.9079049+08:00	prometheus-86b6ff97dc-txzfg           2m     28Mi   
2026-05-08T11:54:26.9079049+08:00	prometheus-adapter-7d7697f86c-szs26   4m     21Mi   
2026-05-08T11:54:26.9079049+08:00	sample-api-67b9868b9c-dvpx2           1m     11Mi   
2026-05-08T11:54:26.9079049+08:00	sample-api-67b9868b9c-fq8k4           2m     13Mi   
2026-05-08T11:54:26.9079049+08:00	sample-api-67b9868b9c-nzkbb           176m   15Mi   
2026-05-08T11:54:37.3104162+08:00	prometheus-86b6ff97dc-txzfg           2m     28Mi   
2026-05-08T11:54:37.3104162+08:00	prometheus-adapter-7d7697f86c-szs26   4m     21Mi   
2026-05-08T11:54:37.3104162+08:00	sample-api-67b9868b9c-dvpx2           1m     11Mi   
2026-05-08T11:54:37.3104162+08:00	sample-api-67b9868b9c-fq8k4           2m     13Mi   
2026-05-08T11:54:37.3104162+08:00	sample-api-67b9868b9c-nzkbb           176m   15Mi   
2026-05-08T11:54:47.7205699+08:00	prometheus-86b6ff97dc-txzfg           2m     28Mi   
2026-05-08T11:54:47.7205699+08:00	prometheus-adapter-7d7697f86c-szs26   15m    21Mi   
2026-05-08T11:54:47.7205699+08:00	sample-api-67b9868b9c-dvpx2           3m     11Mi   
2026-05-08T11:54:47.7205699+08:00	sample-api-67b9868b9c-fq8k4           1m     13Mi   
2026-05-08T11:54:47.7205699+08:00	sample-api-67b9868b9c-nzkbb           173m   15Mi   
2026-05-08T11:54:58.1123370+08:00	prometheus-86b6ff97dc-txzfg           2m     28Mi   
2026-05-08T11:54:58.1123370+08:00	prometheus-adapter-7d7697f86c-szs26   3m     21Mi   
2026-05-08T11:54:58.1123370+08:00	sample-api-67b9868b9c-dvpx2           1m     11Mi   
2026-05-08T11:54:58.1123370+08:00	sample-api-67b9868b9c-fq8k4           1m     13Mi   
2026-05-08T11:54:58.1123370+08:00	sample-api-67b9868b9c-nzkbb           184m   15Mi   
2026-05-08T11:55:08.5065478+08:00	prometheus-86b6ff97dc-txzfg           2m     28Mi   
2026-05-08T11:55:08.5065478+08:00	prometheus-adapter-7d7697f86c-szs26   3m     21Mi   
2026-05-08T11:55:08.5065478+08:00	sample-api-67b9868b9c-dvpx2           1m     11Mi   
2026-05-08T11:55:08.5065478+08:00	sample-api-67b9868b9c-fq8k4           1m     13Mi   
2026-05-08T11:55:08.5065478+08:00	sample-api-67b9868b9c-nzkbb           184m   15Mi   
2026-05-08T11:55:18.9052650+08:00	prometheus-86b6ff97dc-txzfg           2m     28Mi   
2026-05-08T11:55:18.9052650+08:00	prometheus-adapter-7d7697f86c-szs26   3m     21Mi   
2026-05-08T11:55:18.9052650+08:00	sample-api-67b9868b9c-dvpx2           1m     11Mi   
2026-05-08T11:55:18.9052650+08:00	sample-api-67b9868b9c-fq8k4           1m     13Mi   
2026-05-08T11:55:18.9052650+08:00	sample-api-67b9868b9c-nzkbb           178m   15Mi   
2026-05-08T11:55:29.2143753+08:00	prometheus-86b6ff97dc-txzfg           2m     28Mi   
2026-05-08T11:55:29.2143753+08:00	prometheus-adapter-7d7697f86c-szs26   3m     21Mi   
2026-05-08T11:55:29.2143753+08:00	sample-api-67b9868b9c-dvpx2           1m     11Mi   
2026-05-08T11:55:29.2143753+08:00	sample-api-67b9868b9c-fq8k4           1m     13Mi   
2026-05-08T11:55:29.2143753+08:00	sample-api-67b9868b9c-nzkbb           178m   15Mi   
2026-05-08T11:55:39.5136039+08:00	prometheus-86b6ff97dc-txzfg           2m     28Mi   
2026-05-08T11:55:39.5136039+08:00	prometheus-adapter-7d7697f86c-szs26   3m     21Mi   
2026-05-08T11:55:39.5136039+08:00	sample-api-67b9868b9c-dvpx2           1m     11Mi   
2026-05-08T11:55:39.5136039+08:00	sample-api-67b9868b9c-fq8k4           1m     13Mi   
2026-05-08T11:55:39.5136039+08:00	sample-api-67b9868b9c-nzkbb           178m   15Mi   
2026-05-08T11:55:50.0010117+08:00	prometheus-86b6ff97dc-txzfg           4m     29Mi   
2026-05-08T11:55:50.0010117+08:00	prometheus-adapter-7d7697f86c-szs26   2m     21Mi   
2026-05-08T11:55:50.0010117+08:00	sample-api-67b9868b9c-dvpx2           1m     11Mi   
2026-05-08T11:55:50.0010117+08:00	sample-api-67b9868b9c-fq8k4           1m     13Mi   
2026-05-08T11:55:50.0010117+08:00	sample-api-67b9868b9c-nzkbb           178m   15Mi   
2026-05-08T11:56:00.1111070+08:00	prometheus-86b6ff97dc-txzfg           2m    29Mi   
2026-05-08T11:56:00.1111070+08:00	prometheus-adapter-7d7697f86c-szs26   3m    21Mi   
2026-05-08T11:56:00.1111070+08:00	sample-api-67b9868b9c-dvpx2           1m    11Mi   
2026-05-08T11:56:00.1111070+08:00	sample-api-67b9868b9c-fq8k4           1m    13Mi   
2026-05-08T11:56:10.2269027+08:00	prometheus-86b6ff97dc-txzfg           2m    29Mi   
2026-05-08T11:56:10.2269027+08:00	prometheus-adapter-7d7697f86c-szs26   3m    21Mi   
2026-05-08T11:56:10.2269027+08:00	sample-api-67b9868b9c-dvpx2           1m    11Mi   
2026-05-08T11:56:10.2269027+08:00	sample-api-67b9868b9c-fq8k4           1m    13Mi   
2026-05-08T11:56:20.3308635+08:00	prometheus-86b6ff97dc-txzfg           2m    29Mi   
2026-05-08T11:56:20.3308635+08:00	prometheus-adapter-7d7697f86c-szs26   3m    21Mi   
2026-05-08T11:56:20.3308635+08:00	sample-api-67b9868b9c-dvpx2           1m    11Mi   
2026-05-08T11:56:20.3308635+08:00	sample-api-67b9868b9c-fq8k4           1m    13Mi   
2026-05-08T11:56:20.3308635+08:00	sample-api-67b9868b9c-nzkbb           1m    13Mi   
2026-05-08T11:56:30.4335800+08:00	prometheus-86b6ff97dc-txzfg           2m    29Mi   
2026-05-08T11:56:30.4335800+08:00	prometheus-adapter-7d7697f86c-szs26   3m    21Mi   
2026-05-08T11:56:30.4335800+08:00	sample-api-67b9868b9c-dvpx2           1m    11Mi   
2026-05-08T11:56:30.4335800+08:00	sample-api-67b9868b9c-fq8k4           1m    13Mi   
2026-05-08T11:56:30.4335800+08:00	sample-api-67b9868b9c-nzkbb           1m    13Mi   
2026-05-08T11:56:40.5486967+08:00	prometheus-86b6ff97dc-txzfg           2m    29Mi   
2026-05-08T11:56:40.5486967+08:00	prometheus-adapter-7d7697f86c-szs26   3m    21Mi   
2026-05-08T11:56:40.5486967+08:00	sample-api-67b9868b9c-dvpx2           1m    11Mi   
2026-05-08T11:56:40.5486967+08:00	sample-api-67b9868b9c-fq8k4           1m    13Mi   
2026-05-08T11:56:40.5486967+08:00	sample-api-67b9868b9c-nzkbb           1m    13Mi   
2026-05-08T11:56:50.6587450+08:00	prometheus-86b6ff97dc-txzfg           2m    29Mi   
2026-05-08T11:56:50.6587450+08:00	prometheus-adapter-7d7697f86c-szs26   3m    21Mi   
2026-05-08T11:56:50.6587450+08:00	sample-api-67b9868b9c-dvpx2           1m    11Mi   
2026-05-08T11:56:50.6587450+08:00	sample-api-67b9868b9c-fq8k4           1m    13Mi   
2026-05-08T11:56:50.6587450+08:00	sample-api-67b9868b9c-nzkbb           1m    13Mi   
2026-05-08T11:57:00.7706080+08:00	prometheus-86b6ff97dc-txzfg           2m    29Mi   
2026-05-08T11:57:00.7706080+08:00	prometheus-adapter-7d7697f86c-szs26   3m    21Mi   
2026-05-08T11:57:00.7706080+08:00	sample-api-67b9868b9c-dvpx2           1m    11Mi   
2026-05-08T11:57:00.7706080+08:00	sample-api-67b9868b9c-fq8k4           1m    13Mi   
2026-05-08T11:57:00.7706080+08:00	sample-api-67b9868b9c-nzkbb           1m    13Mi   
2026-05-08T11:57:10.8813856+08:00	prometheus-86b6ff97dc-txzfg           2m    29Mi   
2026-05-08T11:57:10.8813856+08:00	prometheus-adapter-7d7697f86c-szs26   3m    21Mi   
2026-05-08T11:57:10.8813856+08:00	sample-api-67b9868b9c-dvpx2           1m    11Mi   
2026-05-08T11:57:10.8813856+08:00	sample-api-67b9868b9c-fq8k4           1m    13Mi   
2026-05-08T11:57:10.8813856+08:00	sample-api-67b9868b9c-nzkbb           1m    13Mi   
2026-05-08T11:57:20.9886691+08:00	prometheus-86b6ff97dc-txzfg           2m    29Mi   
2026-05-08T11:57:20.9886691+08:00	prometheus-adapter-7d7697f86c-szs26   2m    21Mi   
2026-05-08T11:57:20.9886691+08:00	sample-api-67b9868b9c-dvpx2           1m    11Mi   
2026-05-08T11:57:20.9886691+08:00	sample-api-67b9868b9c-fq8k4           1m    13Mi   
2026-05-08T11:57:20.9886691+08:00	sample-api-67b9868b9c-nzkbb           1m    13Mi   
