2026-05-08T11:40:11.8824275+08:00	prometheus-86b6ff97dc-txzfg           2m    29Mi   
2026-05-08T11:40:11.8824275+08:00	prometheus-adapter-7d7697f86c-szs26   2m    21Mi   
2026-05-08T11:40:11.8824275+08:00	sample-api-67b9868b9c-dvpx2           1m    11Mi   
2026-05-08T11:40:11.8824275+08:00	sample-api-67b9868b9c-nzkbb           1m    13Mi   
2026-05-08T11:40:22.0091643+08:00	prometheus-86b6ff97dc-txzfg           2m    29Mi   
2026-05-08T11:40:22.0091643+08:00	prometheus-adapter-7d7697f86c-szs26   2m    21Mi   
2026-05-08T11:40:22.0091643+08:00	sample-api-67b9868b9c-dvpx2           1m    11Mi   
2026-05-08T11:40:22.0091643+08:00	sample-api-67b9868b9c-nzkbb           1m    13Mi   
2026-05-08T11:40:32.2643885+08:00	prometheus-86b6ff97dc-txzfg           1m     28Mi   
2026-05-08T11:40:32.2643885+08:00	prometheus-adapter-7d7697f86c-szs26   2m     21Mi   
2026-05-08T11:40:32.2643885+08:00	sample-api-67b9868b9c-dvpx2           1m     11Mi   
2026-05-08T11:40:32.2643885+08:00	sample-api-67b9868b9c-nzkbb           138m   14Mi   
2026-05-08T11:40:42.4624386+08:00	prometheus-86b6ff97dc-txzfg           2m     28Mi   
2026-05-08T11:40:42.4624386+08:00	prometheus-adapter-7d7697f86c-szs26   4m     21Mi   
2026-05-08T11:40:42.4624386+08:00	sample-api-67b9868b9c-dvpx2           1m     11Mi   
2026-05-08T11:40:42.4624386+08:00	sample-api-67b9868b9c-nzkbb           172m   13Mi   
2026-05-08T11:40:52.6575134+08:00	prometheus-86b6ff97dc-txzfg           2m     28Mi   
2026-05-08T11:40:52.6575134+08:00	prometheus-adapter-7d7697f86c-szs26   4m     21Mi   
2026-05-08T11:40:52.6575134+08:00	sample-api-67b9868b9c-dvpx2           1m     11Mi   
2026-05-08T11:40:52.6575134+08:00	sample-api-67b9868b9c-nzkbb           172m   13Mi   
2026-05-08T11:41:02.9705288+08:00	prometheus-86b6ff97dc-txzfg           2m     29Mi   
2026-05-08T11:41:02.9705288+08:00	prometheus-adapter-7d7697f86c-szs26   3m     21Mi   
2026-05-08T11:41:02.9705288+08:00	sample-api-67b9868b9c-dvpx2           1m     11Mi   
2026-05-08T11:41:02.9705288+08:00	sample-api-67b9868b9c-fq8k4           91m    13Mi   
2026-05-08T11:41:02.9705288+08:00	sample-api-67b9868b9c-nzkbb           159m   13Mi   
2026-05-08T11:41:13.2731946+08:00	prometheus-86b6ff97dc-txzfg           2m     29Mi   
2026-05-08T11:41:13.2731946+08:00	prometheus-adapter-7d7697f86c-szs26   2m     21Mi   
2026-05-08T11:41:13.2731946+08:00	sample-api-67b9868b9c-dvpx2           1m     11Mi   
2026-05-08T11:41:13.2731946+08:00	sample-api-67b9868b9c-fq8k4           1m     13Mi   
2026-05-08T11:41:13.2731946+08:00	sample-api-67b9868b9c-nzkbb           172m   13Mi   
2026-05-08T11:41:23.6596889+08:00	prometheus-86b6ff97dc-txzfg           2m     29Mi   
2026-05-08T11:41:23.6596889+08:00	prometheus-adapter-7d7697f86c-szs26   2m     21Mi   
2026-05-08T11:41:23.6596889+08:00	sample-api-67b9868b9c-dvpx2           1m     11Mi   
2026-05-08T11:41:23.6596889+08:00	sample-api-67b9868b9c-fq8k4           1m     13Mi   
2026-05-08T11:41:23.6596889+08:00	sample-api-67b9868b9c-nzkbb           172m   13Mi   
2026-05-08T11:41:33.8647934+08:00	prometheus-86b6ff97dc-txzfg           2m     29Mi   
2026-05-08T11:41:33.8647934+08:00	prometheus-adapter-7d7697f86c-szs26   3m     21Mi   
2026-05-08T11:41:33.8647934+08:00	sample-api-67b9868b9c-dvpx2           1m     11Mi   
2026-05-08T11:41:33.8647934+08:00	sample-api-67b9868b9c-fq8k4           2m     13Mi   
2026-05-08T11:41:33.8647934+08:00	sample-api-67b9868b9c-nzkbb           175m   14Mi   
2026-05-08T11:41:44.1551247+08:00	prometheus-86b6ff97dc-txzfg           4m     29Mi   
2026-05-08T11:41:44.1551247+08:00	prometheus-adapter-7d7697f86c-szs26   3m     21Mi   
2026-05-08T11:41:44.1551247+08:00	sample-api-67b9868b9c-dvpx2           1m     11Mi   
2026-05-08T11:41:44.1551247+08:00	sample-api-67b9868b9c-fq8k4           1m     13Mi   
2026-05-08T11:41:44.1551247+08:00	sample-api-67b9868b9c-nzkbb           173m   13Mi   
2026-05-08T11:41:54.3652700+08:00	prometheus-86b6ff97dc-txzfg           4m     29Mi   
2026-05-08T11:41:54.3652700+08:00	prometheus-adapter-7d7697f86c-szs26   3m     21Mi   
2026-05-08T11:41:54.3652700+08:00	sample-api-67b9868b9c-dvpx2           1m     11Mi   
2026-05-08T11:41:54.3652700+08:00	sample-api-67b9868b9c-fq8k4           1m     13Mi   
2026-05-08T11:41:54.3652700+08:00	sample-api-67b9868b9c-nzkbb           173m   13Mi   
2026-05-08T11:42:04.6578155+08:00	prometheus-86b6ff97dc-txzfg           3m     29Mi   
2026-05-08T11:42:04.6578155+08:00	prometheus-adapter-7d7697f86c-szs26   6m     21Mi   
2026-05-08T11:42:04.6578155+08:00	sample-api-67b9868b9c-dvpx2           3m     11Mi   
2026-05-08T11:42:04.6578155+08:00	sample-api-67b9868b9c-fq8k4           2m     13Mi   
2026-05-08T11:42:04.6578155+08:00	sample-api-67b9868b9c-nzkbb           173m   13Mi   
2026-05-08T11:42:14.8746042+08:00	prometheus-86b6ff97dc-txzfg           4m     29Mi   
2026-05-08T11:42:14.8746042+08:00	prometheus-adapter-7d7697f86c-szs26   3m     21Mi   
2026-05-08T11:42:14.8746042+08:00	sample-api-67b9868b9c-dvpx2           1m     11Mi   
2026-05-08T11:42:14.8746042+08:00	sample-api-67b9868b9c-fq8k4           1m     13Mi   
2026-05-08T11:42:14.8746042+08:00	sample-api-67b9868b9c-nzkbb           179m   13Mi   
2026-05-08T11:42:25.1536097+08:00	prometheus-86b6ff97dc-txzfg           4m     29Mi   
2026-05-08T11:42:25.1536097+08:00	prometheus-adapter-7d7697f86c-szs26   3m     21Mi   
2026-05-08T11:42:25.1536097+08:00	sample-api-67b9868b9c-dvpx2           1m     11Mi   
2026-05-08T11:42:25.1536097+08:00	sample-api-67b9868b9c-fq8k4           1m     13Mi   
2026-05-08T11:42:25.1536097+08:00	sample-api-67b9868b9c-nzkbb           179m   13Mi   
2026-05-08T11:42:35.3621588+08:00	prometheus-86b6ff97dc-txzfg           2m     29Mi   
2026-05-08T11:42:35.3621588+08:00	prometheus-adapter-7d7697f86c-szs26   3m     21Mi   
2026-05-08T11:42:35.3621588+08:00	sample-api-67b9868b9c-dvpx2           1m     11Mi   
2026-05-08T11:42:35.3621588+08:00	sample-api-67b9868b9c-fq8k4           1m     13Mi   
2026-05-08T11:42:35.3621588+08:00	sample-api-67b9868b9c-nzkbb           174m   13Mi   
2026-05-08T11:42:45.6590591+08:00	prometheus-86b6ff97dc-txzfg           3m     29Mi   
2026-05-08T11:42:45.6590591+08:00	prometheus-adapter-7d7697f86c-szs26   4m     21Mi   
2026-05-08T11:42:45.6590591+08:00	sample-api-67b9868b9c-dvpx2           1m     11Mi   
2026-05-08T11:42:45.6590591+08:00	sample-api-67b9868b9c-fq8k4           1m     13Mi   
2026-05-08T11:42:45.6590591+08:00	sample-api-67b9868b9c-nzkbb           163m   14Mi   
2026-05-08T11:42:55.8571033+08:00	prometheus-86b6ff97dc-txzfg           3m     29Mi   
2026-05-08T11:42:55.8571033+08:00	prometheus-adapter-7d7697f86c-szs26   4m     21Mi   
2026-05-08T11:42:55.8571033+08:00	sample-api-67b9868b9c-dvpx2           1m     11Mi   
2026-05-08T11:42:55.8571033+08:00	sample-api-67b9868b9c-fq8k4           1m     13Mi   
2026-05-08T11:42:55.8571033+08:00	sample-api-67b9868b9c-nzkbb           163m   14Mi   
2026-05-08T11:43:06.0643296+08:00	prometheus-86b6ff97dc-txzfg           2m     29Mi   
2026-05-08T11:43:06.0643296+08:00	prometheus-adapter-7d7697f86c-szs26   3m     21Mi   
2026-05-08T11:43:06.0643296+08:00	sample-api-67b9868b9c-dvpx2           1m     11Mi   
2026-05-08T11:43:06.0643296+08:00	sample-api-67b9868b9c-fq8k4           1m     13Mi   
2026-05-08T11:43:06.0643296+08:00	sample-api-67b9868b9c-nzkbb           171m   13Mi   
2026-05-08T11:43:16.4568538+08:00	prometheus-86b6ff97dc-txzfg           2m     29Mi   
2026-05-08T11:43:16.4568538+08:00	prometheus-adapter-7d7697f86c-szs26   3m     21Mi   
2026-05-08T11:43:16.4568538+08:00	sample-api-67b9868b9c-dvpx2           1m     11Mi   
2026-05-08T11:43:16.4568538+08:00	sample-api-67b9868b9c-fq8k4           1m     13Mi   
2026-05-08T11:43:16.4568538+08:00	sample-api-67b9868b9c-nzkbb           175m   13Mi   
2026-05-08T11:43:26.7464195+08:00	prometheus-86b6ff97dc-txzfg           2m     29Mi   
2026-05-08T11:43:26.7464195+08:00	prometheus-adapter-7d7697f86c-szs26   3m     21Mi   
2026-05-08T11:43:26.7464195+08:00	sample-api-67b9868b9c-dvpx2           1m     11Mi   
2026-05-08T11:43:26.7464195+08:00	sample-api-67b9868b9c-fq8k4           2m     13Mi   
2026-05-08T11:43:26.7464195+08:00	sample-api-67b9868b9c-nzkbb           176m   13Mi   
2026-05-08T11:43:36.9812834+08:00	prometheus-86b6ff97dc-txzfg           2m     29Mi   
2026-05-08T11:43:36.9812834+08:00	prometheus-adapter-7d7697f86c-szs26   3m     21Mi   
2026-05-08T11:43:36.9812834+08:00	sample-api-67b9868b9c-dvpx2           1m     11Mi   
2026-05-08T11:43:36.9812834+08:00	sample-api-67b9868b9c-fq8k4           2m     13Mi   
2026-05-08T11:43:36.9812834+08:00	sample-api-67b9868b9c-nzkbb           176m   13Mi   
2026-05-08T11:43:47.3546032+08:00	prometheus-86b6ff97dc-txzfg           3m     29Mi   
2026-05-08T11:43:47.3546032+08:00	prometheus-adapter-7d7697f86c-szs26   3m     21Mi   
2026-05-08T11:43:47.3546032+08:00	sample-api-67b9868b9c-dvpx2           1m     11Mi   
2026-05-08T11:43:47.3546032+08:00	sample-api-67b9868b9c-fq8k4           1m     13Mi   
2026-05-08T11:43:47.3546032+08:00	sample-api-67b9868b9c-nzkbb           167m   13Mi   
2026-05-08T11:43:57.6551098+08:00	prometheus-86b6ff97dc-txzfg           3m     29Mi   
2026-05-08T11:43:57.6551098+08:00	prometheus-adapter-7d7697f86c-szs26   3m     21Mi   
2026-05-08T11:43:57.6551098+08:00	sample-api-67b9868b9c-dvpx2           1m     11Mi   
2026-05-08T11:43:57.6551098+08:00	sample-api-67b9868b9c-fq8k4           1m     13Mi   
2026-05-08T11:43:57.6551098+08:00	sample-api-67b9868b9c-nzkbb           173m   13Mi   
2026-05-08T11:44:07.8544067+08:00	prometheus-86b6ff97dc-txzfg           3m     29Mi   
2026-05-08T11:44:07.8544067+08:00	prometheus-adapter-7d7697f86c-szs26   3m     21Mi   
2026-05-08T11:44:07.8544067+08:00	sample-api-67b9868b9c-dvpx2           1m     11Mi   
2026-05-08T11:44:07.8544067+08:00	sample-api-67b9868b9c-fq8k4           1m     13Mi   
2026-05-08T11:44:07.8544067+08:00	sample-api-67b9868b9c-nzkbb           173m   13Mi   
2026-05-08T11:44:18.2562112+08:00	prometheus-86b6ff97dc-txzfg           3m     29Mi   
2026-05-08T11:44:18.2562112+08:00	prometheus-adapter-7d7697f86c-szs26   4m     21Mi   
2026-05-08T11:44:18.2562112+08:00	sample-api-67b9868b9c-dvpx2           2m     11Mi   
2026-05-08T11:44:18.2562112+08:00	sample-api-67b9868b9c-fq8k4           1m     13Mi   
2026-05-08T11:44:18.2562112+08:00	sample-api-67b9868b9c-nzkbb           173m   13Mi   
2026-05-08T11:44:28.5621778+08:00	prometheus-86b6ff97dc-txzfg           2m     29Mi   
2026-05-08T11:44:28.5621778+08:00	prometheus-adapter-7d7697f86c-szs26   3m     21Mi   
2026-05-08T11:44:28.5621778+08:00	sample-api-67b9868b9c-dvpx2           1m     11Mi   
2026-05-08T11:44:28.5621778+08:00	sample-api-67b9868b9c-fq8k4           1m     13Mi   
2026-05-08T11:44:28.5621778+08:00	sample-api-67b9868b9c-nzkbb           172m   14Mi   
2026-05-08T11:44:38.8473495+08:00	prometheus-86b6ff97dc-txzfg           2m     29Mi   
2026-05-08T11:44:38.8473495+08:00	prometheus-adapter-7d7697f86c-szs26   3m     21Mi   
2026-05-08T11:44:38.8473495+08:00	sample-api-67b9868b9c-dvpx2           1m     11Mi   
2026-05-08T11:44:38.8473495+08:00	sample-api-67b9868b9c-fq8k4           1m     13Mi   
2026-05-08T11:44:38.8473495+08:00	sample-api-67b9868b9c-nzkbb           172m   14Mi   
2026-05-08T11:44:49.1421625+08:00	prometheus-86b6ff97dc-txzfg           3m     29Mi   
2026-05-08T11:44:49.1421625+08:00	prometheus-adapter-7d7697f86c-szs26   6m     21Mi   
2026-05-08T11:44:49.1421625+08:00	sample-api-67b9868b9c-dvpx2           1m     11Mi   
2026-05-08T11:44:49.1421625+08:00	sample-api-67b9868b9c-fq8k4           2m     13Mi   
2026-05-08T11:44:49.1421625+08:00	sample-api-67b9868b9c-nzkbb           172m   14Mi   
2026-05-08T11:44:59.4554808+08:00	prometheus-86b6ff97dc-txzfg           2m     29Mi   
2026-05-08T11:44:59.4554808+08:00	prometheus-adapter-7d7697f86c-szs26   3m     21Mi   
2026-05-08T11:44:59.4554808+08:00	sample-api-67b9868b9c-dvpx2           1m     11Mi   
2026-05-08T11:44:59.4554808+08:00	sample-api-67b9868b9c-fq8k4           2m     13Mi   
2026-05-08T11:44:59.4554808+08:00	sample-api-67b9868b9c-nzkbb           169m   14Mi   
2026-05-08T11:45:09.7415640+08:00	prometheus-86b6ff97dc-txzfg           2m     29Mi   
2026-05-08T11:45:09.7415640+08:00	prometheus-adapter-7d7697f86c-szs26   3m     21Mi   
2026-05-08T11:45:09.7415640+08:00	sample-api-67b9868b9c-dvpx2           1m     11Mi   
2026-05-08T11:45:09.7415640+08:00	sample-api-67b9868b9c-fq8k4           2m     13Mi   
2026-05-08T11:45:09.7415640+08:00	sample-api-67b9868b9c-nzkbb           169m   14Mi   
