2026-05-08T13:41:33.0838129+08:00	prometheus-86b6ff97dc-txzfg           2m    37Mi   
2026-05-08T13:41:33.0838129+08:00	prometheus-adapter-7d7697f86c-szs26   3m    28Mi   
2026-05-08T13:41:33.0838129+08:00	sample-api-67b9868b9c-dvpx2           1m    11Mi   
2026-05-08T13:41:33.0838129+08:00	sample-api-67b9868b9c-fq8k4           1m    13Mi   
2026-05-08T13:41:33.0838129+08:00	sample-api-67b9868b9c-lhbdn           1m    13Mi   
2026-05-08T13:41:33.0838129+08:00	sample-api-67b9868b9c-mkrjc           1m    15Mi   
2026-05-08T13:41:33.0838129+08:00	sample-api-67b9868b9c-nzkbb           1m    13Mi   
2026-05-08T13:41:43.2411032+08:00	prometheus-86b6ff97dc-txzfg           2m    37Mi   
2026-05-08T13:41:43.2411032+08:00	prometheus-adapter-7d7697f86c-szs26   5m    28Mi   
2026-05-08T13:41:43.2411032+08:00	sample-api-67b9868b9c-dvpx2           1m    11Mi   
2026-05-08T13:41:43.2411032+08:00	sample-api-67b9868b9c-fq8k4           87m   14Mi   
2026-05-08T13:41:43.2411032+08:00	sample-api-67b9868b9c-lhbdn           1m    13Mi   
2026-05-08T13:41:43.2411032+08:00	sample-api-67b9868b9c-mkrjc           1m    15Mi   
2026-05-08T13:41:43.2411032+08:00	sample-api-67b9868b9c-nzkbb           1m    13Mi   
2026-05-08T13:41:53.5548169+08:00	prometheus-86b6ff97dc-txzfg           2m    37Mi   
2026-05-08T13:41:53.5548169+08:00	prometheus-adapter-7d7697f86c-szs26   5m    28Mi   
2026-05-08T13:41:53.5548169+08:00	sample-api-67b9868b9c-dvpx2           1m    11Mi   
2026-05-08T13:41:53.5548169+08:00	sample-api-67b9868b9c-fq8k4           87m   14Mi   
2026-05-08T13:41:53.5548169+08:00	sample-api-67b9868b9c-lhbdn           1m    13Mi   
2026-05-08T13:41:53.5548169+08:00	sample-api-67b9868b9c-mkrjc           1m    15Mi   
2026-05-08T13:41:53.5548169+08:00	sample-api-67b9868b9c-nzkbb           1m    13Mi   
2026-05-08T13:42:04.0523686+08:00	prometheus-86b6ff97dc-txzfg           3m     37Mi   
2026-05-08T13:42:04.0523686+08:00	prometheus-adapter-7d7697f86c-szs26   3m     28Mi   
2026-05-08T13:42:04.0523686+08:00	sample-api-67b9868b9c-dvpx2           1m     11Mi   
2026-05-08T13:42:04.0523686+08:00	sample-api-67b9868b9c-fq8k4           170m   14Mi   
2026-05-08T13:42:04.0523686+08:00	sample-api-67b9868b9c-lhbdn           1m     13Mi   
2026-05-08T13:42:04.0523686+08:00	sample-api-67b9868b9c-mkrjc           1m     15Mi   
2026-05-08T13:42:04.0523686+08:00	sample-api-67b9868b9c-nzkbb           1m     13Mi   
2026-05-08T13:42:14.4547717+08:00	prometheus-86b6ff97dc-txzfg           2m     37Mi   
2026-05-08T13:42:14.4547717+08:00	prometheus-adapter-7d7697f86c-szs26   3m     28Mi   
2026-05-08T13:42:14.4547717+08:00	sample-api-67b9868b9c-dvpx2           1m     11Mi   
2026-05-08T13:42:14.4547717+08:00	sample-api-67b9868b9c-fq8k4           175m   14Mi   
2026-05-08T13:42:14.4547717+08:00	sample-api-67b9868b9c-lhbdn           1m     13Mi   
2026-05-08T13:42:14.4547717+08:00	sample-api-67b9868b9c-mkrjc           1m     15Mi   
2026-05-08T13:42:14.4547717+08:00	sample-api-67b9868b9c-nzkbb           1m     13Mi   
2026-05-08T13:42:24.8672898+08:00	prometheus-86b6ff97dc-txzfg           2m     37Mi   
2026-05-08T13:42:24.8672898+08:00	prometheus-adapter-7d7697f86c-szs26   3m     28Mi   
2026-05-08T13:42:24.8672898+08:00	sample-api-67b9868b9c-dvpx2           1m     11Mi   
2026-05-08T13:42:24.8672898+08:00	sample-api-67b9868b9c-fq8k4           175m   14Mi   
2026-05-08T13:42:24.8672898+08:00	sample-api-67b9868b9c-lhbdn           1m     13Mi   
2026-05-08T13:42:24.8672898+08:00	sample-api-67b9868b9c-mkrjc           1m     15Mi   
2026-05-08T13:42:24.8672898+08:00	sample-api-67b9868b9c-nzkbb           1m     13Mi   
2026-05-08T13:42:35.1489595+08:00	prometheus-86b6ff97dc-txzfg           4m     36Mi   
2026-05-08T13:42:35.1489595+08:00	prometheus-adapter-7d7697f86c-szs26   4m     28Mi   
2026-05-08T13:42:35.1489595+08:00	sample-api-67b9868b9c-dvpx2           1m     11Mi   
2026-05-08T13:42:35.1489595+08:00	sample-api-67b9868b9c-fq8k4           175m   14Mi   
2026-05-08T13:42:35.1489595+08:00	sample-api-67b9868b9c-lhbdn           2m     13Mi   
2026-05-08T13:42:35.1489595+08:00	sample-api-67b9868b9c-mkrjc           1m     15Mi   
2026-05-08T13:42:35.1489595+08:00	sample-api-67b9868b9c-nzkbb           1m     13Mi   
2026-05-08T13:42:45.6923546+08:00	prometheus-86b6ff97dc-txzfg           2m     36Mi   
2026-05-08T13:42:45.6923546+08:00	prometheus-adapter-7d7697f86c-szs26   4m     28Mi   
2026-05-08T13:42:45.6923546+08:00	sample-api-67b9868b9c-dvpx2           1m     11Mi   
2026-05-08T13:42:45.6923546+08:00	sample-api-67b9868b9c-fq8k4           169m   14Mi   
2026-05-08T13:42:45.6923546+08:00	sample-api-67b9868b9c-lhbdn           2m     13Mi   
2026-05-08T13:42:45.6923546+08:00	sample-api-67b9868b9c-mkrjc           1m     15Mi   
2026-05-08T13:42:45.6923546+08:00	sample-api-67b9868b9c-nzkbb           1m     13Mi   
2026-05-08T13:42:56.0507612+08:00	prometheus-86b6ff97dc-txzfg           2m     36Mi   
2026-05-08T13:42:56.0507612+08:00	prometheus-adapter-7d7697f86c-szs26   4m     28Mi   
2026-05-08T13:42:56.0507612+08:00	sample-api-67b9868b9c-dvpx2           1m     11Mi   
2026-05-08T13:42:56.0507612+08:00	sample-api-67b9868b9c-fq8k4           169m   14Mi   
2026-05-08T13:42:56.0507612+08:00	sample-api-67b9868b9c-lhbdn           2m     13Mi   
2026-05-08T13:42:56.0507612+08:00	sample-api-67b9868b9c-mkrjc           1m     15Mi   
2026-05-08T13:42:56.0507612+08:00	sample-api-67b9868b9c-nzkbb           1m     13Mi   
2026-05-08T13:43:06.3429543+08:00	prometheus-86b6ff97dc-txzfg           2m     36Mi   
2026-05-08T13:43:06.3429543+08:00	prometheus-adapter-7d7697f86c-szs26   4m     28Mi   
2026-05-08T13:43:06.3429543+08:00	sample-api-67b9868b9c-dvpx2           1m     11Mi   
2026-05-08T13:43:06.3429543+08:00	sample-api-67b9868b9c-fq8k4           169m   14Mi   
2026-05-08T13:43:06.3429543+08:00	sample-api-67b9868b9c-lhbdn           2m     13Mi   
2026-05-08T13:43:06.3429543+08:00	sample-api-67b9868b9c-mkrjc           1m     15Mi   
2026-05-08T13:43:06.3429543+08:00	sample-api-67b9868b9c-nzkbb           1m     13Mi   
2026-05-08T13:43:16.6701451+08:00	prometheus-86b6ff97dc-txzfg           2m     36Mi   
2026-05-08T13:43:16.6701451+08:00	prometheus-adapter-7d7697f86c-szs26   3m     28Mi   
2026-05-08T13:43:16.6701451+08:00	sample-api-67b9868b9c-dvpx2           1m     11Mi   
2026-05-08T13:43:16.6701451+08:00	sample-api-67b9868b9c-fq8k4           167m   14Mi   
2026-05-08T13:43:16.6701451+08:00	sample-api-67b9868b9c-lhbdn           1m     13Mi   
2026-05-08T13:43:16.6701451+08:00	sample-api-67b9868b9c-mkrjc           1m     15Mi   
2026-05-08T13:43:16.6701451+08:00	sample-api-67b9868b9c-nzkbb           1m     13Mi   
2026-05-08T13:43:26.9751584+08:00	prometheus-86b6ff97dc-txzfg           2m     36Mi   
2026-05-08T13:43:26.9751584+08:00	prometheus-adapter-7d7697f86c-szs26   3m     28Mi   
2026-05-08T13:43:26.9751584+08:00	sample-api-67b9868b9c-dvpx2           1m     11Mi   
2026-05-08T13:43:26.9751584+08:00	sample-api-67b9868b9c-fq8k4           167m   14Mi   
2026-05-08T13:43:26.9751584+08:00	sample-api-67b9868b9c-lhbdn           1m     13Mi   
2026-05-08T13:43:26.9751584+08:00	sample-api-67b9868b9c-mkrjc           1m     15Mi   
2026-05-08T13:43:26.9751584+08:00	sample-api-67b9868b9c-nzkbb           1m     13Mi   
2026-05-08T13:43:37.3599644+08:00	prometheus-86b6ff97dc-txzfg           2m     36Mi   
2026-05-08T13:43:37.3599644+08:00	prometheus-adapter-7d7697f86c-szs26   3m     28Mi   
2026-05-08T13:43:37.3599644+08:00	sample-api-67b9868b9c-dvpx2           1m     11Mi   
2026-05-08T13:43:37.3599644+08:00	sample-api-67b9868b9c-fq8k4           174m   13Mi   
2026-05-08T13:43:37.3599644+08:00	sample-api-67b9868b9c-lhbdn           1m     13Mi   
2026-05-08T13:43:37.3599644+08:00	sample-api-67b9868b9c-mkrjc           2m     15Mi   
2026-05-08T13:43:37.3599644+08:00	sample-api-67b9868b9c-nzkbb           1m     13Mi   
2026-05-08T13:43:47.6542989+08:00	prometheus-86b6ff97dc-txzfg           2m     36Mi   
2026-05-08T13:43:47.6542989+08:00	prometheus-adapter-7d7697f86c-szs26   4m     28Mi   
2026-05-08T13:43:47.6542989+08:00	sample-api-67b9868b9c-dvpx2           2m     11Mi   
2026-05-08T13:43:47.6542989+08:00	sample-api-67b9868b9c-fq8k4           171m   13Mi   
2026-05-08T13:43:47.6542989+08:00	sample-api-67b9868b9c-lhbdn           1m     13Mi   
2026-05-08T13:43:47.6542989+08:00	sample-api-67b9868b9c-mkrjc           1m     15Mi   
2026-05-08T13:43:47.6542989+08:00	sample-api-67b9868b9c-nzkbb           1m     13Mi   
2026-05-08T13:43:58.0817557+08:00	prometheus-86b6ff97dc-txzfg           4m     36Mi   
2026-05-08T13:43:58.0817557+08:00	prometheus-adapter-7d7697f86c-szs26   3m     28Mi   
2026-05-08T13:43:58.0817557+08:00	sample-api-67b9868b9c-dvpx2           1m     11Mi   
2026-05-08T13:43:58.0817557+08:00	sample-api-67b9868b9c-fq8k4           172m   14Mi   
2026-05-08T13:43:58.0817557+08:00	sample-api-67b9868b9c-lhbdn           1m     13Mi   
2026-05-08T13:43:58.0817557+08:00	sample-api-67b9868b9c-mkrjc           1m     15Mi   
2026-05-08T13:43:58.0817557+08:00	sample-api-67b9868b9c-nzkbb           1m     13Mi   
2026-05-08T13:44:08.5484180+08:00	prometheus-86b6ff97dc-txzfg           4m     36Mi   
2026-05-08T13:44:08.5484180+08:00	prometheus-adapter-7d7697f86c-szs26   3m     28Mi   
2026-05-08T13:44:08.5484180+08:00	sample-api-67b9868b9c-dvpx2           1m     11Mi   
2026-05-08T13:44:08.5484180+08:00	sample-api-67b9868b9c-fq8k4           172m   14Mi   
2026-05-08T13:44:08.5484180+08:00	sample-api-67b9868b9c-lhbdn           1m     13Mi   
2026-05-08T13:44:08.5484180+08:00	sample-api-67b9868b9c-mkrjc           1m     15Mi   
2026-05-08T13:44:08.5484180+08:00	sample-api-67b9868b9c-nzkbb           1m     13Mi   
2026-05-08T13:44:18.8587298+08:00	prometheus-86b6ff97dc-txzfg           3m     36Mi   
2026-05-08T13:44:18.8587298+08:00	prometheus-adapter-7d7697f86c-szs26   4m     28Mi   
2026-05-08T13:44:18.8587298+08:00	sample-api-67b9868b9c-dvpx2           2m     11Mi   
2026-05-08T13:44:18.8587298+08:00	sample-api-67b9868b9c-fq8k4           179m   13Mi   
2026-05-08T13:44:18.8587298+08:00	sample-api-67b9868b9c-lhbdn           1m     13Mi   
2026-05-08T13:44:18.8587298+08:00	sample-api-67b9868b9c-mkrjc           1m     15Mi   
2026-05-08T13:44:18.8587298+08:00	sample-api-67b9868b9c-nzkbb           1m     13Mi   
2026-05-08T13:44:29.2436276+08:00	prometheus-86b6ff97dc-txzfg           2m     36Mi   
2026-05-08T13:44:29.2436276+08:00	prometheus-adapter-7d7697f86c-szs26   3m     28Mi   
2026-05-08T13:44:29.2436276+08:00	sample-api-67b9868b9c-dvpx2           1m     11Mi   
2026-05-08T13:44:29.2436276+08:00	sample-api-67b9868b9c-fq8k4           173m   13Mi   
2026-05-08T13:44:29.2436276+08:00	sample-api-67b9868b9c-lhbdn           2m     13Mi   
2026-05-08T13:44:29.2436276+08:00	sample-api-67b9868b9c-mkrjc           1m     15Mi   
2026-05-08T13:44:29.2436276+08:00	sample-api-67b9868b9c-nzkbb           1m     13Mi   
2026-05-08T13:44:39.6475025+08:00	prometheus-86b6ff97dc-txzfg           2m     36Mi   
2026-05-08T13:44:39.6475025+08:00	prometheus-adapter-7d7697f86c-szs26   3m     28Mi   
2026-05-08T13:44:39.6475025+08:00	sample-api-67b9868b9c-dvpx2           1m     11Mi   
2026-05-08T13:44:39.6475025+08:00	sample-api-67b9868b9c-fq8k4           173m   13Mi   
2026-05-08T13:44:39.6475025+08:00	sample-api-67b9868b9c-lhbdn           2m     13Mi   
2026-05-08T13:44:39.6475025+08:00	sample-api-67b9868b9c-mkrjc           1m     15Mi   
2026-05-08T13:44:39.6475025+08:00	sample-api-67b9868b9c-nzkbb           1m     13Mi   
2026-05-08T13:44:50.0541692+08:00	prometheus-86b6ff97dc-txzfg           3m     36Mi   
2026-05-08T13:44:50.0541692+08:00	prometheus-adapter-7d7697f86c-szs26   3m     28Mi   
2026-05-08T13:44:50.0541692+08:00	sample-api-67b9868b9c-dvpx2           2m     11Mi   
2026-05-08T13:44:50.0541692+08:00	sample-api-67b9868b9c-fq8k4           170m   13Mi   
2026-05-08T13:44:50.0541692+08:00	sample-api-67b9868b9c-lhbdn           1m     13Mi   
2026-05-08T13:44:50.0541692+08:00	sample-api-67b9868b9c-mkrjc           1m     15Mi   
2026-05-08T13:44:50.0541692+08:00	sample-api-67b9868b9c-nzkbb           2m     13Mi   
2026-05-08T13:45:00.4455746+08:00	prometheus-86b6ff97dc-txzfg           3m     36Mi   
2026-05-08T13:45:00.4455746+08:00	prometheus-adapter-7d7697f86c-szs26   3m     28Mi   
2026-05-08T13:45:00.4455746+08:00	sample-api-67b9868b9c-dvpx2           2m     11Mi   
2026-05-08T13:45:00.4455746+08:00	sample-api-67b9868b9c-fq8k4           169m   14Mi   
2026-05-08T13:45:00.4455746+08:00	sample-api-67b9868b9c-lhbdn           2m     13Mi   
2026-05-08T13:45:00.4455746+08:00	sample-api-67b9868b9c-mkrjc           1m     15Mi   
2026-05-08T13:45:00.4455746+08:00	sample-api-67b9868b9c-nzkbb           1m     13Mi   
2026-05-08T13:45:10.7379352+08:00	prometheus-86b6ff97dc-txzfg           3m     36Mi   
2026-05-08T13:45:10.7379352+08:00	prometheus-adapter-7d7697f86c-szs26   3m     28Mi   
2026-05-08T13:45:10.7379352+08:00	sample-api-67b9868b9c-dvpx2           2m     11Mi   
2026-05-08T13:45:10.7379352+08:00	sample-api-67b9868b9c-fq8k4           169m   14Mi   
2026-05-08T13:45:10.7379352+08:00	sample-api-67b9868b9c-lhbdn           2m     13Mi   
2026-05-08T13:45:10.7379352+08:00	sample-api-67b9868b9c-mkrjc           1m     15Mi   
2026-05-08T13:45:10.7379352+08:00	sample-api-67b9868b9c-nzkbb           1m     13Mi   
2026-05-08T13:45:21.1255763+08:00	prometheus-86b6ff97dc-txzfg           2m     36Mi   
2026-05-08T13:45:21.1255763+08:00	prometheus-adapter-7d7697f86c-szs26   3m     28Mi   
2026-05-08T13:45:21.1255763+08:00	sample-api-67b9868b9c-dvpx2           1m     11Mi   
2026-05-08T13:45:21.1255763+08:00	sample-api-67b9868b9c-fq8k4           174m   13Mi   
2026-05-08T13:45:21.1255763+08:00	sample-api-67b9868b9c-lhbdn           1m     13Mi   
2026-05-08T13:45:21.1255763+08:00	sample-api-67b9868b9c-mkrjc           1m     15Mi   
2026-05-08T13:45:21.1255763+08:00	sample-api-67b9868b9c-nzkbb           1m     13Mi   
2026-05-08T13:45:31.5502712+08:00	prometheus-86b6ff97dc-txzfg           2m     36Mi   
2026-05-08T13:45:31.5502712+08:00	prometheus-adapter-7d7697f86c-szs26   4m     28Mi   
2026-05-08T13:45:31.5502712+08:00	sample-api-67b9868b9c-dvpx2           1m     11Mi   
2026-05-08T13:45:31.5502712+08:00	sample-api-67b9868b9c-fq8k4           176m   14Mi   
2026-05-08T13:45:31.5502712+08:00	sample-api-67b9868b9c-lhbdn           1m     13Mi   
2026-05-08T13:45:31.5502712+08:00	sample-api-67b9868b9c-mkrjc           1m     15Mi   
2026-05-08T13:45:31.5502712+08:00	sample-api-67b9868b9c-nzkbb           1m     13Mi   
2026-05-08T13:45:41.8490790+08:00	prometheus-86b6ff97dc-txzfg           2m     36Mi   
2026-05-08T13:45:41.8490790+08:00	prometheus-adapter-7d7697f86c-szs26   4m     28Mi   
2026-05-08T13:45:41.8490790+08:00	sample-api-67b9868b9c-dvpx2           1m     11Mi   
2026-05-08T13:45:41.8490790+08:00	sample-api-67b9868b9c-fq8k4           176m   14Mi   
2026-05-08T13:45:41.8490790+08:00	sample-api-67b9868b9c-lhbdn           1m     13Mi   
2026-05-08T13:45:41.8490790+08:00	sample-api-67b9868b9c-mkrjc           1m     15Mi   
2026-05-08T13:45:41.8490790+08:00	sample-api-67b9868b9c-nzkbb           1m     13Mi   
2026-05-08T13:45:52.2355673+08:00	prometheus-86b6ff97dc-txzfg           3m     37Mi   
2026-05-08T13:45:52.2355673+08:00	prometheus-adapter-7d7697f86c-szs26   5m     28Mi   
2026-05-08T13:45:52.2355673+08:00	sample-api-67b9868b9c-dvpx2           1m     11Mi   
2026-05-08T13:45:52.2355673+08:00	sample-api-67b9868b9c-fq8k4           165m   13Mi   
2026-05-08T13:45:52.2355673+08:00	sample-api-67b9868b9c-lhbdn           1m     13Mi   
2026-05-08T13:45:52.2355673+08:00	sample-api-67b9868b9c-mkrjc           1m     15Mi   
2026-05-08T13:45:52.2355673+08:00	sample-api-67b9868b9c-nzkbb           1m     13Mi   
2026-05-08T13:46:02.5403741+08:00	prometheus-86b6ff97dc-txzfg           2m     37Mi   
2026-05-08T13:46:02.5403741+08:00	prometheus-adapter-7d7697f86c-szs26   3m     28Mi   
2026-05-08T13:46:02.5403741+08:00	sample-api-67b9868b9c-dvpx2           1m     11Mi   
2026-05-08T13:46:02.5403741+08:00	sample-api-67b9868b9c-fq8k4           172m   13Mi   
2026-05-08T13:46:02.5403741+08:00	sample-api-67b9868b9c-lhbdn           1m     13Mi   
2026-05-08T13:46:02.5403741+08:00	sample-api-67b9868b9c-mkrjc           1m     15Mi   
2026-05-08T13:46:02.5403741+08:00	sample-api-67b9868b9c-nzkbb           1m     13Mi   
2026-05-08T13:46:13.0171209+08:00	prometheus-86b6ff97dc-txzfg           2m     37Mi   
2026-05-08T13:46:13.0171209+08:00	prometheus-adapter-7d7697f86c-szs26   3m     28Mi   
2026-05-08T13:46:13.0171209+08:00	sample-api-67b9868b9c-dvpx2           1m     11Mi   
2026-05-08T13:46:13.0171209+08:00	sample-api-67b9868b9c-fq8k4           172m   13Mi   
2026-05-08T13:46:13.0171209+08:00	sample-api-67b9868b9c-lhbdn           1m     13Mi   
2026-05-08T13:46:13.0171209+08:00	sample-api-67b9868b9c-mkrjc           1m     15Mi   
2026-05-08T13:46:13.0171209+08:00	sample-api-67b9868b9c-nzkbb           1m     13Mi   
2026-05-08T13:46:23.3355735+08:00	prometheus-86b6ff97dc-txzfg           2m     37Mi   
2026-05-08T13:46:23.3355735+08:00	prometheus-adapter-7d7697f86c-szs26   3m     28Mi   
2026-05-08T13:46:23.3355735+08:00	sample-api-67b9868b9c-dvpx2           1m     11Mi   
2026-05-08T13:46:23.3355735+08:00	sample-api-67b9868b9c-fq8k4           179m   14Mi   
2026-05-08T13:46:23.3355735+08:00	sample-api-67b9868b9c-lhbdn           1m     13Mi   
2026-05-08T13:46:23.3355735+08:00	sample-api-67b9868b9c-mkrjc           1m     15Mi   
2026-05-08T13:46:23.3355735+08:00	sample-api-67b9868b9c-nzkbb           1m     13Mi   
2026-05-08T13:46:33.6342508+08:00	prometheus-86b6ff97dc-txzfg           2m     37Mi   
2026-05-08T13:46:33.6342508+08:00	prometheus-adapter-7d7697f86c-szs26   3m     28Mi   
2026-05-08T13:46:33.6342508+08:00	sample-api-67b9868b9c-dvpx2           1m     11Mi   
2026-05-08T13:46:33.6342508+08:00	sample-api-67b9868b9c-fq8k4           171m   14Mi   
2026-05-08T13:46:33.6342508+08:00	sample-api-67b9868b9c-lhbdn           1m     13Mi   
2026-05-08T13:46:33.6342508+08:00	sample-api-67b9868b9c-mkrjc           1m     15Mi   
2026-05-08T13:46:33.6342508+08:00	sample-api-67b9868b9c-nzkbb           1m     13Mi   
