2026-05-08T12:10:40.7828843+08:00	prometheus-86b6ff97dc-txzfg           2m    36Mi   
2026-05-08T12:10:40.7828843+08:00	prometheus-adapter-7d7697f86c-szs26   3m    27Mi   
2026-05-08T12:10:40.7828843+08:00	sample-api-67b9868b9c-dvpx2           1m    11Mi   
2026-05-08T12:10:40.7828843+08:00	sample-api-67b9868b9c-fq8k4           1m    13Mi   
2026-05-08T12:10:40.7828843+08:00	sample-api-67b9868b9c-lhbdn           1m    13Mi   
2026-05-08T12:10:40.7828843+08:00	sample-api-67b9868b9c-mkrjc           1m    15Mi   
2026-05-08T12:10:40.7828843+08:00	sample-api-67b9868b9c-nzkbb           1m    13Mi   
2026-05-08T12:10:50.9153486+08:00	prometheus-86b6ff97dc-txzfg           2m    36Mi   
2026-05-08T12:10:50.9153486+08:00	prometheus-adapter-7d7697f86c-szs26   4m    27Mi   
2026-05-08T12:10:50.9153486+08:00	sample-api-67b9868b9c-dvpx2           1m    11Mi   
2026-05-08T12:10:50.9153486+08:00	sample-api-67b9868b9c-fq8k4           1m    13Mi   
2026-05-08T12:10:50.9153486+08:00	sample-api-67b9868b9c-lhbdn           1m    13Mi   
2026-05-08T12:10:50.9153486+08:00	sample-api-67b9868b9c-mkrjc           1m    15Mi   
2026-05-08T12:10:50.9153486+08:00	sample-api-67b9868b9c-nzkbb           1m    13Mi   
2026-05-08T12:11:01.1503043+08:00	prometheus-86b6ff97dc-txzfg           3m     36Mi   
2026-05-08T12:11:01.1503043+08:00	prometheus-adapter-7d7697f86c-szs26   3m     27Mi   
2026-05-08T12:11:01.1503043+08:00	sample-api-67b9868b9c-dvpx2           140m   12Mi   
2026-05-08T12:11:01.1503043+08:00	sample-api-67b9868b9c-fq8k4           1m     13Mi   
2026-05-08T12:11:01.1503043+08:00	sample-api-67b9868b9c-lhbdn           1m     13Mi   
2026-05-08T12:11:01.1503043+08:00	sample-api-67b9868b9c-mkrjc           1m     15Mi   
2026-05-08T12:11:01.1503043+08:00	sample-api-67b9868b9c-nzkbb           1m     13Mi   
2026-05-08T12:11:11.2507584+08:00	prometheus-86b6ff97dc-txzfg           2m     36Mi   
2026-05-08T12:11:11.2507584+08:00	prometheus-adapter-7d7697f86c-szs26   3m     27Mi   
2026-05-08T12:11:11.2507584+08:00	sample-api-67b9868b9c-dvpx2           166m   12Mi   
2026-05-08T12:11:11.2507584+08:00	sample-api-67b9868b9c-fq8k4           1m     13Mi   
2026-05-08T12:11:11.2507584+08:00	sample-api-67b9868b9c-lhbdn           1m     13Mi   
2026-05-08T12:11:11.2507584+08:00	sample-api-67b9868b9c-mkrjc           1m     15Mi   
2026-05-08T12:11:11.2507584+08:00	sample-api-67b9868b9c-nzkbb           1m     13Mi   
2026-05-08T12:11:21.5541456+08:00	prometheus-86b6ff97dc-txzfg           2m     36Mi   
2026-05-08T12:11:21.5541456+08:00	prometheus-adapter-7d7697f86c-szs26   3m     27Mi   
2026-05-08T12:11:21.5541456+08:00	sample-api-67b9868b9c-dvpx2           166m   12Mi   
2026-05-08T12:11:21.5541456+08:00	sample-api-67b9868b9c-fq8k4           1m     13Mi   
2026-05-08T12:11:21.5541456+08:00	sample-api-67b9868b9c-lhbdn           1m     13Mi   
2026-05-08T12:11:21.5541456+08:00	sample-api-67b9868b9c-mkrjc           1m     15Mi   
2026-05-08T12:11:21.5541456+08:00	sample-api-67b9868b9c-nzkbb           1m     13Mi   
2026-05-08T12:11:31.8513183+08:00	prometheus-86b6ff97dc-txzfg           2m     36Mi   
2026-05-08T12:11:31.8513183+08:00	prometheus-adapter-7d7697f86c-szs26   3m     27Mi   
2026-05-08T12:11:31.8513183+08:00	sample-api-67b9868b9c-dvpx2           165m   12Mi   
2026-05-08T12:11:31.8513183+08:00	sample-api-67b9868b9c-fq8k4           1m     13Mi   
2026-05-08T12:11:31.8513183+08:00	sample-api-67b9868b9c-lhbdn           1m     13Mi   
2026-05-08T12:11:31.8513183+08:00	sample-api-67b9868b9c-mkrjc           1m     15Mi   
2026-05-08T12:11:31.8513183+08:00	sample-api-67b9868b9c-nzkbb           1m     13Mi   
2026-05-08T12:11:42.1530620+08:00	prometheus-86b6ff97dc-txzfg           2m     36Mi   
2026-05-08T12:11:42.1530620+08:00	prometheus-adapter-7d7697f86c-szs26   3m     27Mi   
2026-05-08T12:11:42.1530620+08:00	sample-api-67b9868b9c-dvpx2           166m   12Mi   
2026-05-08T12:11:42.1530620+08:00	sample-api-67b9868b9c-fq8k4           1m     13Mi   
2026-05-08T12:11:42.1530620+08:00	sample-api-67b9868b9c-lhbdn           1m     13Mi   
2026-05-08T12:11:42.1530620+08:00	sample-api-67b9868b9c-mkrjc           1m     15Mi   
2026-05-08T12:11:42.1530620+08:00	sample-api-67b9868b9c-nzkbb           1m     13Mi   
2026-05-08T12:11:52.4456112+08:00	prometheus-86b6ff97dc-txzfg           2m     36Mi   
2026-05-08T12:11:52.4456112+08:00	prometheus-adapter-7d7697f86c-szs26   3m     27Mi   
2026-05-08T12:11:52.4456112+08:00	sample-api-67b9868b9c-dvpx2           166m   12Mi   
2026-05-08T12:11:52.4456112+08:00	sample-api-67b9868b9c-fq8k4           1m     13Mi   
2026-05-08T12:11:52.4456112+08:00	sample-api-67b9868b9c-lhbdn           1m     13Mi   
2026-05-08T12:11:52.4456112+08:00	sample-api-67b9868b9c-mkrjc           1m     15Mi   
2026-05-08T12:11:52.4456112+08:00	sample-api-67b9868b9c-nzkbb           1m     13Mi   
2026-05-08T12:12:02.6526501+08:00	prometheus-86b6ff97dc-txzfg           2m     36Mi   
2026-05-08T12:12:02.6526501+08:00	prometheus-adapter-7d7697f86c-szs26   3m     27Mi   
2026-05-08T12:12:02.6526501+08:00	sample-api-67b9868b9c-dvpx2           164m   12Mi   
2026-05-08T12:12:02.6526501+08:00	sample-api-67b9868b9c-fq8k4           1m     13Mi   
2026-05-08T12:12:02.6526501+08:00	sample-api-67b9868b9c-lhbdn           1m     13Mi   
2026-05-08T12:12:02.6526501+08:00	sample-api-67b9868b9c-mkrjc           1m     15Mi   
2026-05-08T12:12:02.6526501+08:00	sample-api-67b9868b9c-nzkbb           1m     13Mi   
2026-05-08T12:12:12.8500394+08:00	prometheus-86b6ff97dc-txzfg           2m     36Mi   
2026-05-08T12:12:12.8500394+08:00	prometheus-adapter-7d7697f86c-szs26   3m     27Mi   
2026-05-08T12:12:12.8500394+08:00	sample-api-67b9868b9c-dvpx2           163m   12Mi   
2026-05-08T12:12:12.8500394+08:00	sample-api-67b9868b9c-fq8k4           1m     13Mi   
2026-05-08T12:12:12.8500394+08:00	sample-api-67b9868b9c-lhbdn           1m     13Mi   
2026-05-08T12:12:12.8500394+08:00	sample-api-67b9868b9c-mkrjc           1m     15Mi   
2026-05-08T12:12:12.8500394+08:00	sample-api-67b9868b9c-nzkbb           1m     13Mi   
2026-05-08T12:12:23.1397356+08:00	prometheus-86b6ff97dc-txzfg           2m     36Mi   
2026-05-08T12:12:23.1397356+08:00	prometheus-adapter-7d7697f86c-szs26   3m     27Mi   
2026-05-08T12:12:23.1397356+08:00	sample-api-67b9868b9c-dvpx2           163m   12Mi   
2026-05-08T12:12:23.1397356+08:00	sample-api-67b9868b9c-fq8k4           1m     13Mi   
2026-05-08T12:12:23.1397356+08:00	sample-api-67b9868b9c-lhbdn           1m     13Mi   
2026-05-08T12:12:23.1397356+08:00	sample-api-67b9868b9c-mkrjc           1m     15Mi   
2026-05-08T12:12:23.1397356+08:00	sample-api-67b9868b9c-nzkbb           1m     13Mi   
2026-05-08T12:12:33.3432590+08:00	prometheus-86b6ff97dc-txzfg           3m     36Mi   
2026-05-08T12:12:33.3432590+08:00	prometheus-adapter-7d7697f86c-szs26   3m     27Mi   
2026-05-08T12:12:33.3432590+08:00	sample-api-67b9868b9c-dvpx2           163m   12Mi   
2026-05-08T12:12:33.3432590+08:00	sample-api-67b9868b9c-fq8k4           1m     13Mi   
2026-05-08T12:12:33.3432590+08:00	sample-api-67b9868b9c-lhbdn           1m     13Mi   
2026-05-08T12:12:33.3432590+08:00	sample-api-67b9868b9c-mkrjc           1m     15Mi   
2026-05-08T12:12:33.3432590+08:00	sample-api-67b9868b9c-nzkbb           1m     13Mi   
2026-05-08T12:12:43.4577570+08:00	prometheus-86b6ff97dc-txzfg           2m     36Mi   
2026-05-08T12:12:43.4577570+08:00	prometheus-adapter-7d7697f86c-szs26   3m     27Mi   
2026-05-08T12:12:43.4577570+08:00	sample-api-67b9868b9c-dvpx2           167m   11Mi   
2026-05-08T12:12:43.4577570+08:00	sample-api-67b9868b9c-fq8k4           1m     13Mi   
2026-05-08T12:12:43.4577570+08:00	sample-api-67b9868b9c-lhbdn           1m     13Mi   
2026-05-08T12:12:43.4577570+08:00	sample-api-67b9868b9c-mkrjc           1m     15Mi   
2026-05-08T12:12:43.4577570+08:00	sample-api-67b9868b9c-nzkbb           1m     13Mi   
2026-05-08T12:12:53.7452535+08:00	prometheus-86b6ff97dc-txzfg           2m     36Mi   
2026-05-08T12:12:53.7452535+08:00	prometheus-adapter-7d7697f86c-szs26   3m     27Mi   
2026-05-08T12:12:53.7452535+08:00	sample-api-67b9868b9c-dvpx2           167m   11Mi   
2026-05-08T12:12:53.7452535+08:00	sample-api-67b9868b9c-fq8k4           1m     13Mi   
2026-05-08T12:12:53.7452535+08:00	sample-api-67b9868b9c-lhbdn           1m     13Mi   
2026-05-08T12:12:53.7452535+08:00	sample-api-67b9868b9c-mkrjc           1m     15Mi   
2026-05-08T12:12:53.7452535+08:00	sample-api-67b9868b9c-nzkbb           1m     13Mi   
2026-05-08T12:13:03.9626344+08:00	prometheus-86b6ff97dc-txzfg           2m     36Mi   
2026-05-08T12:13:03.9626344+08:00	prometheus-adapter-7d7697f86c-szs26   3m     27Mi   
2026-05-08T12:13:03.9626344+08:00	sample-api-67b9868b9c-dvpx2           166m   11Mi   
2026-05-08T12:13:03.9626344+08:00	sample-api-67b9868b9c-fq8k4           1m     13Mi   
2026-05-08T12:13:03.9626344+08:00	sample-api-67b9868b9c-lhbdn           1m     13Mi   
2026-05-08T12:13:03.9626344+08:00	sample-api-67b9868b9c-mkrjc           1m     15Mi   
2026-05-08T12:13:03.9626344+08:00	sample-api-67b9868b9c-nzkbb           1m     13Mi   
2026-05-08T12:13:14.3395221+08:00	prometheus-86b6ff97dc-txzfg           2m     36Mi   
2026-05-08T12:13:14.3395221+08:00	prometheus-adapter-7d7697f86c-szs26   2m     27Mi   
2026-05-08T12:13:14.3395221+08:00	sample-api-67b9868b9c-dvpx2           130m   11Mi   
2026-05-08T12:13:14.3395221+08:00	sample-api-67b9868b9c-fq8k4           1m     13Mi   
2026-05-08T12:13:14.3395221+08:00	sample-api-67b9868b9c-lhbdn           1m     13Mi   
2026-05-08T12:13:14.3395221+08:00	sample-api-67b9868b9c-mkrjc           1m     15Mi   
2026-05-08T12:13:14.3395221+08:00	sample-api-67b9868b9c-nzkbb           1m     13Mi   
2026-05-08T12:13:24.4405355+08:00	prometheus-86b6ff97dc-txzfg           2m     36Mi   
2026-05-08T12:13:24.4405355+08:00	prometheus-adapter-7d7697f86c-szs26   2m     27Mi   
2026-05-08T12:13:24.4405355+08:00	sample-api-67b9868b9c-dvpx2           130m   11Mi   
2026-05-08T12:13:24.4405355+08:00	sample-api-67b9868b9c-fq8k4           1m     13Mi   
2026-05-08T12:13:24.4405355+08:00	sample-api-67b9868b9c-lhbdn           1m     13Mi   
2026-05-08T12:13:24.4405355+08:00	sample-api-67b9868b9c-mkrjc           1m     15Mi   
2026-05-08T12:13:24.4405355+08:00	sample-api-67b9868b9c-nzkbb           1m     13Mi   
2026-05-08T12:13:34.5348508+08:00	prometheus-86b6ff97dc-txzfg           2m    36Mi   
2026-05-08T12:13:34.5348508+08:00	prometheus-adapter-7d7697f86c-szs26   3m    27Mi   
2026-05-08T12:13:34.5348508+08:00	sample-api-67b9868b9c-dvpx2           1m    11Mi   
2026-05-08T12:13:34.5348508+08:00	sample-api-67b9868b9c-fq8k4           1m    13Mi   
2026-05-08T12:13:34.5348508+08:00	sample-api-67b9868b9c-lhbdn           1m    13Mi   
2026-05-08T12:13:34.5348508+08:00	sample-api-67b9868b9c-mkrjc           1m    15Mi   
2026-05-08T12:13:34.5348508+08:00	sample-api-67b9868b9c-nzkbb           1m    13Mi   
2026-05-08T12:13:44.6269547+08:00	prometheus-86b6ff97dc-txzfg           2m    36Mi   
2026-05-08T12:13:44.6269547+08:00	prometheus-adapter-7d7697f86c-szs26   3m    27Mi   
2026-05-08T12:13:44.6269547+08:00	sample-api-67b9868b9c-dvpx2           1m    11Mi   
2026-05-08T12:13:44.6269547+08:00	sample-api-67b9868b9c-fq8k4           1m    13Mi   
2026-05-08T12:13:44.6269547+08:00	sample-api-67b9868b9c-lhbdn           1m    13Mi   
2026-05-08T12:13:44.6269547+08:00	sample-api-67b9868b9c-mkrjc           1m    15Mi   
2026-05-08T12:13:44.6269547+08:00	sample-api-67b9868b9c-nzkbb           1m    13Mi   
2026-05-08T12:13:54.7164334+08:00	prometheus-86b6ff97dc-txzfg           2m    36Mi   
2026-05-08T12:13:54.7164334+08:00	prometheus-adapter-7d7697f86c-szs26   3m    27Mi   
2026-05-08T12:13:54.7164334+08:00	sample-api-67b9868b9c-dvpx2           1m    11Mi   
2026-05-08T12:13:54.7164334+08:00	sample-api-67b9868b9c-fq8k4           1m    13Mi   
2026-05-08T12:13:54.7164334+08:00	sample-api-67b9868b9c-lhbdn           1m    13Mi   
2026-05-08T12:13:54.7164334+08:00	sample-api-67b9868b9c-mkrjc           1m    15Mi   
2026-05-08T12:13:54.7164334+08:00	sample-api-67b9868b9c-nzkbb           1m    13Mi   
2026-05-08T12:14:04.8072442+08:00	prometheus-86b6ff97dc-txzfg           2m    36Mi   
2026-05-08T12:14:04.8072442+08:00	prometheus-adapter-7d7697f86c-szs26   4m    27Mi   
2026-05-08T12:14:04.8072442+08:00	sample-api-67b9868b9c-dvpx2           1m    11Mi   
2026-05-08T12:14:04.8072442+08:00	sample-api-67b9868b9c-fq8k4           1m    13Mi   
2026-05-08T12:14:04.8072442+08:00	sample-api-67b9868b9c-lhbdn           1m    13Mi   
2026-05-08T12:14:04.8072442+08:00	sample-api-67b9868b9c-mkrjc           1m    15Mi   
2026-05-08T12:14:04.8072442+08:00	sample-api-67b9868b9c-nzkbb           1m    13Mi   
2026-05-08T12:14:14.9039286+08:00	prometheus-86b6ff97dc-txzfg           3m    36Mi   
2026-05-08T12:14:14.9039286+08:00	prometheus-adapter-7d7697f86c-szs26   3m    27Mi   
2026-05-08T12:14:14.9039286+08:00	sample-api-67b9868b9c-dvpx2           1m    11Mi   
2026-05-08T12:14:14.9039286+08:00	sample-api-67b9868b9c-fq8k4           1m    13Mi   
2026-05-08T12:14:14.9039286+08:00	sample-api-67b9868b9c-lhbdn           1m    13Mi   
2026-05-08T12:14:14.9039286+08:00	sample-api-67b9868b9c-mkrjc           1m    15Mi   
2026-05-08T12:14:14.9039286+08:00	sample-api-67b9868b9c-nzkbb           1m    13Mi   
2026-05-08T12:14:25.0087356+08:00	prometheus-86b6ff97dc-txzfg           3m    36Mi   
2026-05-08T12:14:25.0087356+08:00	prometheus-adapter-7d7697f86c-szs26   3m    27Mi   
2026-05-08T12:14:25.0087356+08:00	sample-api-67b9868b9c-dvpx2           1m    11Mi   
2026-05-08T12:14:25.0087356+08:00	sample-api-67b9868b9c-fq8k4           1m    13Mi   
2026-05-08T12:14:25.0087356+08:00	sample-api-67b9868b9c-lhbdn           1m    13Mi   
2026-05-08T12:14:25.0087356+08:00	sample-api-67b9868b9c-mkrjc           1m    15Mi   
2026-05-08T12:14:25.0087356+08:00	sample-api-67b9868b9c-nzkbb           1m    13Mi   
2026-05-08T12:14:35.0969690+08:00	prometheus-86b6ff97dc-txzfg           2m    36Mi   
2026-05-08T12:14:35.0969690+08:00	prometheus-adapter-7d7697f86c-szs26   3m    27Mi   
2026-05-08T12:14:35.0969690+08:00	sample-api-67b9868b9c-dvpx2           1m    11Mi   
2026-05-08T12:14:35.0969690+08:00	sample-api-67b9868b9c-fq8k4           1m    13Mi   
2026-05-08T12:14:35.0969690+08:00	sample-api-67b9868b9c-lhbdn           1m    13Mi   
2026-05-08T12:14:35.0969690+08:00	sample-api-67b9868b9c-mkrjc           1m    15Mi   
2026-05-08T12:14:35.0969690+08:00	sample-api-67b9868b9c-nzkbb           1m    13Mi   
2026-05-08T12:14:45.1980347+08:00	prometheus-86b6ff97dc-txzfg           2m    36Mi   
2026-05-08T12:14:45.1980347+08:00	prometheus-adapter-7d7697f86c-szs26   3m    27Mi   
2026-05-08T12:14:45.1980347+08:00	sample-api-67b9868b9c-dvpx2           1m    11Mi   
2026-05-08T12:14:45.1980347+08:00	sample-api-67b9868b9c-fq8k4           1m    13Mi   
2026-05-08T12:14:45.1980347+08:00	sample-api-67b9868b9c-lhbdn           1m    13Mi   
2026-05-08T12:14:45.1980347+08:00	sample-api-67b9868b9c-mkrjc           1m    15Mi   
2026-05-08T12:14:45.1980347+08:00	sample-api-67b9868b9c-nzkbb           1m    13Mi   
2026-05-08T12:14:55.2947723+08:00	prometheus-86b6ff97dc-txzfg           2m    36Mi   
2026-05-08T12:14:55.2947723+08:00	prometheus-adapter-7d7697f86c-szs26   3m    27Mi   
2026-05-08T12:14:55.2947723+08:00	sample-api-67b9868b9c-dvpx2           1m    11Mi   
2026-05-08T12:14:55.2947723+08:00	sample-api-67b9868b9c-fq8k4           1m    13Mi   
2026-05-08T12:14:55.2947723+08:00	sample-api-67b9868b9c-lhbdn           1m    13Mi   
2026-05-08T12:14:55.2947723+08:00	sample-api-67b9868b9c-mkrjc           1m    15Mi   
2026-05-08T12:14:55.2947723+08:00	sample-api-67b9868b9c-nzkbb           1m    13Mi   
2026-05-08T12:15:05.3918355+08:00	prometheus-86b6ff97dc-txzfg           2m    36Mi   
2026-05-08T12:15:05.3918355+08:00	prometheus-adapter-7d7697f86c-szs26   3m    27Mi   
2026-05-08T12:15:05.3918355+08:00	sample-api-67b9868b9c-dvpx2           1m    11Mi   
2026-05-08T12:15:05.3918355+08:00	sample-api-67b9868b9c-fq8k4           1m    13Mi   
2026-05-08T12:15:05.3918355+08:00	sample-api-67b9868b9c-lhbdn           1m    13Mi   
2026-05-08T12:15:05.3918355+08:00	sample-api-67b9868b9c-mkrjc           1m    15Mi   
2026-05-08T12:15:05.3918355+08:00	sample-api-67b9868b9c-nzkbb           1m    13Mi   
2026-05-08T12:15:15.4844929+08:00	prometheus-86b6ff97dc-txzfg           2m    36Mi   
2026-05-08T12:15:15.4844929+08:00	prometheus-adapter-7d7697f86c-szs26   3m    27Mi   
2026-05-08T12:15:15.4844929+08:00	sample-api-67b9868b9c-dvpx2           1m    11Mi   
2026-05-08T12:15:15.4844929+08:00	sample-api-67b9868b9c-fq8k4           1m    13Mi   
2026-05-08T12:15:15.4844929+08:00	sample-api-67b9868b9c-lhbdn           1m    13Mi   
2026-05-08T12:15:15.4844929+08:00	sample-api-67b9868b9c-mkrjc           1m    15Mi   
2026-05-08T12:15:15.4844929+08:00	sample-api-67b9868b9c-nzkbb           1m    13Mi   
2026-05-08T12:15:25.5836441+08:00	prometheus-86b6ff97dc-txzfg           2m    36Mi   
2026-05-08T12:15:25.5836441+08:00	prometheus-adapter-7d7697f86c-szs26   3m    27Mi   
2026-05-08T12:15:25.5836441+08:00	sample-api-67b9868b9c-dvpx2           1m    11Mi   
2026-05-08T12:15:25.5836441+08:00	sample-api-67b9868b9c-fq8k4           1m    13Mi   
2026-05-08T12:15:25.5836441+08:00	sample-api-67b9868b9c-lhbdn           1m    13Mi   
2026-05-08T12:15:25.5836441+08:00	sample-api-67b9868b9c-mkrjc           1m    15Mi   
2026-05-08T12:15:25.5836441+08:00	sample-api-67b9868b9c-nzkbb           1m    13Mi   
2026-05-08T12:15:35.6827596+08:00	prometheus-86b6ff97dc-txzfg           2m    36Mi   
2026-05-08T12:15:35.6827596+08:00	prometheus-adapter-7d7697f86c-szs26   3m    27Mi   
2026-05-08T12:15:35.6827596+08:00	sample-api-67b9868b9c-dvpx2           1m    11Mi   
2026-05-08T12:15:35.6827596+08:00	sample-api-67b9868b9c-fq8k4           1m    13Mi   
2026-05-08T12:15:35.6827596+08:00	sample-api-67b9868b9c-lhbdn           1m    13Mi   
2026-05-08T12:15:35.6827596+08:00	sample-api-67b9868b9c-mkrjc           1m    15Mi   
2026-05-08T12:15:35.6827596+08:00	sample-api-67b9868b9c-nzkbb           1m    13Mi   
