2026-05-08T11:58:29.1586485+08:00	prometheus-86b6ff97dc-txzfg           2m    29Mi   
2026-05-08T11:58:29.1586485+08:00	prometheus-adapter-7d7697f86c-szs26   3m    21Mi   
2026-05-08T11:58:29.1586485+08:00	sample-api-67b9868b9c-dvpx2           1m    11Mi   
2026-05-08T11:58:29.1586485+08:00	sample-api-67b9868b9c-fq8k4           1m    13Mi   
2026-05-08T11:58:29.1586485+08:00	sample-api-67b9868b9c-nzkbb           1m    13Mi   
2026-05-08T11:58:39.2935371+08:00	prometheus-86b6ff97dc-txzfg           2m    29Mi   
2026-05-08T11:58:39.2935371+08:00	prometheus-adapter-7d7697f86c-szs26   3m    21Mi   
2026-05-08T11:58:39.2935371+08:00	sample-api-67b9868b9c-dvpx2           1m    11Mi   
2026-05-08T11:58:39.2935371+08:00	sample-api-67b9868b9c-fq8k4           1m    13Mi   
2026-05-08T11:58:39.2935371+08:00	sample-api-67b9868b9c-nzkbb           1m    13Mi   
2026-05-08T11:58:49.5909458+08:00	prometheus-86b6ff97dc-txzfg           2m     29Mi   
2026-05-08T11:58:49.5909458+08:00	prometheus-adapter-7d7697f86c-szs26   4m     21Mi   
2026-05-08T11:58:49.5909458+08:00	sample-api-67b9868b9c-dvpx2           109m   12Mi   
2026-05-08T11:58:49.5909458+08:00	sample-api-67b9868b9c-fq8k4           1m     13Mi   
2026-05-08T11:58:49.5909458+08:00	sample-api-67b9868b9c-nzkbb           1m     13Mi   
2026-05-08T11:58:59.8092630+08:00	prometheus-86b6ff97dc-txzfg           2m     29Mi   
2026-05-08T11:58:59.8092630+08:00	prometheus-adapter-7d7697f86c-szs26   3m     21Mi   
2026-05-08T11:58:59.8092630+08:00	sample-api-67b9868b9c-dvpx2           170m   11Mi   
2026-05-08T11:58:59.8092630+08:00	sample-api-67b9868b9c-fq8k4           1m     13Mi   
2026-05-08T11:58:59.8092630+08:00	sample-api-67b9868b9c-nzkbb           1m     13Mi   
2026-05-08T11:59:10.0866983+08:00	prometheus-86b6ff97dc-txzfg           2m     29Mi   
2026-05-08T11:59:10.0866983+08:00	prometheus-adapter-7d7697f86c-szs26   3m     21Mi   
2026-05-08T11:59:10.0866983+08:00	sample-api-67b9868b9c-dvpx2           170m   11Mi   
2026-05-08T11:59:10.0866983+08:00	sample-api-67b9868b9c-fq8k4           1m     13Mi   
2026-05-08T11:59:10.0866983+08:00	sample-api-67b9868b9c-nzkbb           1m     13Mi   
2026-05-08T11:59:20.3898498+08:00	prometheus-86b6ff97dc-txzfg           3m     32Mi   
2026-05-08T11:59:20.3898498+08:00	prometheus-adapter-7d7697f86c-szs26   3m     21Mi   
2026-05-08T11:59:20.3898498+08:00	sample-api-67b9868b9c-dvpx2           174m   12Mi   
2026-05-08T11:59:20.3898498+08:00	sample-api-67b9868b9c-fq8k4           1m     13Mi   
2026-05-08T11:59:20.3898498+08:00	sample-api-67b9868b9c-nzkbb           1m     13Mi   
2026-05-08T11:59:30.5900037+08:00	prometheus-86b6ff97dc-txzfg           3m     33Mi   
2026-05-08T11:59:30.5900037+08:00	prometheus-adapter-7d7697f86c-szs26   4m     21Mi   
2026-05-08T11:59:30.5900037+08:00	sample-api-67b9868b9c-dvpx2           174m   12Mi   
2026-05-08T11:59:30.5900037+08:00	sample-api-67b9868b9c-fq8k4           1m     13Mi   
2026-05-08T11:59:30.5900037+08:00	sample-api-67b9868b9c-nzkbb           1m     13Mi   
2026-05-08T11:59:40.9920663+08:00	prometheus-86b6ff97dc-txzfg           3m     33Mi   
2026-05-08T11:59:40.9920663+08:00	prometheus-adapter-7d7697f86c-szs26   3m     22Mi   
2026-05-08T11:59:40.9920663+08:00	sample-api-67b9868b9c-dvpx2           140m   12Mi   
2026-05-08T11:59:40.9920663+08:00	sample-api-67b9868b9c-fq8k4           1m     13Mi   
2026-05-08T11:59:40.9920663+08:00	sample-api-67b9868b9c-nzkbb           1m     13Mi   
2026-05-08T11:59:51.4901966+08:00	prometheus-86b6ff97dc-txzfg           3m     33Mi   
2026-05-08T11:59:51.4901966+08:00	prometheus-adapter-7d7697f86c-szs26   3m     22Mi   
2026-05-08T11:59:51.4901966+08:00	sample-api-67b9868b9c-dvpx2           140m   12Mi   
2026-05-08T11:59:51.4901966+08:00	sample-api-67b9868b9c-fq8k4           1m     13Mi   
2026-05-08T11:59:51.4901966+08:00	sample-api-67b9868b9c-nzkbb           1m     13Mi   
2026-05-08T12:00:01.8973314+08:00	prometheus-86b6ff97dc-txzfg           4m     33Mi   
2026-05-08T12:00:01.8973314+08:00	prometheus-adapter-7d7697f86c-szs26   3m     23Mi   
2026-05-08T12:00:01.8973314+08:00	sample-api-67b9868b9c-dvpx2           173m   12Mi   
2026-05-08T12:00:01.8973314+08:00	sample-api-67b9868b9c-fq8k4           1m     13Mi   
2026-05-08T12:00:01.8973314+08:00	sample-api-67b9868b9c-lhbdn           3m     13Mi   
2026-05-08T12:00:01.8973314+08:00	sample-api-67b9868b9c-mkrjc           3m     13Mi   
2026-05-08T12:00:01.8973314+08:00	sample-api-67b9868b9c-nzkbb           1m     13Mi   
2026-05-08T12:00:12.2858513+08:00	prometheus-86b6ff97dc-txzfg           4m     33Mi   
2026-05-08T12:00:12.2858513+08:00	prometheus-adapter-7d7697f86c-szs26   2m     23Mi   
2026-05-08T12:00:12.2858513+08:00	sample-api-67b9868b9c-dvpx2           163m   12Mi   
2026-05-08T12:00:12.2858513+08:00	sample-api-67b9868b9c-fq8k4           1m     13Mi   
2026-05-08T12:00:12.2858513+08:00	sample-api-67b9868b9c-lhbdn           2m     13Mi   
2026-05-08T12:00:12.2858513+08:00	sample-api-67b9868b9c-mkrjc           1m     13Mi   
2026-05-08T12:00:12.2858513+08:00	sample-api-67b9868b9c-nzkbb           2m     13Mi   
2026-05-08T12:00:22.6922539+08:00	prometheus-86b6ff97dc-txzfg           4m     33Mi   
2026-05-08T12:00:22.6922539+08:00	prometheus-adapter-7d7697f86c-szs26   2m     23Mi   
2026-05-08T12:00:22.6922539+08:00	sample-api-67b9868b9c-dvpx2           163m   12Mi   
2026-05-08T12:00:22.6922539+08:00	sample-api-67b9868b9c-fq8k4           1m     13Mi   
2026-05-08T12:00:22.6922539+08:00	sample-api-67b9868b9c-lhbdn           2m     13Mi   
2026-05-08T12:00:22.6922539+08:00	sample-api-67b9868b9c-mkrjc           1m     13Mi   
2026-05-08T12:00:22.6922539+08:00	sample-api-67b9868b9c-nzkbb           2m     13Mi   
2026-05-08T12:00:33.0862315+08:00	prometheus-86b6ff97dc-txzfg           5m     33Mi   
2026-05-08T12:00:33.0862315+08:00	prometheus-adapter-7d7697f86c-szs26   5m     24Mi   
2026-05-08T12:00:33.0862315+08:00	sample-api-67b9868b9c-dvpx2           171m   11Mi   
2026-05-08T12:00:33.0862315+08:00	sample-api-67b9868b9c-fq8k4           2m     13Mi   
2026-05-08T12:00:33.0862315+08:00	sample-api-67b9868b9c-lhbdn           1m     13Mi   
2026-05-08T12:00:33.0862315+08:00	sample-api-67b9868b9c-mkrjc           1m     13Mi   
2026-05-08T12:00:33.0862315+08:00	sample-api-67b9868b9c-nzkbb           2m     13Mi   
2026-05-08T12:00:43.4032703+08:00	prometheus-86b6ff97dc-txzfg           3m     33Mi   
2026-05-08T12:00:43.4032703+08:00	prometheus-adapter-7d7697f86c-szs26   7m     25Mi   
2026-05-08T12:00:43.4032703+08:00	sample-api-67b9868b9c-dvpx2           174m   12Mi   
2026-05-08T12:00:43.4032703+08:00	sample-api-67b9868b9c-fq8k4           1m     13Mi   
2026-05-08T12:00:43.4032703+08:00	sample-api-67b9868b9c-lhbdn           1m     13Mi   
2026-05-08T12:00:43.4032703+08:00	sample-api-67b9868b9c-mkrjc           1m     13Mi   
2026-05-08T12:00:43.4032703+08:00	sample-api-67b9868b9c-nzkbb           1m     13Mi   
2026-05-08T12:00:53.6807748+08:00	prometheus-86b6ff97dc-txzfg           3m     33Mi   
2026-05-08T12:00:53.6807748+08:00	prometheus-adapter-7d7697f86c-szs26   7m     25Mi   
2026-05-08T12:00:53.6807748+08:00	sample-api-67b9868b9c-dvpx2           174m   12Mi   
2026-05-08T12:00:53.6807748+08:00	sample-api-67b9868b9c-fq8k4           1m     13Mi   
2026-05-08T12:00:53.6807748+08:00	sample-api-67b9868b9c-lhbdn           1m     13Mi   
2026-05-08T12:00:53.6807748+08:00	sample-api-67b9868b9c-mkrjc           1m     13Mi   
2026-05-08T12:00:53.6807748+08:00	sample-api-67b9868b9c-nzkbb           1m     13Mi   
2026-05-08T12:01:03.8944802+08:00	prometheus-86b6ff97dc-txzfg           3m     33Mi   
2026-05-08T12:01:03.8944802+08:00	prometheus-adapter-7d7697f86c-szs26   4m     25Mi   
2026-05-08T12:01:03.8944802+08:00	sample-api-67b9868b9c-dvpx2           165m   12Mi   
2026-05-08T12:01:03.8944802+08:00	sample-api-67b9868b9c-fq8k4           1m     13Mi   
2026-05-08T12:01:03.8944802+08:00	sample-api-67b9868b9c-lhbdn           1m     13Mi   
2026-05-08T12:01:03.8944802+08:00	sample-api-67b9868b9c-mkrjc           1m     13Mi   
2026-05-08T12:01:03.8944802+08:00	sample-api-67b9868b9c-nzkbb           1m     13Mi   
2026-05-08T12:01:14.1775985+08:00	prometheus-86b6ff97dc-txzfg           4m     34Mi   
2026-05-08T12:01:14.1775985+08:00	prometheus-adapter-7d7697f86c-szs26   3m     25Mi   
2026-05-08T12:01:14.1775985+08:00	sample-api-67b9868b9c-dvpx2           166m   12Mi   
2026-05-08T12:01:14.1775985+08:00	sample-api-67b9868b9c-fq8k4           1m     13Mi   
2026-05-08T12:01:14.1775985+08:00	sample-api-67b9868b9c-lhbdn           1m     13Mi   
2026-05-08T12:01:14.1775985+08:00	sample-api-67b9868b9c-mkrjc           1m     13Mi   
2026-05-08T12:01:14.1775985+08:00	sample-api-67b9868b9c-nzkbb           1m     13Mi   
2026-05-08T12:01:24.3945739+08:00	prometheus-86b6ff97dc-txzfg           4m     34Mi   
2026-05-08T12:01:24.3945739+08:00	prometheus-adapter-7d7697f86c-szs26   3m     25Mi   
2026-05-08T12:01:24.3945739+08:00	sample-api-67b9868b9c-dvpx2           166m   12Mi   
2026-05-08T12:01:24.3945739+08:00	sample-api-67b9868b9c-fq8k4           1m     13Mi   
2026-05-08T12:01:24.3945739+08:00	sample-api-67b9868b9c-lhbdn           1m     13Mi   
2026-05-08T12:01:24.3945739+08:00	sample-api-67b9868b9c-mkrjc           1m     13Mi   
2026-05-08T12:01:24.3945739+08:00	sample-api-67b9868b9c-nzkbb           1m     13Mi   
2026-05-08T12:01:34.7930038+08:00	prometheus-86b6ff97dc-txzfg           2m     34Mi   
2026-05-08T12:01:34.7930038+08:00	prometheus-adapter-7d7697f86c-szs26   3m     25Mi   
2026-05-08T12:01:34.7930038+08:00	sample-api-67b9868b9c-dvpx2           167m   12Mi   
2026-05-08T12:01:34.7930038+08:00	sample-api-67b9868b9c-fq8k4           1m     13Mi   
2026-05-08T12:01:34.7930038+08:00	sample-api-67b9868b9c-lhbdn           1m     13Mi   
2026-05-08T12:01:34.7930038+08:00	sample-api-67b9868b9c-mkrjc           1m     13Mi   
2026-05-08T12:01:34.7930038+08:00	sample-api-67b9868b9c-nzkbb           1m     13Mi   
2026-05-08T12:01:44.9932396+08:00	prometheus-86b6ff97dc-txzfg           2m     34Mi   
2026-05-08T12:01:44.9932396+08:00	prometheus-adapter-7d7697f86c-szs26   3m     25Mi   
2026-05-08T12:01:44.9932396+08:00	sample-api-67b9868b9c-dvpx2           167m   12Mi   
2026-05-08T12:01:44.9932396+08:00	sample-api-67b9868b9c-fq8k4           1m     13Mi   
2026-05-08T12:01:44.9932396+08:00	sample-api-67b9868b9c-lhbdn           1m     13Mi   
2026-05-08T12:01:44.9932396+08:00	sample-api-67b9868b9c-mkrjc           1m     13Mi   
2026-05-08T12:01:44.9932396+08:00	sample-api-67b9868b9c-nzkbb           1m     13Mi   
2026-05-08T12:01:55.1954545+08:00	prometheus-86b6ff97dc-txzfg           2m     34Mi   
2026-05-08T12:01:55.1954545+08:00	prometheus-adapter-7d7697f86c-szs26   3m     25Mi   
2026-05-08T12:01:55.1954545+08:00	sample-api-67b9868b9c-dvpx2           167m   12Mi   
2026-05-08T12:01:55.1954545+08:00	sample-api-67b9868b9c-fq8k4           1m     13Mi   
2026-05-08T12:01:55.1954545+08:00	sample-api-67b9868b9c-lhbdn           1m     13Mi   
2026-05-08T12:01:55.1954545+08:00	sample-api-67b9868b9c-mkrjc           1m     13Mi   
2026-05-08T12:01:55.1954545+08:00	sample-api-67b9868b9c-nzkbb           1m     13Mi   
2026-05-08T12:02:05.4991365+08:00	prometheus-86b6ff97dc-txzfg           3m     34Mi   
2026-05-08T12:02:05.4991365+08:00	prometheus-adapter-7d7697f86c-szs26   3m     26Mi   
2026-05-08T12:02:05.4991365+08:00	sample-api-67b9868b9c-dvpx2           169m   12Mi   
2026-05-08T12:02:05.4991365+08:00	sample-api-67b9868b9c-fq8k4           1m     13Mi   
2026-05-08T12:02:05.4991365+08:00	sample-api-67b9868b9c-lhbdn           1m     13Mi   
2026-05-08T12:02:05.4991365+08:00	sample-api-67b9868b9c-mkrjc           1m     13Mi   
2026-05-08T12:02:05.4991365+08:00	sample-api-67b9868b9c-nzkbb           1m     13Mi   
2026-05-08T12:02:15.7769365+08:00	prometheus-86b6ff97dc-txzfg           2m     34Mi   
2026-05-08T12:02:15.7769365+08:00	prometheus-adapter-7d7697f86c-szs26   3m     26Mi   
2026-05-08T12:02:15.7769365+08:00	sample-api-67b9868b9c-dvpx2           168m   12Mi   
2026-05-08T12:02:15.7769365+08:00	sample-api-67b9868b9c-fq8k4           1m     13Mi   
2026-05-08T12:02:15.7769365+08:00	sample-api-67b9868b9c-lhbdn           1m     13Mi   
2026-05-08T12:02:15.7769365+08:00	sample-api-67b9868b9c-mkrjc           1m     13Mi   
2026-05-08T12:02:15.7769365+08:00	sample-api-67b9868b9c-nzkbb           1m     13Mi   
2026-05-08T12:02:26.2916526+08:00	prometheus-86b6ff97dc-txzfg           2m     34Mi   
2026-05-08T12:02:26.2916526+08:00	prometheus-adapter-7d7697f86c-szs26   3m     26Mi   
2026-05-08T12:02:26.2916526+08:00	sample-api-67b9868b9c-dvpx2           166m   12Mi   
2026-05-08T12:02:26.2916526+08:00	sample-api-67b9868b9c-fq8k4           1m     13Mi   
2026-05-08T12:02:26.2916526+08:00	sample-api-67b9868b9c-lhbdn           1m     13Mi   
2026-05-08T12:02:26.2916526+08:00	sample-api-67b9868b9c-mkrjc           1m     13Mi   
2026-05-08T12:02:26.2916526+08:00	sample-api-67b9868b9c-nzkbb           1m     13Mi   
2026-05-08T12:02:36.5804468+08:00	prometheus-86b6ff97dc-txzfg           2m     34Mi   
2026-05-08T12:02:36.5804468+08:00	prometheus-adapter-7d7697f86c-szs26   3m     26Mi   
2026-05-08T12:02:36.5804468+08:00	sample-api-67b9868b9c-dvpx2           166m   12Mi   
2026-05-08T12:02:36.5804468+08:00	sample-api-67b9868b9c-fq8k4           1m     13Mi   
2026-05-08T12:02:36.5804468+08:00	sample-api-67b9868b9c-lhbdn           1m     13Mi   
2026-05-08T12:02:36.5804468+08:00	sample-api-67b9868b9c-mkrjc           1m     13Mi   
2026-05-08T12:02:36.5804468+08:00	sample-api-67b9868b9c-nzkbb           1m     13Mi   
2026-05-08T12:02:46.7776828+08:00	prometheus-86b6ff97dc-txzfg           3m     35Mi   
2026-05-08T12:02:46.7776828+08:00	prometheus-adapter-7d7697f86c-szs26   4m     26Mi   
2026-05-08T12:02:46.7776828+08:00	sample-api-67b9868b9c-dvpx2           166m   12Mi   
2026-05-08T12:02:46.7776828+08:00	sample-api-67b9868b9c-fq8k4           1m     13Mi   
2026-05-08T12:02:46.7776828+08:00	sample-api-67b9868b9c-lhbdn           1m     13Mi   
2026-05-08T12:02:46.7776828+08:00	sample-api-67b9868b9c-mkrjc           1m     13Mi   
2026-05-08T12:02:46.7776828+08:00	sample-api-67b9868b9c-nzkbb           1m     13Mi   
2026-05-08T12:02:56.9808145+08:00	prometheus-86b6ff97dc-txzfg           2m     35Mi   
2026-05-08T12:02:56.9808145+08:00	prometheus-adapter-7d7697f86c-szs26   3m     26Mi   
2026-05-08T12:02:56.9808145+08:00	sample-api-67b9868b9c-dvpx2           164m   12Mi   
2026-05-08T12:02:56.9808145+08:00	sample-api-67b9868b9c-fq8k4           1m     13Mi   
2026-05-08T12:02:56.9808145+08:00	sample-api-67b9868b9c-lhbdn           1m     13Mi   
2026-05-08T12:02:56.9808145+08:00	sample-api-67b9868b9c-mkrjc           1m     13Mi   
2026-05-08T12:02:56.9808145+08:00	sample-api-67b9868b9c-nzkbb           1m     13Mi   
2026-05-08T12:03:07.1766404+08:00	prometheus-86b6ff97dc-txzfg           2m     35Mi   
2026-05-08T12:03:07.1766404+08:00	prometheus-adapter-7d7697f86c-szs26   3m     26Mi   
2026-05-08T12:03:07.1766404+08:00	sample-api-67b9868b9c-dvpx2           164m   12Mi   
2026-05-08T12:03:07.1766404+08:00	sample-api-67b9868b9c-fq8k4           1m     13Mi   
2026-05-08T12:03:07.1766404+08:00	sample-api-67b9868b9c-lhbdn           1m     13Mi   
2026-05-08T12:03:07.1766404+08:00	sample-api-67b9868b9c-mkrjc           1m     13Mi   
2026-05-08T12:03:07.1766404+08:00	sample-api-67b9868b9c-nzkbb           1m     13Mi   
2026-05-08T12:03:17.4755445+08:00	prometheus-86b6ff97dc-txzfg           2m     35Mi   
2026-05-08T12:03:17.4755445+08:00	prometheus-adapter-7d7697f86c-szs26   3m     26Mi   
2026-05-08T12:03:17.4755445+08:00	sample-api-67b9868b9c-dvpx2           165m   11Mi   
2026-05-08T12:03:17.4755445+08:00	sample-api-67b9868b9c-fq8k4           1m     13Mi   
2026-05-08T12:03:17.4755445+08:00	sample-api-67b9868b9c-lhbdn           1m     13Mi   
2026-05-08T12:03:17.4755445+08:00	sample-api-67b9868b9c-mkrjc           1m     13Mi   
2026-05-08T12:03:17.4755445+08:00	sample-api-67b9868b9c-nzkbb           1m     13Mi   
2026-05-08T12:03:27.7851937+08:00	prometheus-86b6ff97dc-txzfg           2m     35Mi   
2026-05-08T12:03:27.7851937+08:00	prometheus-adapter-7d7697f86c-szs26   3m     26Mi   
2026-05-08T12:03:27.7851937+08:00	sample-api-67b9868b9c-dvpx2           167m   12Mi   
2026-05-08T12:03:27.7851937+08:00	sample-api-67b9868b9c-fq8k4           1m     13Mi   
2026-05-08T12:03:27.7851937+08:00	sample-api-67b9868b9c-lhbdn           1m     13Mi   
2026-05-08T12:03:27.7851937+08:00	sample-api-67b9868b9c-mkrjc           1m     13Mi   
2026-05-08T12:03:27.7851937+08:00	sample-api-67b9868b9c-nzkbb           1m     13Mi   
