2026-05-08T11:21:54.2531543+08:00	prometheus-86b6ff97dc-txzfg           2m    30Mi   
2026-05-08T11:21:54.2531543+08:00	prometheus-adapter-7d7697f86c-szs26   2m    23Mi   
2026-05-08T11:21:54.2531543+08:00	sample-api-67b9868b9c-dvpx2           1m    11Mi   
2026-05-08T11:21:54.2531543+08:00	sample-api-67b9868b9c-nzkbb           1m    11Mi   
2026-05-08T11:22:04.3783843+08:00	prometheus-86b6ff97dc-txzfg           2m    30Mi   
2026-05-08T11:22:04.3783843+08:00	prometheus-adapter-7d7697f86c-szs26   3m    23Mi   
2026-05-08T11:22:04.3783843+08:00	sample-api-67b9868b9c-dvpx2           1m    11Mi   
2026-05-08T11:22:04.3783843+08:00	sample-api-67b9868b9c-nzkbb           5m    11Mi   
2026-05-08T11:22:14.6431964+08:00	prometheus-86b6ff97dc-txzfg           2m     30Mi   
2026-05-08T11:22:14.6431964+08:00	prometheus-adapter-7d7697f86c-szs26   2m     23Mi   
2026-05-08T11:22:14.6431964+08:00	sample-api-67b9868b9c-dvpx2           1m     11Mi   
2026-05-08T11:22:14.6431964+08:00	sample-api-67b9868b9c-nzkbb           162m   12Mi   
2026-05-08T11:22:25.0417075+08:00	prometheus-86b6ff97dc-txzfg           2m     30Mi   
2026-05-08T11:22:25.0417075+08:00	prometheus-adapter-7d7697f86c-szs26   2m     23Mi   
2026-05-08T11:22:25.0417075+08:00	sample-api-67b9868b9c-dvpx2           1m     11Mi   
2026-05-08T11:22:25.0417075+08:00	sample-api-67b9868b9c-nzkbb           162m   12Mi   
2026-05-08T11:22:35.6353887+08:00	prometheus-86b6ff97dc-txzfg           2m     30Mi   
2026-05-08T11:22:35.6353887+08:00	prometheus-adapter-7d7697f86c-szs26   4m     21Mi   
2026-05-08T11:22:35.6353887+08:00	sample-api-67b9868b9c-dvpx2           2m     11Mi   
2026-05-08T11:22:35.6353887+08:00	sample-api-67b9868b9c-nzkbb           175m   12Mi   
2026-05-08T11:22:46.0386541+08:00	prometheus-86b6ff97dc-txzfg           1m     30Mi   
2026-05-08T11:22:46.0386541+08:00	prometheus-adapter-7d7697f86c-szs26   2m     21Mi   
2026-05-08T11:22:46.0386541+08:00	sample-api-67b9868b9c-dvpx2           1m     11Mi   
2026-05-08T11:22:46.0386541+08:00	sample-api-67b9868b9c-nzkbb           173m   12Mi   
2026-05-08T11:22:56.5405993+08:00	prometheus-86b6ff97dc-txzfg           2m     30Mi   
2026-05-08T11:22:56.5405993+08:00	prometheus-adapter-7d7697f86c-szs26   2m     21Mi   
2026-05-08T11:22:56.5405993+08:00	sample-api-67b9868b9c-dvpx2           1m     11Mi   
2026-05-08T11:22:56.5405993+08:00	sample-api-67b9868b9c-nzkbb           171m   12Mi   
2026-05-08T11:23:06.9345602+08:00	prometheus-86b6ff97dc-txzfg           2m     30Mi   
2026-05-08T11:23:06.9345602+08:00	prometheus-adapter-7d7697f86c-szs26   2m     21Mi   
2026-05-08T11:23:06.9345602+08:00	sample-api-67b9868b9c-dvpx2           1m     11Mi   
2026-05-08T11:23:06.9345602+08:00	sample-api-67b9868b9c-nzkbb           171m   12Mi   
2026-05-08T11:23:17.3288924+08:00	prometheus-86b6ff97dc-txzfg           2m     30Mi   
2026-05-08T11:23:17.3288924+08:00	prometheus-adapter-7d7697f86c-szs26   2m     21Mi   
2026-05-08T11:23:17.3288924+08:00	sample-api-67b9868b9c-dvpx2           2m     11Mi   
2026-05-08T11:23:17.3288924+08:00	sample-api-67b9868b9c-nzkbb           176m   12Mi   
2026-05-08T11:23:27.8346568+08:00	prometheus-86b6ff97dc-txzfg           2m     30Mi   
2026-05-08T11:23:27.8346568+08:00	prometheus-adapter-7d7697f86c-szs26   3m     21Mi   
2026-05-08T11:23:27.8346568+08:00	sample-api-67b9868b9c-dvpx2           1m     11Mi   
2026-05-08T11:23:27.8346568+08:00	sample-api-67b9868b9c-nzkbb           177m   11Mi   
2026-05-08T11:23:38.1297653+08:00	prometheus-86b6ff97dc-txzfg           2m     30Mi   
2026-05-08T11:23:38.1297653+08:00	prometheus-adapter-7d7697f86c-szs26   3m     21Mi   
2026-05-08T11:23:38.1297653+08:00	sample-api-67b9868b9c-dvpx2           1m     11Mi   
2026-05-08T11:23:38.1297653+08:00	sample-api-67b9868b9c-nzkbb           177m   11Mi   
2026-05-08T11:23:48.6278516+08:00	prometheus-86b6ff97dc-txzfg           3m     27Mi   
2026-05-08T11:23:48.6278516+08:00	prometheus-adapter-7d7697f86c-szs26   2m     21Mi   
2026-05-08T11:23:48.6278516+08:00	sample-api-67b9868b9c-dvpx2           1m     11Mi   
2026-05-08T11:23:48.6278516+08:00	sample-api-67b9868b9c-nzkbb           173m   12Mi   
2026-05-08T11:23:58.9288939+08:00	prometheus-86b6ff97dc-txzfg           1m     27Mi   
2026-05-08T11:23:58.9288939+08:00	prometheus-adapter-7d7697f86c-szs26   2m     21Mi   
2026-05-08T11:23:58.9288939+08:00	sample-api-67b9868b9c-dvpx2           1m     11Mi   
2026-05-08T11:23:58.9288939+08:00	sample-api-67b9868b9c-nzkbb           173m   12Mi   
2026-05-08T11:24:09.3306422+08:00	prometheus-86b6ff97dc-txzfg           1m     27Mi   
2026-05-08T11:24:09.3306422+08:00	prometheus-adapter-7d7697f86c-szs26   2m     21Mi   
2026-05-08T11:24:09.3306422+08:00	sample-api-67b9868b9c-dvpx2           1m     11Mi   
2026-05-08T11:24:09.3306422+08:00	sample-api-67b9868b9c-nzkbb           173m   12Mi   
2026-05-08T11:24:19.4389059+08:00	prometheus-86b6ff97dc-txzfg           2m    27Mi   
2026-05-08T11:24:19.4389059+08:00	prometheus-adapter-7d7697f86c-szs26   2m    21Mi   
2026-05-08T11:24:19.4389059+08:00	sample-api-67b9868b9c-dvpx2           1m    11Mi   
2026-05-08T11:24:29.5347175+08:00	prometheus-86b6ff97dc-txzfg           2m    27Mi   
2026-05-08T11:24:29.5347175+08:00	prometheus-adapter-7d7697f86c-szs26   3m    21Mi   
2026-05-08T11:24:29.5347175+08:00	sample-api-67b9868b9c-dvpx2           1m    11Mi   
2026-05-08T11:24:29.5347175+08:00	sample-api-67b9868b9c-nzkbb           1m    13Mi   
2026-05-08T11:24:39.6456589+08:00	prometheus-86b6ff97dc-txzfg           2m    27Mi   
2026-05-08T11:24:39.6456589+08:00	prometheus-adapter-7d7697f86c-szs26   3m    21Mi   
2026-05-08T11:24:39.6456589+08:00	sample-api-67b9868b9c-dvpx2           1m    11Mi   
2026-05-08T11:24:39.6456589+08:00	sample-api-67b9868b9c-nzkbb           1m    13Mi   
2026-05-08T11:24:49.7486158+08:00	prometheus-86b6ff97dc-txzfg           2m    27Mi   
2026-05-08T11:24:49.7486158+08:00	prometheus-adapter-7d7697f86c-szs26   2m    21Mi   
2026-05-08T11:24:49.7486158+08:00	sample-api-67b9868b9c-dvpx2           1m    11Mi   
2026-05-08T11:24:49.7486158+08:00	sample-api-67b9868b9c-nzkbb           1m    13Mi   
2026-05-08T11:24:59.8608412+08:00	prometheus-86b6ff97dc-txzfg           2m    27Mi   
2026-05-08T11:24:59.8608412+08:00	prometheus-adapter-7d7697f86c-szs26   3m    21Mi   
2026-05-08T11:24:59.8608412+08:00	sample-api-67b9868b9c-dvpx2           1m    11Mi   
2026-05-08T11:24:59.8608412+08:00	sample-api-67b9868b9c-nzkbb           1m    13Mi   
2026-05-08T11:25:09.9811686+08:00	prometheus-86b6ff97dc-txzfg           2m    27Mi   
2026-05-08T11:25:09.9811686+08:00	prometheus-adapter-7d7697f86c-szs26   3m    21Mi   
2026-05-08T11:25:09.9811686+08:00	sample-api-67b9868b9c-dvpx2           1m    11Mi   
2026-05-08T11:25:09.9811686+08:00	sample-api-67b9868b9c-nzkbb           1m    13Mi   
2026-05-08T11:25:20.0890174+08:00	prometheus-86b6ff97dc-txzfg           2m    28Mi   
2026-05-08T11:25:20.0890174+08:00	prometheus-adapter-7d7697f86c-szs26   2m    21Mi   
2026-05-08T11:25:20.0890174+08:00	sample-api-67b9868b9c-dvpx2           1m    11Mi   
2026-05-08T11:25:20.0890174+08:00	sample-api-67b9868b9c-nzkbb           1m    13Mi   
2026-05-08T11:25:30.1846455+08:00	prometheus-86b6ff97dc-txzfg           2m    28Mi   
2026-05-08T11:25:30.1846455+08:00	prometheus-adapter-7d7697f86c-szs26   3m    21Mi   
2026-05-08T11:25:30.1846455+08:00	sample-api-67b9868b9c-dvpx2           1m    11Mi   
2026-05-08T11:25:30.1846455+08:00	sample-api-67b9868b9c-nzkbb           1m    13Mi   
2026-05-08T11:25:40.2845093+08:00	prometheus-86b6ff97dc-txzfg           2m    28Mi   
2026-05-08T11:25:40.2845093+08:00	prometheus-adapter-7d7697f86c-szs26   3m    21Mi   
2026-05-08T11:25:40.2845093+08:00	sample-api-67b9868b9c-dvpx2           1m    11Mi   
2026-05-08T11:25:40.2845093+08:00	sample-api-67b9868b9c-nzkbb           1m    13Mi   
2026-05-08T11:25:50.3826339+08:00	prometheus-86b6ff97dc-txzfg           2m    28Mi   
2026-05-08T11:25:50.3826339+08:00	prometheus-adapter-7d7697f86c-szs26   2m    21Mi   
2026-05-08T11:25:50.3826339+08:00	sample-api-67b9868b9c-dvpx2           1m    11Mi   
2026-05-08T11:25:50.3826339+08:00	sample-api-67b9868b9c-nzkbb           1m    13Mi   
2026-05-08T11:26:00.4973217+08:00	prometheus-86b6ff97dc-txzfg           2m    28Mi   
2026-05-08T11:26:00.4973217+08:00	prometheus-adapter-7d7697f86c-szs26   3m    21Mi   
2026-05-08T11:26:00.4973217+08:00	sample-api-67b9868b9c-dvpx2           1m    11Mi   
2026-05-08T11:26:00.4973217+08:00	sample-api-67b9868b9c-nzkbb           2m    13Mi   
2026-05-08T11:26:10.5983667+08:00	prometheus-86b6ff97dc-txzfg           2m    28Mi   
2026-05-08T11:26:10.5983667+08:00	prometheus-adapter-7d7697f86c-szs26   3m    21Mi   
2026-05-08T11:26:10.5983667+08:00	sample-api-67b9868b9c-dvpx2           1m    11Mi   
2026-05-08T11:26:10.5983667+08:00	sample-api-67b9868b9c-nzkbb           2m    13Mi   
2026-05-08T11:26:20.7053437+08:00	prometheus-86b6ff97dc-txzfg           2m    28Mi   
2026-05-08T11:26:20.7053437+08:00	prometheus-adapter-7d7697f86c-szs26   3m    21Mi   
2026-05-08T11:26:20.7053437+08:00	sample-api-67b9868b9c-dvpx2           1m    11Mi   
2026-05-08T11:26:20.7053437+08:00	sample-api-67b9868b9c-nzkbb           1m    13Mi   
2026-05-08T11:26:30.8110938+08:00	prometheus-86b6ff97dc-txzfg           2m    28Mi   
2026-05-08T11:26:30.8110938+08:00	prometheus-adapter-7d7697f86c-szs26   5m    21Mi   
2026-05-08T11:26:30.8110938+08:00	sample-api-67b9868b9c-dvpx2           1m    11Mi   
2026-05-08T11:26:30.8110938+08:00	sample-api-67b9868b9c-nzkbb           1m    13Mi   
2026-05-08T11:26:40.9545554+08:00	prometheus-86b6ff97dc-txzfg           2m    28Mi   
2026-05-08T11:26:40.9545554+08:00	prometheus-adapter-7d7697f86c-szs26   5m    21Mi   
2026-05-08T11:26:40.9545554+08:00	sample-api-67b9868b9c-dvpx2           1m    11Mi   
2026-05-08T11:26:40.9545554+08:00	sample-api-67b9868b9c-nzkbb           1m    13Mi   
2026-05-08T11:26:51.0494035+08:00	prometheus-86b6ff97dc-txzfg           2m    28Mi   
2026-05-08T11:26:51.0494035+08:00	prometheus-adapter-7d7697f86c-szs26   3m    21Mi   
2026-05-08T11:26:51.0494035+08:00	sample-api-67b9868b9c-dvpx2           1m    11Mi   
2026-05-08T11:26:51.0494035+08:00	sample-api-67b9868b9c-nzkbb           2m    13Mi   
