2026-05-08T13:47:38.9216007+08:00	prometheus-86b6ff97dc-txzfg           3m    37Mi   
2026-05-08T13:47:38.9216007+08:00	prometheus-adapter-7d7697f86c-szs26   4m    28Mi   
2026-05-08T13:47:38.9216007+08:00	sample-api-67b9868b9c-dvpx2           1m    11Mi   
2026-05-08T13:47:38.9216007+08:00	sample-api-67b9868b9c-fq8k4           1m    13Mi   
2026-05-08T13:47:38.9216007+08:00	sample-api-67b9868b9c-lhbdn           1m    13Mi   
2026-05-08T13:47:38.9216007+08:00	sample-api-67b9868b9c-mkrjc           1m    15Mi   
2026-05-08T13:47:38.9216007+08:00	sample-api-67b9868b9c-nzkbb           1m    13Mi   
2026-05-08T13:47:49.0323741+08:00	prometheus-86b6ff97dc-txzfg           2m    37Mi   
2026-05-08T13:47:49.0323741+08:00	prometheus-adapter-7d7697f86c-szs26   3m    28Mi   
2026-05-08T13:47:49.0323741+08:00	sample-api-67b9868b9c-dvpx2           1m    11Mi   
2026-05-08T13:47:49.0323741+08:00	sample-api-67b9868b9c-fq8k4           21m   13Mi   
2026-05-08T13:47:49.0323741+08:00	sample-api-67b9868b9c-lhbdn           1m    13Mi   
2026-05-08T13:47:49.0323741+08:00	sample-api-67b9868b9c-mkrjc           1m    15Mi   
2026-05-08T13:47:49.0323741+08:00	sample-api-67b9868b9c-nzkbb           1m    13Mi   
2026-05-08T13:47:59.3333763+08:00	prometheus-86b6ff97dc-txzfg           2m     37Mi   
2026-05-08T13:47:59.3333763+08:00	prometheus-adapter-7d7697f86c-szs26   2m     28Mi   
2026-05-08T13:47:59.3333763+08:00	sample-api-67b9868b9c-dvpx2           1m     11Mi   
2026-05-08T13:47:59.3333763+08:00	sample-api-67b9868b9c-fq8k4           164m   13Mi   
2026-05-08T13:47:59.3333763+08:00	sample-api-67b9868b9c-lhbdn           1m     13Mi   
2026-05-08T13:47:59.3333763+08:00	sample-api-67b9868b9c-mkrjc           1m     15Mi   
2026-05-08T13:47:59.3333763+08:00	sample-api-67b9868b9c-nzkbb           1m     13Mi   
2026-05-08T13:48:09.4358722+08:00	prometheus-86b6ff97dc-txzfg           2m     37Mi   
2026-05-08T13:48:09.4358722+08:00	prometheus-adapter-7d7697f86c-szs26   2m     28Mi   
2026-05-08T13:48:09.4358722+08:00	sample-api-67b9868b9c-dvpx2           1m     11Mi   
2026-05-08T13:48:09.4358722+08:00	sample-api-67b9868b9c-fq8k4           164m   13Mi   
2026-05-08T13:48:09.4358722+08:00	sample-api-67b9868b9c-lhbdn           1m     13Mi   
2026-05-08T13:48:09.4358722+08:00	sample-api-67b9868b9c-mkrjc           1m     15Mi   
2026-05-08T13:48:09.4358722+08:00	sample-api-67b9868b9c-nzkbb           1m     13Mi   
2026-05-08T13:48:19.6384152+08:00	prometheus-86b6ff97dc-txzfg           2m     37Mi   
2026-05-08T13:48:19.6384152+08:00	prometheus-adapter-7d7697f86c-szs26   2m     28Mi   
2026-05-08T13:48:19.6384152+08:00	sample-api-67b9868b9c-dvpx2           1m     11Mi   
2026-05-08T13:48:19.6384152+08:00	sample-api-67b9868b9c-fq8k4           165m   13Mi   
2026-05-08T13:48:19.6384152+08:00	sample-api-67b9868b9c-lhbdn           1m     13Mi   
2026-05-08T13:48:19.6384152+08:00	sample-api-67b9868b9c-mkrjc           1m     15Mi   
2026-05-08T13:48:19.6384152+08:00	sample-api-67b9868b9c-nzkbb           1m     13Mi   
2026-05-08T13:48:29.9359006+08:00	prometheus-86b6ff97dc-txzfg           2m     37Mi   
2026-05-08T13:48:29.9359006+08:00	prometheus-adapter-7d7697f86c-szs26   3m     28Mi   
2026-05-08T13:48:29.9359006+08:00	sample-api-67b9868b9c-dvpx2           1m     11Mi   
2026-05-08T13:48:29.9359006+08:00	sample-api-67b9868b9c-fq8k4           166m   13Mi   
2026-05-08T13:48:29.9359006+08:00	sample-api-67b9868b9c-lhbdn           1m     13Mi   
2026-05-08T13:48:29.9359006+08:00	sample-api-67b9868b9c-mkrjc           1m     15Mi   
2026-05-08T13:48:29.9359006+08:00	sample-api-67b9868b9c-nzkbb           1m     13Mi   
2026-05-08T13:48:40.1364020+08:00	prometheus-86b6ff97dc-txzfg           2m     37Mi   
2026-05-08T13:48:40.1364020+08:00	prometheus-adapter-7d7697f86c-szs26   3m     28Mi   
2026-05-08T13:48:40.1364020+08:00	sample-api-67b9868b9c-dvpx2           1m     11Mi   
2026-05-08T13:48:40.1364020+08:00	sample-api-67b9868b9c-fq8k4           166m   13Mi   
2026-05-08T13:48:40.1364020+08:00	sample-api-67b9868b9c-lhbdn           1m     13Mi   
2026-05-08T13:48:40.1364020+08:00	sample-api-67b9868b9c-mkrjc           1m     15Mi   
2026-05-08T13:48:40.1364020+08:00	sample-api-67b9868b9c-nzkbb           1m     13Mi   
2026-05-08T13:48:50.4201219+08:00	prometheus-86b6ff97dc-txzfg           2m     37Mi   
2026-05-08T13:48:50.4201219+08:00	prometheus-adapter-7d7697f86c-szs26   3m     28Mi   
2026-05-08T13:48:50.4201219+08:00	sample-api-67b9868b9c-dvpx2           1m     11Mi   
2026-05-08T13:48:50.4201219+08:00	sample-api-67b9868b9c-fq8k4           166m   13Mi   
2026-05-08T13:48:50.4201219+08:00	sample-api-67b9868b9c-lhbdn           1m     13Mi   
2026-05-08T13:48:50.4201219+08:00	sample-api-67b9868b9c-mkrjc           1m     15Mi   
2026-05-08T13:48:50.4201219+08:00	sample-api-67b9868b9c-nzkbb           1m     13Mi   
2026-05-08T13:49:00.6341328+08:00	prometheus-86b6ff97dc-txzfg           3m     36Mi   
2026-05-08T13:49:00.6341328+08:00	prometheus-adapter-7d7697f86c-szs26   2m     28Mi   
2026-05-08T13:49:00.6341328+08:00	sample-api-67b9868b9c-dvpx2           1m     11Mi   
2026-05-08T13:49:00.6341328+08:00	sample-api-67b9868b9c-fq8k4           170m   14Mi   
2026-05-08T13:49:00.6341328+08:00	sample-api-67b9868b9c-lhbdn           1m     13Mi   
2026-05-08T13:49:00.6341328+08:00	sample-api-67b9868b9c-mkrjc           1m     15Mi   
2026-05-08T13:49:00.6341328+08:00	sample-api-67b9868b9c-nzkbb           1m     13Mi   
2026-05-08T13:49:11.0373987+08:00	prometheus-86b6ff97dc-txzfg           3m     36Mi   
2026-05-08T13:49:11.0373987+08:00	prometheus-adapter-7d7697f86c-szs26   2m     28Mi   
2026-05-08T13:49:11.0373987+08:00	sample-api-67b9868b9c-dvpx2           1m     11Mi   
2026-05-08T13:49:11.0373987+08:00	sample-api-67b9868b9c-fq8k4           170m   14Mi   
2026-05-08T13:49:11.0373987+08:00	sample-api-67b9868b9c-lhbdn           1m     13Mi   
2026-05-08T13:49:11.0373987+08:00	sample-api-67b9868b9c-mkrjc           1m     15Mi   
2026-05-08T13:49:11.0373987+08:00	sample-api-67b9868b9c-nzkbb           1m     13Mi   
2026-05-08T13:49:21.3397501+08:00	prometheus-86b6ff97dc-txzfg           2m     36Mi   
2026-05-08T13:49:21.3397501+08:00	prometheus-adapter-7d7697f86c-szs26   3m     28Mi   
2026-05-08T13:49:21.3397501+08:00	sample-api-67b9868b9c-dvpx2           1m     11Mi   
2026-05-08T13:49:21.3397501+08:00	sample-api-67b9868b9c-fq8k4           171m   14Mi   
2026-05-08T13:49:21.3397501+08:00	sample-api-67b9868b9c-lhbdn           1m     13Mi   
2026-05-08T13:49:21.3397501+08:00	sample-api-67b9868b9c-mkrjc           1m     15Mi   
2026-05-08T13:49:21.3397501+08:00	sample-api-67b9868b9c-nzkbb           1m     13Mi   
2026-05-08T13:49:31.6348515+08:00	prometheus-86b6ff97dc-txzfg           2m     36Mi   
2026-05-08T13:49:31.6348515+08:00	prometheus-adapter-7d7697f86c-szs26   4m     28Mi   
2026-05-08T13:49:31.6348515+08:00	sample-api-67b9868b9c-dvpx2           1m     11Mi   
2026-05-08T13:49:31.6348515+08:00	sample-api-67b9868b9c-fq8k4           167m   14Mi   
2026-05-08T13:49:31.6348515+08:00	sample-api-67b9868b9c-lhbdn           1m     13Mi   
2026-05-08T13:49:31.6348515+08:00	sample-api-67b9868b9c-mkrjc           1m     15Mi   
2026-05-08T13:49:31.6348515+08:00	sample-api-67b9868b9c-nzkbb           1m     13Mi   
2026-05-08T13:49:41.9284082+08:00	prometheus-86b6ff97dc-txzfg           2m     36Mi   
2026-05-08T13:49:41.9284082+08:00	prometheus-adapter-7d7697f86c-szs26   4m     28Mi   
2026-05-08T13:49:41.9284082+08:00	sample-api-67b9868b9c-dvpx2           1m     11Mi   
2026-05-08T13:49:41.9284082+08:00	sample-api-67b9868b9c-fq8k4           167m   14Mi   
2026-05-08T13:49:41.9284082+08:00	sample-api-67b9868b9c-lhbdn           1m     13Mi   
2026-05-08T13:49:41.9284082+08:00	sample-api-67b9868b9c-mkrjc           1m     15Mi   
2026-05-08T13:49:41.9284082+08:00	sample-api-67b9868b9c-nzkbb           1m     13Mi   
2026-05-08T13:49:52.2211413+08:00	prometheus-86b6ff97dc-txzfg           2m     36Mi   
2026-05-08T13:49:52.2211413+08:00	prometheus-adapter-7d7697f86c-szs26   3m     28Mi   
2026-05-08T13:49:52.2211413+08:00	sample-api-67b9868b9c-dvpx2           1m     11Mi   
2026-05-08T13:49:52.2211413+08:00	sample-api-67b9868b9c-fq8k4           170m   13Mi   
2026-05-08T13:49:52.2211413+08:00	sample-api-67b9868b9c-lhbdn           1m     13Mi   
2026-05-08T13:49:52.2211413+08:00	sample-api-67b9868b9c-mkrjc           1m     15Mi   
2026-05-08T13:49:52.2211413+08:00	sample-api-67b9868b9c-nzkbb           1m     13Mi   
2026-05-08T13:50:02.4221033+08:00	prometheus-86b6ff97dc-txzfg           2m     36Mi   
2026-05-08T13:50:02.4221033+08:00	prometheus-adapter-7d7697f86c-szs26   2m     28Mi   
2026-05-08T13:50:02.4221033+08:00	sample-api-67b9868b9c-dvpx2           1m     11Mi   
2026-05-08T13:50:02.4221033+08:00	sample-api-67b9868b9c-fq8k4           170m   14Mi   
2026-05-08T13:50:02.4221033+08:00	sample-api-67b9868b9c-lhbdn           1m     13Mi   
2026-05-08T13:50:02.4221033+08:00	sample-api-67b9868b9c-mkrjc           1m     15Mi   
2026-05-08T13:50:02.4221033+08:00	sample-api-67b9868b9c-nzkbb           1m     13Mi   
2026-05-08T13:50:12.7224738+08:00	prometheus-86b6ff97dc-txzfg           2m     36Mi   
2026-05-08T13:50:12.7224738+08:00	prometheus-adapter-7d7697f86c-szs26   2m     28Mi   
2026-05-08T13:50:12.7224738+08:00	sample-api-67b9868b9c-dvpx2           1m     11Mi   
2026-05-08T13:50:12.7224738+08:00	sample-api-67b9868b9c-fq8k4           170m   14Mi   
2026-05-08T13:50:12.7224738+08:00	sample-api-67b9868b9c-lhbdn           1m     13Mi   
2026-05-08T13:50:12.7224738+08:00	sample-api-67b9868b9c-mkrjc           1m     15Mi   
2026-05-08T13:50:12.7224738+08:00	sample-api-67b9868b9c-nzkbb           1m     13Mi   
2026-05-08T13:50:22.9315437+08:00	prometheus-86b6ff97dc-txzfg           2m     36Mi   
2026-05-08T13:50:22.9315437+08:00	prometheus-adapter-7d7697f86c-szs26   3m     28Mi   
2026-05-08T13:50:22.9315437+08:00	sample-api-67b9868b9c-dvpx2           1m     11Mi   
2026-05-08T13:50:22.9315437+08:00	sample-api-67b9868b9c-fq8k4           167m   14Mi   
2026-05-08T13:50:22.9315437+08:00	sample-api-67b9868b9c-lhbdn           1m     13Mi   
2026-05-08T13:50:22.9315437+08:00	sample-api-67b9868b9c-mkrjc           1m     15Mi   
2026-05-08T13:50:22.9315437+08:00	sample-api-67b9868b9c-nzkbb           1m     13Mi   
2026-05-08T13:50:33.2223908+08:00	prometheus-86b6ff97dc-txzfg           3m     36Mi   
2026-05-08T13:50:33.2223908+08:00	prometheus-adapter-7d7697f86c-szs26   3m     28Mi   
2026-05-08T13:50:33.2223908+08:00	sample-api-67b9868b9c-dvpx2           1m     11Mi   
2026-05-08T13:50:33.2223908+08:00	sample-api-67b9868b9c-fq8k4           169m   14Mi   
2026-05-08T13:50:33.2223908+08:00	sample-api-67b9868b9c-lhbdn           1m     13Mi   
2026-05-08T13:50:33.2223908+08:00	sample-api-67b9868b9c-mkrjc           1m     15Mi   
2026-05-08T13:50:33.2223908+08:00	sample-api-67b9868b9c-nzkbb           1m     13Mi   
2026-05-08T13:50:43.5485494+08:00	prometheus-86b6ff97dc-txzfg           3m     36Mi   
2026-05-08T13:50:43.5485494+08:00	prometheus-adapter-7d7697f86c-szs26   3m     28Mi   
2026-05-08T13:50:43.5485494+08:00	sample-api-67b9868b9c-dvpx2           1m     11Mi   
2026-05-08T13:50:43.5485494+08:00	sample-api-67b9868b9c-fq8k4           168m   14Mi   
2026-05-08T13:50:43.5485494+08:00	sample-api-67b9868b9c-lhbdn           1m     13Mi   
2026-05-08T13:50:43.5485494+08:00	sample-api-67b9868b9c-mkrjc           1m     15Mi   
2026-05-08T13:50:43.5485494+08:00	sample-api-67b9868b9c-nzkbb           1m     13Mi   
2026-05-08T13:50:53.9264925+08:00	prometheus-86b6ff97dc-txzfg           3m     36Mi   
2026-05-08T13:50:53.9264925+08:00	prometheus-adapter-7d7697f86c-szs26   3m     28Mi   
2026-05-08T13:50:53.9264925+08:00	sample-api-67b9868b9c-dvpx2           1m     11Mi   
2026-05-08T13:50:53.9264925+08:00	sample-api-67b9868b9c-fq8k4           168m   14Mi   
2026-05-08T13:50:53.9264925+08:00	sample-api-67b9868b9c-lhbdn           1m     13Mi   
2026-05-08T13:50:53.9264925+08:00	sample-api-67b9868b9c-mkrjc           1m     15Mi   
2026-05-08T13:50:53.9264925+08:00	sample-api-67b9868b9c-nzkbb           1m     13Mi   
2026-05-08T13:51:04.1209451+08:00	prometheus-86b6ff97dc-txzfg           2m     36Mi   
2026-05-08T13:51:04.1209451+08:00	prometheus-adapter-7d7697f86c-szs26   3m     28Mi   
2026-05-08T13:51:04.1209451+08:00	sample-api-67b9868b9c-dvpx2           1m     11Mi   
2026-05-08T13:51:04.1209451+08:00	sample-api-67b9868b9c-fq8k4           166m   14Mi   
2026-05-08T13:51:04.1209451+08:00	sample-api-67b9868b9c-lhbdn           1m     13Mi   
2026-05-08T13:51:04.1209451+08:00	sample-api-67b9868b9c-mkrjc           1m     15Mi   
2026-05-08T13:51:04.1209451+08:00	sample-api-67b9868b9c-nzkbb           1m     13Mi   
2026-05-08T13:51:14.3248001+08:00	prometheus-86b6ff97dc-txzfg           2m     36Mi   
2026-05-08T13:51:14.3248001+08:00	prometheus-adapter-7d7697f86c-szs26   2m     28Mi   
2026-05-08T13:51:14.3248001+08:00	sample-api-67b9868b9c-dvpx2           1m     11Mi   
2026-05-08T13:51:14.3248001+08:00	sample-api-67b9868b9c-fq8k4           173m   13Mi   
2026-05-08T13:51:14.3248001+08:00	sample-api-67b9868b9c-lhbdn           1m     13Mi   
2026-05-08T13:51:14.3248001+08:00	sample-api-67b9868b9c-mkrjc           1m     15Mi   
2026-05-08T13:51:14.3248001+08:00	sample-api-67b9868b9c-nzkbb           1m     13Mi   
2026-05-08T13:51:24.6181143+08:00	prometheus-86b6ff97dc-txzfg           2m     36Mi   
2026-05-08T13:51:24.6181143+08:00	prometheus-adapter-7d7697f86c-szs26   2m     28Mi   
2026-05-08T13:51:24.6181143+08:00	sample-api-67b9868b9c-dvpx2           1m     11Mi   
2026-05-08T13:51:24.6181143+08:00	sample-api-67b9868b9c-fq8k4           173m   13Mi   
2026-05-08T13:51:24.6181143+08:00	sample-api-67b9868b9c-lhbdn           1m     13Mi   
2026-05-08T13:51:24.6181143+08:00	sample-api-67b9868b9c-mkrjc           1m     15Mi   
2026-05-08T13:51:24.6181143+08:00	sample-api-67b9868b9c-nzkbb           1m     13Mi   
2026-05-08T13:51:34.9163703+08:00	prometheus-86b6ff97dc-txzfg           2m     36Mi   
2026-05-08T13:51:34.9163703+08:00	prometheus-adapter-7d7697f86c-szs26   3m     28Mi   
2026-05-08T13:51:34.9163703+08:00	sample-api-67b9868b9c-dvpx2           1m     11Mi   
2026-05-08T13:51:34.9163703+08:00	sample-api-67b9868b9c-fq8k4           169m   14Mi   
2026-05-08T13:51:34.9163703+08:00	sample-api-67b9868b9c-lhbdn           1m     13Mi   
2026-05-08T13:51:34.9163703+08:00	sample-api-67b9868b9c-mkrjc           1m     15Mi   
2026-05-08T13:51:34.9163703+08:00	sample-api-67b9868b9c-nzkbb           1m     13Mi   
2026-05-08T13:51:45.1221750+08:00	prometheus-86b6ff97dc-txzfg           2m     36Mi   
2026-05-08T13:51:45.1221750+08:00	prometheus-adapter-7d7697f86c-szs26   3m     28Mi   
2026-05-08T13:51:45.1221750+08:00	sample-api-67b9868b9c-dvpx2           1m     11Mi   
2026-05-08T13:51:45.1221750+08:00	sample-api-67b9868b9c-fq8k4           162m   14Mi   
2026-05-08T13:51:45.1221750+08:00	sample-api-67b9868b9c-lhbdn           1m     13Mi   
2026-05-08T13:51:45.1221750+08:00	sample-api-67b9868b9c-mkrjc           1m     15Mi   
2026-05-08T13:51:45.1221750+08:00	sample-api-67b9868b9c-nzkbb           1m     13Mi   
2026-05-08T13:51:55.3203767+08:00	prometheus-86b6ff97dc-txzfg           2m     36Mi   
2026-05-08T13:51:55.3203767+08:00	prometheus-adapter-7d7697f86c-szs26   3m     28Mi   
2026-05-08T13:51:55.3203767+08:00	sample-api-67b9868b9c-dvpx2           1m     11Mi   
2026-05-08T13:51:55.3203767+08:00	sample-api-67b9868b9c-fq8k4           162m   14Mi   
2026-05-08T13:51:55.3203767+08:00	sample-api-67b9868b9c-lhbdn           1m     13Mi   
2026-05-08T13:51:55.3203767+08:00	sample-api-67b9868b9c-mkrjc           1m     15Mi   
2026-05-08T13:51:55.3203767+08:00	sample-api-67b9868b9c-nzkbb           1m     13Mi   
2026-05-08T13:52:05.6142723+08:00	prometheus-86b6ff97dc-txzfg           3m     36Mi   
2026-05-08T13:52:05.6142723+08:00	prometheus-adapter-7d7697f86c-szs26   3m     28Mi   
2026-05-08T13:52:05.6142723+08:00	sample-api-67b9868b9c-dvpx2           1m     11Mi   
2026-05-08T13:52:05.6142723+08:00	sample-api-67b9868b9c-fq8k4           164m   13Mi   
2026-05-08T13:52:05.6142723+08:00	sample-api-67b9868b9c-lhbdn           1m     13Mi   
2026-05-08T13:52:05.6142723+08:00	sample-api-67b9868b9c-mkrjc           1m     15Mi   
2026-05-08T13:52:05.6142723+08:00	sample-api-67b9868b9c-nzkbb           1m     13Mi   
2026-05-08T13:52:15.8170968+08:00	prometheus-86b6ff97dc-txzfg           2m     36Mi   
2026-05-08T13:52:15.8170968+08:00	prometheus-adapter-7d7697f86c-szs26   2m     28Mi   
2026-05-08T13:52:15.8170968+08:00	sample-api-67b9868b9c-dvpx2           1m     11Mi   
2026-05-08T13:52:15.8170968+08:00	sample-api-67b9868b9c-fq8k4           165m   14Mi   
2026-05-08T13:52:15.8170968+08:00	sample-api-67b9868b9c-lhbdn           1m     13Mi   
2026-05-08T13:52:15.8170968+08:00	sample-api-67b9868b9c-mkrjc           1m     15Mi   
2026-05-08T13:52:15.8170968+08:00	sample-api-67b9868b9c-nzkbb           1m     13Mi   
2026-05-08T13:52:26.0213547+08:00	prometheus-86b6ff97dc-txzfg           2m     36Mi   
2026-05-08T13:52:26.0213547+08:00	prometheus-adapter-7d7697f86c-szs26   2m     28Mi   
2026-05-08T13:52:26.0213547+08:00	sample-api-67b9868b9c-dvpx2           1m     11Mi   
2026-05-08T13:52:26.0213547+08:00	sample-api-67b9868b9c-fq8k4           165m   14Mi   
2026-05-08T13:52:26.0213547+08:00	sample-api-67b9868b9c-lhbdn           1m     13Mi   
2026-05-08T13:52:26.0213547+08:00	sample-api-67b9868b9c-mkrjc           1m     15Mi   
2026-05-08T13:52:26.0213547+08:00	sample-api-67b9868b9c-nzkbb           1m     13Mi   
2026-05-08T13:52:36.2284929+08:00	prometheus-86b6ff97dc-txzfg           2m     36Mi   
2026-05-08T13:52:36.2284929+08:00	prometheus-adapter-7d7697f86c-szs26   3m     28Mi   
2026-05-08T13:52:36.2284929+08:00	sample-api-67b9868b9c-dvpx2           1m     11Mi   
2026-05-08T13:52:36.2284929+08:00	sample-api-67b9868b9c-fq8k4           168m   14Mi   
2026-05-08T13:52:36.2284929+08:00	sample-api-67b9868b9c-lhbdn           1m     13Mi   
2026-05-08T13:52:36.2284929+08:00	sample-api-67b9868b9c-mkrjc           1m     15Mi   
2026-05-08T13:52:36.2284929+08:00	sample-api-67b9868b9c-nzkbb           1m     13Mi   
