2026-05-08T13:35:27.5656894+08:00	prometheus-86b6ff97dc-txzfg           2m    36Mi   
2026-05-08T13:35:27.5656894+08:00	prometheus-adapter-7d7697f86c-szs26   7m    28Mi   
2026-05-08T13:35:27.5656894+08:00	sample-api-67b9868b9c-dvpx2           1m    11Mi   
2026-05-08T13:35:27.5656894+08:00	sample-api-67b9868b9c-fq8k4           1m    13Mi   
2026-05-08T13:35:27.5656894+08:00	sample-api-67b9868b9c-lhbdn           1m    13Mi   
2026-05-08T13:35:27.5656894+08:00	sample-api-67b9868b9c-mkrjc           1m    15Mi   
2026-05-08T13:35:27.5656894+08:00	sample-api-67b9868b9c-nzkbb           1m    13Mi   
2026-05-08T13:35:37.7074474+08:00	prometheus-86b6ff97dc-txzfg           2m    36Mi   
2026-05-08T13:35:37.7074474+08:00	prometheus-adapter-7d7697f86c-szs26   3m    28Mi   
2026-05-08T13:35:37.7074474+08:00	sample-api-67b9868b9c-dvpx2           1m    11Mi   
2026-05-08T13:35:37.7074474+08:00	sample-api-67b9868b9c-fq8k4           1m    13Mi   
2026-05-08T13:35:37.7074474+08:00	sample-api-67b9868b9c-lhbdn           1m    13Mi   
2026-05-08T13:35:37.7074474+08:00	sample-api-67b9868b9c-mkrjc           1m    15Mi   
2026-05-08T13:35:37.7074474+08:00	sample-api-67b9868b9c-nzkbb           1m    13Mi   
2026-05-08T13:35:48.0781269+08:00	prometheus-86b6ff97dc-txzfg           2m     36Mi   
2026-05-08T13:35:48.0781269+08:00	prometheus-adapter-7d7697f86c-szs26   4m     28Mi   
2026-05-08T13:35:48.0781269+08:00	sample-api-67b9868b9c-dvpx2           1m     11Mi   
2026-05-08T13:35:48.0781269+08:00	sample-api-67b9868b9c-fq8k4           151m   13Mi   
2026-05-08T13:35:48.0781269+08:00	sample-api-67b9868b9c-lhbdn           1m     13Mi   
2026-05-08T13:35:48.0781269+08:00	sample-api-67b9868b9c-mkrjc           1m     15Mi   
2026-05-08T13:35:48.0781269+08:00	sample-api-67b9868b9c-nzkbb           1m     13Mi   
2026-05-08T13:35:58.2769614+08:00	prometheus-86b6ff97dc-txzfg           3m     36Mi   
2026-05-08T13:35:58.2769614+08:00	prometheus-adapter-7d7697f86c-szs26   3m     28Mi   
2026-05-08T13:35:58.2769614+08:00	sample-api-67b9868b9c-dvpx2           1m     11Mi   
2026-05-08T13:35:58.2769614+08:00	sample-api-67b9868b9c-fq8k4           170m   13Mi   
2026-05-08T13:35:58.2769614+08:00	sample-api-67b9868b9c-lhbdn           1m     13Mi   
2026-05-08T13:35:58.2769614+08:00	sample-api-67b9868b9c-mkrjc           1m     15Mi   
2026-05-08T13:35:58.2769614+08:00	sample-api-67b9868b9c-nzkbb           1m     13Mi   
2026-05-08T13:36:08.5629439+08:00	prometheus-86b6ff97dc-txzfg           3m     36Mi   
2026-05-08T13:36:08.5629439+08:00	prometheus-adapter-7d7697f86c-szs26   3m     28Mi   
2026-05-08T13:36:08.5629439+08:00	sample-api-67b9868b9c-dvpx2           1m     11Mi   
2026-05-08T13:36:08.5629439+08:00	sample-api-67b9868b9c-fq8k4           170m   13Mi   
2026-05-08T13:36:08.5629439+08:00	sample-api-67b9868b9c-lhbdn           1m     13Mi   
2026-05-08T13:36:08.5629439+08:00	sample-api-67b9868b9c-mkrjc           1m     15Mi   
2026-05-08T13:36:08.5629439+08:00	sample-api-67b9868b9c-nzkbb           1m     13Mi   
2026-05-08T13:36:18.9717372+08:00	prometheus-86b6ff97dc-txzfg           5m     36Mi   
2026-05-08T13:36:18.9717372+08:00	prometheus-adapter-7d7697f86c-szs26   4m     28Mi   
2026-05-08T13:36:18.9717372+08:00	sample-api-67b9868b9c-dvpx2           1m     11Mi   
2026-05-08T13:36:18.9717372+08:00	sample-api-67b9868b9c-fq8k4           168m   14Mi   
2026-05-08T13:36:18.9717372+08:00	sample-api-67b9868b9c-lhbdn           1m     13Mi   
2026-05-08T13:36:18.9717372+08:00	sample-api-67b9868b9c-mkrjc           1m     15Mi   
2026-05-08T13:36:18.9717372+08:00	sample-api-67b9868b9c-nzkbb           1m     13Mi   
2026-05-08T13:36:29.2620293+08:00	prometheus-86b6ff97dc-txzfg           2m     36Mi   
2026-05-08T13:36:29.2620293+08:00	prometheus-adapter-7d7697f86c-szs26   8m     27Mi   
2026-05-08T13:36:29.2620293+08:00	sample-api-67b9868b9c-dvpx2           1m     11Mi   
2026-05-08T13:36:29.2620293+08:00	sample-api-67b9868b9c-fq8k4           165m   13Mi   
2026-05-08T13:36:29.2620293+08:00	sample-api-67b9868b9c-lhbdn           1m     13Mi   
2026-05-08T13:36:29.2620293+08:00	sample-api-67b9868b9c-mkrjc           1m     15Mi   
2026-05-08T13:36:29.2620293+08:00	sample-api-67b9868b9c-nzkbb           1m     13Mi   
2026-05-08T13:36:39.4662686+08:00	prometheus-86b6ff97dc-txzfg           2m     36Mi   
2026-05-08T13:36:39.4662686+08:00	prometheus-adapter-7d7697f86c-szs26   8m     27Mi   
2026-05-08T13:36:39.4662686+08:00	sample-api-67b9868b9c-dvpx2           1m     11Mi   
2026-05-08T13:36:39.4662686+08:00	sample-api-67b9868b9c-fq8k4           165m   13Mi   
2026-05-08T13:36:39.4662686+08:00	sample-api-67b9868b9c-lhbdn           1m     13Mi   
2026-05-08T13:36:39.4662686+08:00	sample-api-67b9868b9c-mkrjc           1m     15Mi   
2026-05-08T13:36:39.4662686+08:00	sample-api-67b9868b9c-nzkbb           1m     13Mi   
2026-05-08T13:36:49.6671209+08:00	prometheus-86b6ff97dc-txzfg           2m     36Mi   
2026-05-08T13:36:49.6671209+08:00	prometheus-adapter-7d7697f86c-szs26   3m     27Mi   
2026-05-08T13:36:49.6671209+08:00	sample-api-67b9868b9c-dvpx2           1m     11Mi   
2026-05-08T13:36:49.6671209+08:00	sample-api-67b9868b9c-fq8k4           172m   14Mi   
2026-05-08T13:36:49.6671209+08:00	sample-api-67b9868b9c-lhbdn           1m     13Mi   
2026-05-08T13:36:49.6671209+08:00	sample-api-67b9868b9c-mkrjc           1m     15Mi   
2026-05-08T13:36:49.6671209+08:00	sample-api-67b9868b9c-nzkbb           1m     13Mi   
2026-05-08T13:37:00.0633279+08:00	prometheus-86b6ff97dc-txzfg           2m     36Mi   
2026-05-08T13:37:00.0633279+08:00	prometheus-adapter-7d7697f86c-szs26   3m     27Mi   
2026-05-08T13:37:00.0633279+08:00	sample-api-67b9868b9c-dvpx2           1m     11Mi   
2026-05-08T13:37:00.0633279+08:00	sample-api-67b9868b9c-fq8k4           176m   13Mi   
2026-05-08T13:37:00.0633279+08:00	sample-api-67b9868b9c-lhbdn           1m     13Mi   
2026-05-08T13:37:00.0633279+08:00	sample-api-67b9868b9c-mkrjc           1m     15Mi   
2026-05-08T13:37:00.0633279+08:00	sample-api-67b9868b9c-nzkbb           1m     13Mi   
2026-05-08T13:37:10.3645338+08:00	prometheus-86b6ff97dc-txzfg           2m     36Mi   
2026-05-08T13:37:10.3645338+08:00	prometheus-adapter-7d7697f86c-szs26   3m     27Mi   
2026-05-08T13:37:10.3645338+08:00	sample-api-67b9868b9c-dvpx2           1m     11Mi   
2026-05-08T13:37:10.3645338+08:00	sample-api-67b9868b9c-fq8k4           176m   13Mi   
2026-05-08T13:37:10.3645338+08:00	sample-api-67b9868b9c-lhbdn           1m     13Mi   
2026-05-08T13:37:10.3645338+08:00	sample-api-67b9868b9c-mkrjc           1m     15Mi   
2026-05-08T13:37:10.3645338+08:00	sample-api-67b9868b9c-nzkbb           1m     13Mi   
2026-05-08T13:37:20.5664802+08:00	prometheus-86b6ff97dc-txzfg           2m     36Mi   
2026-05-08T13:37:20.5664802+08:00	prometheus-adapter-7d7697f86c-szs26   3m     27Mi   
2026-05-08T13:37:20.5664802+08:00	sample-api-67b9868b9c-dvpx2           1m     11Mi   
2026-05-08T13:37:20.5664802+08:00	sample-api-67b9868b9c-fq8k4           180m   14Mi   
2026-05-08T13:37:20.5664802+08:00	sample-api-67b9868b9c-lhbdn           1m     13Mi   
2026-05-08T13:37:20.5664802+08:00	sample-api-67b9868b9c-mkrjc           1m     15Mi   
2026-05-08T13:37:20.5664802+08:00	sample-api-67b9868b9c-nzkbb           1m     13Mi   
2026-05-08T13:37:30.7594170+08:00	prometheus-86b6ff97dc-txzfg           2m     36Mi   
2026-05-08T13:37:30.7594170+08:00	prometheus-adapter-7d7697f86c-szs26   3m     27Mi   
2026-05-08T13:37:30.7594170+08:00	sample-api-67b9868b9c-dvpx2           1m     11Mi   
2026-05-08T13:37:30.7594170+08:00	sample-api-67b9868b9c-fq8k4           173m   13Mi   
2026-05-08T13:37:30.7594170+08:00	sample-api-67b9868b9c-lhbdn           1m     13Mi   
2026-05-08T13:37:30.7594170+08:00	sample-api-67b9868b9c-mkrjc           1m     15Mi   
2026-05-08T13:37:30.7594170+08:00	sample-api-67b9868b9c-nzkbb           1m     13Mi   
2026-05-08T13:37:40.9641544+08:00	prometheus-86b6ff97dc-txzfg           2m     36Mi   
2026-05-08T13:37:40.9641544+08:00	prometheus-adapter-7d7697f86c-szs26   3m     27Mi   
2026-05-08T13:37:40.9641544+08:00	sample-api-67b9868b9c-dvpx2           1m     11Mi   
2026-05-08T13:37:40.9641544+08:00	sample-api-67b9868b9c-fq8k4           173m   13Mi   
2026-05-08T13:37:40.9641544+08:00	sample-api-67b9868b9c-lhbdn           1m     13Mi   
2026-05-08T13:37:40.9641544+08:00	sample-api-67b9868b9c-mkrjc           1m     15Mi   
2026-05-08T13:37:40.9641544+08:00	sample-api-67b9868b9c-nzkbb           1m     13Mi   
2026-05-08T13:37:51.1738716+08:00	prometheus-86b6ff97dc-txzfg           4m     36Mi   
2026-05-08T13:37:51.1738716+08:00	prometheus-adapter-7d7697f86c-szs26   3m     27Mi   
2026-05-08T13:37:51.1738716+08:00	sample-api-67b9868b9c-dvpx2           1m     11Mi   
2026-05-08T13:37:51.1738716+08:00	sample-api-67b9868b9c-fq8k4           171m   13Mi   
2026-05-08T13:37:51.1738716+08:00	sample-api-67b9868b9c-lhbdn           1m     13Mi   
2026-05-08T13:37:51.1738716+08:00	sample-api-67b9868b9c-mkrjc           1m     15Mi   
2026-05-08T13:37:51.1738716+08:00	sample-api-67b9868b9c-nzkbb           1m     13Mi   
2026-05-08T13:38:01.4619783+08:00	prometheus-86b6ff97dc-txzfg           2m     36Mi   
2026-05-08T13:38:01.4619783+08:00	prometheus-adapter-7d7697f86c-szs26   3m     27Mi   
2026-05-08T13:38:01.4619783+08:00	sample-api-67b9868b9c-dvpx2           1m     11Mi   
2026-05-08T13:38:01.4619783+08:00	sample-api-67b9868b9c-fq8k4           172m   13Mi   
2026-05-08T13:38:01.4619783+08:00	sample-api-67b9868b9c-lhbdn           1m     13Mi   
2026-05-08T13:38:01.4619783+08:00	sample-api-67b9868b9c-mkrjc           1m     15Mi   
2026-05-08T13:38:01.4619783+08:00	sample-api-67b9868b9c-nzkbb           1m     13Mi   
2026-05-08T13:38:11.6741054+08:00	prometheus-86b6ff97dc-txzfg           2m     36Mi   
2026-05-08T13:38:11.6741054+08:00	prometheus-adapter-7d7697f86c-szs26   3m     27Mi   
2026-05-08T13:38:11.6741054+08:00	sample-api-67b9868b9c-dvpx2           1m     11Mi   
2026-05-08T13:38:11.6741054+08:00	sample-api-67b9868b9c-fq8k4           172m   13Mi   
2026-05-08T13:38:11.6741054+08:00	sample-api-67b9868b9c-lhbdn           1m     13Mi   
2026-05-08T13:38:11.6741054+08:00	sample-api-67b9868b9c-mkrjc           1m     15Mi   
2026-05-08T13:38:11.6741054+08:00	sample-api-67b9868b9c-nzkbb           1m     13Mi   
2026-05-08T13:38:23.3657374+08:00	prometheus-86b6ff97dc-txzfg           13m    36Mi   
2026-05-08T13:38:23.3657374+08:00	prometheus-adapter-7d7697f86c-szs26   4m     27Mi   
2026-05-08T13:38:23.3657374+08:00	sample-api-67b9868b9c-dvpx2           1m     11Mi   
2026-05-08T13:38:23.3657374+08:00	sample-api-67b9868b9c-fq8k4           158m   13Mi   
2026-05-08T13:38:23.3657374+08:00	sample-api-67b9868b9c-lhbdn           1m     13Mi   
2026-05-08T13:38:23.3657374+08:00	sample-api-67b9868b9c-mkrjc           1m     15Mi   
2026-05-08T13:38:23.3657374+08:00	sample-api-67b9868b9c-nzkbb           1m     13Mi   
2026-05-08T13:38:33.7684324+08:00	prometheus-86b6ff97dc-txzfg           2m     36Mi   
2026-05-08T13:38:33.7684324+08:00	prometheus-adapter-7d7697f86c-szs26   3m     27Mi   
2026-05-08T13:38:33.7684324+08:00	sample-api-67b9868b9c-dvpx2           1m     11Mi   
2026-05-08T13:38:33.7684324+08:00	sample-api-67b9868b9c-fq8k4           169m   14Mi   
2026-05-08T13:38:33.7684324+08:00	sample-api-67b9868b9c-lhbdn           1m     13Mi   
2026-05-08T13:38:33.7684324+08:00	sample-api-67b9868b9c-mkrjc           1m     15Mi   
2026-05-08T13:38:33.7684324+08:00	sample-api-67b9868b9c-nzkbb           1m     13Mi   
2026-05-08T13:38:44.0614865+08:00	prometheus-86b6ff97dc-txzfg           2m     36Mi   
2026-05-08T13:38:44.0614865+08:00	prometheus-adapter-7d7697f86c-szs26   4m     27Mi   
2026-05-08T13:38:44.0614865+08:00	sample-api-67b9868b9c-dvpx2           1m     11Mi   
2026-05-08T13:38:44.0614865+08:00	sample-api-67b9868b9c-fq8k4           165m   14Mi   
2026-05-08T13:38:44.0614865+08:00	sample-api-67b9868b9c-lhbdn           2m     13Mi   
2026-05-08T13:38:44.0614865+08:00	sample-api-67b9868b9c-mkrjc           1m     15Mi   
2026-05-08T13:38:44.0614865+08:00	sample-api-67b9868b9c-nzkbb           1m     13Mi   
2026-05-08T13:38:54.8314171+08:00	prometheus-86b6ff97dc-txzfg           2m     36Mi   
2026-05-08T13:38:54.8314171+08:00	prometheus-adapter-7d7697f86c-szs26   4m     27Mi   
2026-05-08T13:38:54.8314171+08:00	sample-api-67b9868b9c-dvpx2           1m     11Mi   
2026-05-08T13:38:54.8314171+08:00	sample-api-67b9868b9c-fq8k4           165m   14Mi   
2026-05-08T13:38:54.8314171+08:00	sample-api-67b9868b9c-lhbdn           2m     13Mi   
2026-05-08T13:38:54.8314171+08:00	sample-api-67b9868b9c-mkrjc           1m     15Mi   
2026-05-08T13:38:54.8314171+08:00	sample-api-67b9868b9c-nzkbb           1m     13Mi   
2026-05-08T13:39:05.0612831+08:00	prometheus-86b6ff97dc-txzfg           4m     36Mi   
2026-05-08T13:39:05.0612831+08:00	prometheus-adapter-7d7697f86c-szs26   4m     27Mi   
2026-05-08T13:39:05.0612831+08:00	sample-api-67b9868b9c-dvpx2           1m     11Mi   
2026-05-08T13:39:05.0612831+08:00	sample-api-67b9868b9c-fq8k4           167m   14Mi   
2026-05-08T13:39:05.0612831+08:00	sample-api-67b9868b9c-lhbdn           2m     13Mi   
2026-05-08T13:39:05.0612831+08:00	sample-api-67b9868b9c-mkrjc           1m     15Mi   
2026-05-08T13:39:05.0612831+08:00	sample-api-67b9868b9c-nzkbb           1m     13Mi   
2026-05-08T13:39:15.1712003+08:00	prometheus-86b6ff97dc-txzfg           3m     36Mi   
2026-05-08T13:39:15.1712003+08:00	prometheus-adapter-7d7697f86c-szs26   3m     27Mi   
2026-05-08T13:39:15.1712003+08:00	sample-api-67b9868b9c-dvpx2           1m     11Mi   
2026-05-08T13:39:15.1712003+08:00	sample-api-67b9868b9c-fq8k4           175m   14Mi   
2026-05-08T13:39:15.1712003+08:00	sample-api-67b9868b9c-lhbdn           1m     13Mi   
2026-05-08T13:39:15.1712003+08:00	sample-api-67b9868b9c-mkrjc           1m     15Mi   
2026-05-08T13:39:15.1712003+08:00	sample-api-67b9868b9c-nzkbb           1m     13Mi   
2026-05-08T13:39:25.3691890+08:00	prometheus-86b6ff97dc-txzfg           3m     36Mi   
2026-05-08T13:39:25.3691890+08:00	prometheus-adapter-7d7697f86c-szs26   3m     27Mi   
2026-05-08T13:39:25.3691890+08:00	sample-api-67b9868b9c-dvpx2           1m     11Mi   
2026-05-08T13:39:25.3691890+08:00	sample-api-67b9868b9c-fq8k4           175m   14Mi   
2026-05-08T13:39:25.3691890+08:00	sample-api-67b9868b9c-lhbdn           1m     13Mi   
2026-05-08T13:39:25.3691890+08:00	sample-api-67b9868b9c-mkrjc           1m     15Mi   
2026-05-08T13:39:25.3691890+08:00	sample-api-67b9868b9c-nzkbb           1m     13Mi   
2026-05-08T13:39:35.5502397+08:00	prometheus-86b6ff97dc-txzfg           2m     36Mi   
2026-05-08T13:39:35.5502397+08:00	prometheus-adapter-7d7697f86c-szs26   3m     27Mi   
2026-05-08T13:39:35.5502397+08:00	sample-api-67b9868b9c-dvpx2           1m     11Mi   
2026-05-08T13:39:35.5502397+08:00	sample-api-67b9868b9c-fq8k4           165m   14Mi   
2026-05-08T13:39:35.5502397+08:00	sample-api-67b9868b9c-lhbdn           1m     13Mi   
2026-05-08T13:39:35.5502397+08:00	sample-api-67b9868b9c-mkrjc           1m     15Mi   
2026-05-08T13:39:35.5502397+08:00	sample-api-67b9868b9c-nzkbb           1m     13Mi   
2026-05-08T13:39:45.7581343+08:00	prometheus-86b6ff97dc-txzfg           2m     36Mi   
2026-05-08T13:39:45.7581343+08:00	prometheus-adapter-7d7697f86c-szs26   4m     27Mi   
2026-05-08T13:39:45.7581343+08:00	sample-api-67b9868b9c-dvpx2           1m     11Mi   
2026-05-08T13:39:45.7581343+08:00	sample-api-67b9868b9c-fq8k4           170m   14Mi   
2026-05-08T13:39:45.7581343+08:00	sample-api-67b9868b9c-lhbdn           1m     13Mi   
2026-05-08T13:39:45.7581343+08:00	sample-api-67b9868b9c-mkrjc           1m     15Mi   
2026-05-08T13:39:45.7581343+08:00	sample-api-67b9868b9c-nzkbb           1m     13Mi   
2026-05-08T13:39:55.9499859+08:00	prometheus-86b6ff97dc-txzfg           2m     36Mi   
2026-05-08T13:39:55.9499859+08:00	prometheus-adapter-7d7697f86c-szs26   4m     27Mi   
2026-05-08T13:39:55.9499859+08:00	sample-api-67b9868b9c-dvpx2           1m     11Mi   
2026-05-08T13:39:55.9499859+08:00	sample-api-67b9868b9c-fq8k4           170m   14Mi   
2026-05-08T13:39:55.9499859+08:00	sample-api-67b9868b9c-lhbdn           1m     13Mi   
2026-05-08T13:39:55.9499859+08:00	sample-api-67b9868b9c-mkrjc           1m     15Mi   
2026-05-08T13:39:55.9499859+08:00	sample-api-67b9868b9c-nzkbb           1m     13Mi   
2026-05-08T13:40:06.1571070+08:00	prometheus-86b6ff97dc-txzfg           3m     36Mi   
2026-05-08T13:40:06.1571070+08:00	prometheus-adapter-7d7697f86c-szs26   3m     27Mi   
2026-05-08T13:40:06.1571070+08:00	sample-api-67b9868b9c-dvpx2           1m     11Mi   
2026-05-08T13:40:06.1571070+08:00	sample-api-67b9868b9c-fq8k4           166m   14Mi   
2026-05-08T13:40:06.1571070+08:00	sample-api-67b9868b9c-lhbdn           1m     13Mi   
2026-05-08T13:40:06.1571070+08:00	sample-api-67b9868b9c-mkrjc           1m     15Mi   
2026-05-08T13:40:06.1571070+08:00	sample-api-67b9868b9c-nzkbb           2m     13Mi   
2026-05-08T13:40:16.4622146+08:00	prometheus-86b6ff97dc-txzfg           3m     36Mi   
2026-05-08T13:40:16.4622146+08:00	prometheus-adapter-7d7697f86c-szs26   7m     27Mi   
2026-05-08T13:40:16.4622146+08:00	sample-api-67b9868b9c-dvpx2           1m     11Mi   
2026-05-08T13:40:16.4622146+08:00	sample-api-67b9868b9c-fq8k4           169m   13Mi   
2026-05-08T13:40:16.4622146+08:00	sample-api-67b9868b9c-lhbdn           1m     13Mi   
2026-05-08T13:40:16.4622146+08:00	sample-api-67b9868b9c-mkrjc           1m     15Mi   
2026-05-08T13:40:16.4622146+08:00	sample-api-67b9868b9c-nzkbb           1m     13Mi   
2026-05-08T13:40:26.7674314+08:00	prometheus-86b6ff97dc-txzfg           3m     36Mi   
2026-05-08T13:40:26.7674314+08:00	prometheus-adapter-7d7697f86c-szs26   7m     27Mi   
2026-05-08T13:40:26.7674314+08:00	sample-api-67b9868b9c-dvpx2           1m     11Mi   
2026-05-08T13:40:26.7674314+08:00	sample-api-67b9868b9c-fq8k4           169m   13Mi   
2026-05-08T13:40:26.7674314+08:00	sample-api-67b9868b9c-lhbdn           1m     13Mi   
2026-05-08T13:40:26.7674314+08:00	sample-api-67b9868b9c-mkrjc           1m     15Mi   
2026-05-08T13:40:26.7674314+08:00	sample-api-67b9868b9c-nzkbb           1m     13Mi   
